ARM GAS  /tmp/ccDM5E0u.s 			page 1


   1              		.cpu cortex-m7
   2              		.arch armv7e-m
   3              		.fpu fpv5-d16
   4              		.eabi_attribute 28, 1
   5              		.eabi_attribute 20, 1
   6              		.eabi_attribute 21, 1
   7              		.eabi_attribute 23, 3
   8              		.eabi_attribute 24, 1
   9              		.eabi_attribute 25, 1
  10              		.eabi_attribute 26, 1
  11              		.eabi_attribute 30, 1
  12              		.eabi_attribute 34, 1
  13              		.eabi_attribute 18, 4
  14              		.file	"stm32h7xx_hal_pcd_ex.c"
  15              		.text
  16              	.Ltext0:
  17              		.cfi_sections	.debug_frame
  18              		.file 1 "Drivers/STM32H7xx_HAL_Driver/Src/stm32h7xx_hal_pcd_ex.c"
  19              		.section	.text.HAL_PCDEx_SetTxFiFo,"ax",%progbits
  20              		.align	1
  21              		.global	HAL_PCDEx_SetTxFiFo
  22              		.syntax unified
  23              		.thumb
  24              		.thumb_func
  26              	HAL_PCDEx_SetTxFiFo:
  27              	.LVL0:
  28              	.LFB146:
   1:Drivers/STM32H7xx_HAL_Driver/Src/stm32h7xx_hal_pcd_ex.c **** /**
   2:Drivers/STM32H7xx_HAL_Driver/Src/stm32h7xx_hal_pcd_ex.c ****   ******************************************************************************
   3:Drivers/STM32H7xx_HAL_Driver/Src/stm32h7xx_hal_pcd_ex.c ****   * @file    stm32h7xx_hal_pcd_ex.c
   4:Drivers/STM32H7xx_HAL_Driver/Src/stm32h7xx_hal_pcd_ex.c ****   * @author  MCD Application Team
   5:Drivers/STM32H7xx_HAL_Driver/Src/stm32h7xx_hal_pcd_ex.c ****   * @brief   PCD Extended HAL module driver.
   6:Drivers/STM32H7xx_HAL_Driver/Src/stm32h7xx_hal_pcd_ex.c ****   *          This file provides firmware functions to manage the following
   7:Drivers/STM32H7xx_HAL_Driver/Src/stm32h7xx_hal_pcd_ex.c ****   *          functionalities of the USB Peripheral Controller:
   8:Drivers/STM32H7xx_HAL_Driver/Src/stm32h7xx_hal_pcd_ex.c ****   *           + Extended features functions
   9:Drivers/STM32H7xx_HAL_Driver/Src/stm32h7xx_hal_pcd_ex.c ****   *
  10:Drivers/STM32H7xx_HAL_Driver/Src/stm32h7xx_hal_pcd_ex.c ****   ******************************************************************************
  11:Drivers/STM32H7xx_HAL_Driver/Src/stm32h7xx_hal_pcd_ex.c ****   * @attention
  12:Drivers/STM32H7xx_HAL_Driver/Src/stm32h7xx_hal_pcd_ex.c ****   *
  13:Drivers/STM32H7xx_HAL_Driver/Src/stm32h7xx_hal_pcd_ex.c ****   * Copyright (c) 2017 STMicroelectronics.
  14:Drivers/STM32H7xx_HAL_Driver/Src/stm32h7xx_hal_pcd_ex.c ****   * All rights reserved.
  15:Drivers/STM32H7xx_HAL_Driver/Src/stm32h7xx_hal_pcd_ex.c ****   *
  16:Drivers/STM32H7xx_HAL_Driver/Src/stm32h7xx_hal_pcd_ex.c ****   * This software is licensed under terms that can be found in the LICENSE file
  17:Drivers/STM32H7xx_HAL_Driver/Src/stm32h7xx_hal_pcd_ex.c ****   * in the root directory of this software component.
  18:Drivers/STM32H7xx_HAL_Driver/Src/stm32h7xx_hal_pcd_ex.c ****   * If no LICENSE file comes with this software, it is provided AS-IS.
  19:Drivers/STM32H7xx_HAL_Driver/Src/stm32h7xx_hal_pcd_ex.c ****   *
  20:Drivers/STM32H7xx_HAL_Driver/Src/stm32h7xx_hal_pcd_ex.c ****   ******************************************************************************
  21:Drivers/STM32H7xx_HAL_Driver/Src/stm32h7xx_hal_pcd_ex.c ****   */
  22:Drivers/STM32H7xx_HAL_Driver/Src/stm32h7xx_hal_pcd_ex.c **** 
  23:Drivers/STM32H7xx_HAL_Driver/Src/stm32h7xx_hal_pcd_ex.c **** /* Includes ------------------------------------------------------------------*/
  24:Drivers/STM32H7xx_HAL_Driver/Src/stm32h7xx_hal_pcd_ex.c **** #include "stm32h7xx_hal.h"
  25:Drivers/STM32H7xx_HAL_Driver/Src/stm32h7xx_hal_pcd_ex.c **** 
  26:Drivers/STM32H7xx_HAL_Driver/Src/stm32h7xx_hal_pcd_ex.c **** /** @addtogroup STM32H7xx_HAL_Driver
  27:Drivers/STM32H7xx_HAL_Driver/Src/stm32h7xx_hal_pcd_ex.c ****   * @{
  28:Drivers/STM32H7xx_HAL_Driver/Src/stm32h7xx_hal_pcd_ex.c ****   */
  29:Drivers/STM32H7xx_HAL_Driver/Src/stm32h7xx_hal_pcd_ex.c **** 
  30:Drivers/STM32H7xx_HAL_Driver/Src/stm32h7xx_hal_pcd_ex.c **** /** @defgroup PCDEx PCDEx
ARM GAS  /tmp/ccDM5E0u.s 			page 2


  31:Drivers/STM32H7xx_HAL_Driver/Src/stm32h7xx_hal_pcd_ex.c ****   * @brief PCD Extended HAL module driver
  32:Drivers/STM32H7xx_HAL_Driver/Src/stm32h7xx_hal_pcd_ex.c ****   * @{
  33:Drivers/STM32H7xx_HAL_Driver/Src/stm32h7xx_hal_pcd_ex.c ****   */
  34:Drivers/STM32H7xx_HAL_Driver/Src/stm32h7xx_hal_pcd_ex.c **** 
  35:Drivers/STM32H7xx_HAL_Driver/Src/stm32h7xx_hal_pcd_ex.c **** #ifdef HAL_PCD_MODULE_ENABLED
  36:Drivers/STM32H7xx_HAL_Driver/Src/stm32h7xx_hal_pcd_ex.c **** 
  37:Drivers/STM32H7xx_HAL_Driver/Src/stm32h7xx_hal_pcd_ex.c **** #if defined (USB_OTG_FS) || defined (USB_OTG_HS)
  38:Drivers/STM32H7xx_HAL_Driver/Src/stm32h7xx_hal_pcd_ex.c **** /* Private types -------------------------------------------------------------*/
  39:Drivers/STM32H7xx_HAL_Driver/Src/stm32h7xx_hal_pcd_ex.c **** /* Private variables ---------------------------------------------------------*/
  40:Drivers/STM32H7xx_HAL_Driver/Src/stm32h7xx_hal_pcd_ex.c **** /* Private constants ---------------------------------------------------------*/
  41:Drivers/STM32H7xx_HAL_Driver/Src/stm32h7xx_hal_pcd_ex.c **** /* Private macros ------------------------------------------------------------*/
  42:Drivers/STM32H7xx_HAL_Driver/Src/stm32h7xx_hal_pcd_ex.c **** /* Private functions ---------------------------------------------------------*/
  43:Drivers/STM32H7xx_HAL_Driver/Src/stm32h7xx_hal_pcd_ex.c **** /* Exported functions --------------------------------------------------------*/
  44:Drivers/STM32H7xx_HAL_Driver/Src/stm32h7xx_hal_pcd_ex.c **** 
  45:Drivers/STM32H7xx_HAL_Driver/Src/stm32h7xx_hal_pcd_ex.c **** /** @defgroup PCDEx_Exported_Functions PCDEx Exported Functions
  46:Drivers/STM32H7xx_HAL_Driver/Src/stm32h7xx_hal_pcd_ex.c ****   * @{
  47:Drivers/STM32H7xx_HAL_Driver/Src/stm32h7xx_hal_pcd_ex.c ****   */
  48:Drivers/STM32H7xx_HAL_Driver/Src/stm32h7xx_hal_pcd_ex.c **** 
  49:Drivers/STM32H7xx_HAL_Driver/Src/stm32h7xx_hal_pcd_ex.c **** /** @defgroup PCDEx_Exported_Functions_Group1 Peripheral Control functions
  50:Drivers/STM32H7xx_HAL_Driver/Src/stm32h7xx_hal_pcd_ex.c ****   * @brief    PCDEx control functions
  51:Drivers/STM32H7xx_HAL_Driver/Src/stm32h7xx_hal_pcd_ex.c ****   *
  52:Drivers/STM32H7xx_HAL_Driver/Src/stm32h7xx_hal_pcd_ex.c **** @verbatim
  53:Drivers/STM32H7xx_HAL_Driver/Src/stm32h7xx_hal_pcd_ex.c ****  ===============================================================================
  54:Drivers/STM32H7xx_HAL_Driver/Src/stm32h7xx_hal_pcd_ex.c ****                  ##### Extended features functions #####
  55:Drivers/STM32H7xx_HAL_Driver/Src/stm32h7xx_hal_pcd_ex.c ****  ===============================================================================
  56:Drivers/STM32H7xx_HAL_Driver/Src/stm32h7xx_hal_pcd_ex.c ****     [..]  This section provides functions allowing to:
  57:Drivers/STM32H7xx_HAL_Driver/Src/stm32h7xx_hal_pcd_ex.c ****       (+) Update FIFO configuration
  58:Drivers/STM32H7xx_HAL_Driver/Src/stm32h7xx_hal_pcd_ex.c **** 
  59:Drivers/STM32H7xx_HAL_Driver/Src/stm32h7xx_hal_pcd_ex.c **** @endverbatim
  60:Drivers/STM32H7xx_HAL_Driver/Src/stm32h7xx_hal_pcd_ex.c ****   * @{
  61:Drivers/STM32H7xx_HAL_Driver/Src/stm32h7xx_hal_pcd_ex.c ****   */
  62:Drivers/STM32H7xx_HAL_Driver/Src/stm32h7xx_hal_pcd_ex.c **** #if defined (USB_OTG_FS) || defined (USB_OTG_HS)
  63:Drivers/STM32H7xx_HAL_Driver/Src/stm32h7xx_hal_pcd_ex.c **** /**
  64:Drivers/STM32H7xx_HAL_Driver/Src/stm32h7xx_hal_pcd_ex.c ****   * @brief  Set Tx FIFO
  65:Drivers/STM32H7xx_HAL_Driver/Src/stm32h7xx_hal_pcd_ex.c ****   * @param  hpcd PCD handle
  66:Drivers/STM32H7xx_HAL_Driver/Src/stm32h7xx_hal_pcd_ex.c ****   * @param  fifo The number of Tx fifo
  67:Drivers/STM32H7xx_HAL_Driver/Src/stm32h7xx_hal_pcd_ex.c ****   * @param  size Fifo size
  68:Drivers/STM32H7xx_HAL_Driver/Src/stm32h7xx_hal_pcd_ex.c ****   * @retval HAL status
  69:Drivers/STM32H7xx_HAL_Driver/Src/stm32h7xx_hal_pcd_ex.c ****   */
  70:Drivers/STM32H7xx_HAL_Driver/Src/stm32h7xx_hal_pcd_ex.c **** HAL_StatusTypeDef HAL_PCDEx_SetTxFiFo(PCD_HandleTypeDef *hpcd, uint8_t fifo, uint16_t size)
  71:Drivers/STM32H7xx_HAL_Driver/Src/stm32h7xx_hal_pcd_ex.c **** {
  29              		.loc 1 71 1 view -0
  30              		.cfi_startproc
  31              		@ args = 0, pretend = 0, frame = 0
  32              		@ frame_needed = 0, uses_anonymous_args = 0
  33              		.loc 1 71 1 is_stmt 0 view .LVU1
  34 0000 00B5     		push	{lr}
  35              	.LCFI0:
  36              		.cfi_def_cfa_offset 4
  37              		.cfi_offset 14, -4
  38 0002 9646     		mov	lr, r2
  72:Drivers/STM32H7xx_HAL_Driver/Src/stm32h7xx_hal_pcd_ex.c ****   uint8_t i;
  39              		.loc 1 72 3 is_stmt 1 view .LVU2
  73:Drivers/STM32H7xx_HAL_Driver/Src/stm32h7xx_hal_pcd_ex.c ****   uint32_t Tx_Offset;
  40              		.loc 1 73 3 view .LVU3
  74:Drivers/STM32H7xx_HAL_Driver/Src/stm32h7xx_hal_pcd_ex.c **** 
  75:Drivers/STM32H7xx_HAL_Driver/Src/stm32h7xx_hal_pcd_ex.c ****   /*  TXn min size = 16 words. (n  : Transmit FIFO index)
ARM GAS  /tmp/ccDM5E0u.s 			page 3


  76:Drivers/STM32H7xx_HAL_Driver/Src/stm32h7xx_hal_pcd_ex.c ****       When a TxFIFO is not used, the Configuration should be as follows:
  77:Drivers/STM32H7xx_HAL_Driver/Src/stm32h7xx_hal_pcd_ex.c ****           case 1 :  n > m    and Txn is not used    (n,m  : Transmit FIFO indexes)
  78:Drivers/STM32H7xx_HAL_Driver/Src/stm32h7xx_hal_pcd_ex.c ****          --> Txm can use the space allocated for Txn.
  79:Drivers/STM32H7xx_HAL_Driver/Src/stm32h7xx_hal_pcd_ex.c ****          case2  :  n < m    and Txn is not used    (n,m  : Transmit FIFO indexes)
  80:Drivers/STM32H7xx_HAL_Driver/Src/stm32h7xx_hal_pcd_ex.c ****          --> Txn should be configured with the minimum space of 16 words
  81:Drivers/STM32H7xx_HAL_Driver/Src/stm32h7xx_hal_pcd_ex.c ****      The FIFO is used optimally when used TxFIFOs are allocated in the top
  82:Drivers/STM32H7xx_HAL_Driver/Src/stm32h7xx_hal_pcd_ex.c ****          of the FIFO.Ex: use EP1 and EP2 as IN instead of EP1 and EP3 as IN ones.
  83:Drivers/STM32H7xx_HAL_Driver/Src/stm32h7xx_hal_pcd_ex.c ****      When DMA is used 3n * FIFO locations should be reserved for internal DMA registers */
  84:Drivers/STM32H7xx_HAL_Driver/Src/stm32h7xx_hal_pcd_ex.c **** 
  85:Drivers/STM32H7xx_HAL_Driver/Src/stm32h7xx_hal_pcd_ex.c ****   Tx_Offset = hpcd->Instance->GRXFSIZ;
  41              		.loc 1 85 3 view .LVU4
  42              		.loc 1 85 19 is_stmt 0 view .LVU5
  43 0004 0268     		ldr	r2, [r0]
  44              	.LVL1:
  45              		.loc 1 85 13 view .LVU6
  46 0006 506A     		ldr	r0, [r2, #36]
  47              	.LVL2:
  86:Drivers/STM32H7xx_HAL_Driver/Src/stm32h7xx_hal_pcd_ex.c **** 
  87:Drivers/STM32H7xx_HAL_Driver/Src/stm32h7xx_hal_pcd_ex.c ****   if (fifo == 0U)
  48              		.loc 1 87 3 is_stmt 1 view .LVU7
  49              		.loc 1 87 6 is_stmt 0 view .LVU8
  50 0008 21B9     		cbnz	r1, .L2
  88:Drivers/STM32H7xx_HAL_Driver/Src/stm32h7xx_hal_pcd_ex.c ****   {
  89:Drivers/STM32H7xx_HAL_Driver/Src/stm32h7xx_hal_pcd_ex.c ****     hpcd->Instance->DIEPTXF0_HNPTXFSIZ = ((uint32_t)size << 16) | Tx_Offset;
  51              		.loc 1 89 5 is_stmt 1 view .LVU9
  52              		.loc 1 89 65 is_stmt 0 view .LVU10
  53 000a 40EA0E40 		orr	r0, r0, lr, lsl #16
  54              	.LVL3:
  55              		.loc 1 89 40 view .LVU11
  56 000e 9062     		str	r0, [r2, #40]
  57              	.LVL4:
  58              	.L3:
  90:Drivers/STM32H7xx_HAL_Driver/Src/stm32h7xx_hal_pcd_ex.c ****   }
  91:Drivers/STM32H7xx_HAL_Driver/Src/stm32h7xx_hal_pcd_ex.c ****   else
  92:Drivers/STM32H7xx_HAL_Driver/Src/stm32h7xx_hal_pcd_ex.c ****   {
  93:Drivers/STM32H7xx_HAL_Driver/Src/stm32h7xx_hal_pcd_ex.c ****     Tx_Offset += (hpcd->Instance->DIEPTXF0_HNPTXFSIZ) >> 16;
  94:Drivers/STM32H7xx_HAL_Driver/Src/stm32h7xx_hal_pcd_ex.c ****     for (i = 0U; i < (fifo - 1U); i++)
  95:Drivers/STM32H7xx_HAL_Driver/Src/stm32h7xx_hal_pcd_ex.c ****     {
  96:Drivers/STM32H7xx_HAL_Driver/Src/stm32h7xx_hal_pcd_ex.c ****       Tx_Offset += (hpcd->Instance->DIEPTXF[i] >> 16);
  97:Drivers/STM32H7xx_HAL_Driver/Src/stm32h7xx_hal_pcd_ex.c ****     }
  98:Drivers/STM32H7xx_HAL_Driver/Src/stm32h7xx_hal_pcd_ex.c **** 
  99:Drivers/STM32H7xx_HAL_Driver/Src/stm32h7xx_hal_pcd_ex.c ****     /* Multiply Tx_Size by 2 to get higher performance */
 100:Drivers/STM32H7xx_HAL_Driver/Src/stm32h7xx_hal_pcd_ex.c ****     hpcd->Instance->DIEPTXF[fifo - 1U] = ((uint32_t)size << 16) | Tx_Offset;
 101:Drivers/STM32H7xx_HAL_Driver/Src/stm32h7xx_hal_pcd_ex.c ****   }
 102:Drivers/STM32H7xx_HAL_Driver/Src/stm32h7xx_hal_pcd_ex.c **** 
 103:Drivers/STM32H7xx_HAL_Driver/Src/stm32h7xx_hal_pcd_ex.c ****   return HAL_OK;
  59              		.loc 1 103 3 is_stmt 1 view .LVU12
 104:Drivers/STM32H7xx_HAL_Driver/Src/stm32h7xx_hal_pcd_ex.c **** }
  60              		.loc 1 104 1 is_stmt 0 view .LVU13
  61 0010 0020     		movs	r0, #0
  62 0012 00BD     		pop	{pc}
  63              	.LVL5:
  64              	.L2:
  65              		.loc 1 104 1 view .LVU14
  66 0014 8C46     		mov	ip, r1
  93:Drivers/STM32H7xx_HAL_Driver/Src/stm32h7xx_hal_pcd_ex.c ****     for (i = 0U; i < (fifo - 1U); i++)
  67              		.loc 1 93 5 is_stmt 1 view .LVU15
ARM GAS  /tmp/ccDM5E0u.s 			page 4


  93:Drivers/STM32H7xx_HAL_Driver/Src/stm32h7xx_hal_pcd_ex.c ****     for (i = 0U; i < (fifo - 1U); i++)
  68              		.loc 1 93 33 is_stmt 0 view .LVU16
  69 0016 936A     		ldr	r3, [r2, #40]
  93:Drivers/STM32H7xx_HAL_Driver/Src/stm32h7xx_hal_pcd_ex.c ****     for (i = 0U; i < (fifo - 1U); i++)
  70              		.loc 1 93 15 view .LVU17
  71 0018 00EB1340 		add	r0, r0, r3, lsr #16
  72              	.LVL6:
  94:Drivers/STM32H7xx_HAL_Driver/Src/stm32h7xx_hal_pcd_ex.c ****     {
  73              		.loc 1 94 5 is_stmt 1 view .LVU18
  94:Drivers/STM32H7xx_HAL_Driver/Src/stm32h7xx_hal_pcd_ex.c ****     {
  74              		.loc 1 94 12 is_stmt 0 view .LVU19
  75 001c 0023     		movs	r3, #0
  94:Drivers/STM32H7xx_HAL_Driver/Src/stm32h7xx_hal_pcd_ex.c ****     {
  76              		.loc 1 94 5 view .LVU20
  77 001e 08E0     		b	.L4
  78              	.LVL7:
  79              	.L5:
  96:Drivers/STM32H7xx_HAL_Driver/Src/stm32h7xx_hal_pcd_ex.c ****     }
  80              		.loc 1 96 7 is_stmt 1 view .LVU21
  96:Drivers/STM32H7xx_HAL_Driver/Src/stm32h7xx_hal_pcd_ex.c ****     }
  81              		.loc 1 96 44 is_stmt 0 view .LVU22
  82 0020 03F14001 		add	r1, r3, #64
  83 0024 02EB8101 		add	r1, r2, r1, lsl #2
  84 0028 4968     		ldr	r1, [r1, #4]
  96:Drivers/STM32H7xx_HAL_Driver/Src/stm32h7xx_hal_pcd_ex.c ****     }
  85              		.loc 1 96 17 view .LVU23
  86 002a 00EB1140 		add	r0, r0, r1, lsr #16
  87              	.LVL8:
  94:Drivers/STM32H7xx_HAL_Driver/Src/stm32h7xx_hal_pcd_ex.c ****     {
  88              		.loc 1 94 36 is_stmt 1 discriminator 3 view .LVU24
  89 002e 0133     		adds	r3, r3, #1
  90              	.LVL9:
  94:Drivers/STM32H7xx_HAL_Driver/Src/stm32h7xx_hal_pcd_ex.c ****     {
  91              		.loc 1 94 36 is_stmt 0 discriminator 3 view .LVU25
  92 0030 DBB2     		uxtb	r3, r3
  93              	.LVL10:
  94              	.L4:
  94:Drivers/STM32H7xx_HAL_Driver/Src/stm32h7xx_hal_pcd_ex.c ****     {
  95              		.loc 1 94 20 is_stmt 1 discriminator 1 view .LVU26
  94:Drivers/STM32H7xx_HAL_Driver/Src/stm32h7xx_hal_pcd_ex.c ****     {
  96              		.loc 1 94 28 is_stmt 0 discriminator 1 view .LVU27
  97 0032 0CF1FF31 		add	r1, ip, #-1
  94:Drivers/STM32H7xx_HAL_Driver/Src/stm32h7xx_hal_pcd_ex.c ****     {
  98              		.loc 1 94 20 discriminator 1 view .LVU28
  99 0036 8B42     		cmp	r3, r1
 100 0038 F2D3     		bcc	.L5
 100:Drivers/STM32H7xx_HAL_Driver/Src/stm32h7xx_hal_pcd_ex.c ****   }
 101              		.loc 1 100 5 is_stmt 1 view .LVU29
 100:Drivers/STM32H7xx_HAL_Driver/Src/stm32h7xx_hal_pcd_ex.c ****   }
 102              		.loc 1 100 65 is_stmt 0 view .LVU30
 103 003a 40EA0E40 		orr	r0, r0, lr, lsl #16
 104              	.LVL11:
 100:Drivers/STM32H7xx_HAL_Driver/Src/stm32h7xx_hal_pcd_ex.c ****   }
 105              		.loc 1 100 40 view .LVU31
 106 003e 0CF13F01 		add	r1, ip, #63
 107 0042 02EB8102 		add	r2, r2, r1, lsl #2
 108 0046 5060     		str	r0, [r2, #4]
ARM GAS  /tmp/ccDM5E0u.s 			page 5


 109 0048 E2E7     		b	.L3
 110              		.cfi_endproc
 111              	.LFE146:
 113              		.section	.text.HAL_PCDEx_SetRxFiFo,"ax",%progbits
 114              		.align	1
 115              		.global	HAL_PCDEx_SetRxFiFo
 116              		.syntax unified
 117              		.thumb
 118              		.thumb_func
 120              	HAL_PCDEx_SetRxFiFo:
 121              	.LVL12:
 122              	.LFB147:
 105:Drivers/STM32H7xx_HAL_Driver/Src/stm32h7xx_hal_pcd_ex.c **** 
 106:Drivers/STM32H7xx_HAL_Driver/Src/stm32h7xx_hal_pcd_ex.c **** /**
 107:Drivers/STM32H7xx_HAL_Driver/Src/stm32h7xx_hal_pcd_ex.c ****   * @brief  Set Rx FIFO
 108:Drivers/STM32H7xx_HAL_Driver/Src/stm32h7xx_hal_pcd_ex.c ****   * @param  hpcd PCD handle
 109:Drivers/STM32H7xx_HAL_Driver/Src/stm32h7xx_hal_pcd_ex.c ****   * @param  size Size of Rx fifo
 110:Drivers/STM32H7xx_HAL_Driver/Src/stm32h7xx_hal_pcd_ex.c ****   * @retval HAL status
 111:Drivers/STM32H7xx_HAL_Driver/Src/stm32h7xx_hal_pcd_ex.c ****   */
 112:Drivers/STM32H7xx_HAL_Driver/Src/stm32h7xx_hal_pcd_ex.c **** HAL_StatusTypeDef HAL_PCDEx_SetRxFiFo(PCD_HandleTypeDef *hpcd, uint16_t size)
 113:Drivers/STM32H7xx_HAL_Driver/Src/stm32h7xx_hal_pcd_ex.c **** {
 123              		.loc 1 113 1 is_stmt 1 view -0
 124              		.cfi_startproc
 125              		@ args = 0, pretend = 0, frame = 0
 126              		@ frame_needed = 0, uses_anonymous_args = 0
 127              		@ link register save eliminated.
 114:Drivers/STM32H7xx_HAL_Driver/Src/stm32h7xx_hal_pcd_ex.c ****   hpcd->Instance->GRXFSIZ = size;
 128              		.loc 1 114 3 view .LVU33
 129              		.loc 1 114 7 is_stmt 0 view .LVU34
 130 0000 0368     		ldr	r3, [r0]
 131              		.loc 1 114 27 view .LVU35
 132 0002 5962     		str	r1, [r3, #36]
 115:Drivers/STM32H7xx_HAL_Driver/Src/stm32h7xx_hal_pcd_ex.c **** 
 116:Drivers/STM32H7xx_HAL_Driver/Src/stm32h7xx_hal_pcd_ex.c ****   return HAL_OK;
 133              		.loc 1 116 3 is_stmt 1 view .LVU36
 117:Drivers/STM32H7xx_HAL_Driver/Src/stm32h7xx_hal_pcd_ex.c **** }
 134              		.loc 1 117 1 is_stmt 0 view .LVU37
 135 0004 0020     		movs	r0, #0
 136              	.LVL13:
 137              		.loc 1 117 1 view .LVU38
 138 0006 7047     		bx	lr
 139              		.cfi_endproc
 140              	.LFE147:
 142              		.section	.text.HAL_PCDEx_ActivateLPM,"ax",%progbits
 143              		.align	1
 144              		.global	HAL_PCDEx_ActivateLPM
 145              		.syntax unified
 146              		.thumb
 147              		.thumb_func
 149              	HAL_PCDEx_ActivateLPM:
 150              	.LVL14:
 151              	.LFB148:
 118:Drivers/STM32H7xx_HAL_Driver/Src/stm32h7xx_hal_pcd_ex.c **** 
 119:Drivers/STM32H7xx_HAL_Driver/Src/stm32h7xx_hal_pcd_ex.c **** /**
 120:Drivers/STM32H7xx_HAL_Driver/Src/stm32h7xx_hal_pcd_ex.c ****   * @brief  Activate LPM feature.
 121:Drivers/STM32H7xx_HAL_Driver/Src/stm32h7xx_hal_pcd_ex.c ****   * @param  hpcd PCD handle
 122:Drivers/STM32H7xx_HAL_Driver/Src/stm32h7xx_hal_pcd_ex.c ****   * @retval HAL status
ARM GAS  /tmp/ccDM5E0u.s 			page 6


 123:Drivers/STM32H7xx_HAL_Driver/Src/stm32h7xx_hal_pcd_ex.c ****   */
 124:Drivers/STM32H7xx_HAL_Driver/Src/stm32h7xx_hal_pcd_ex.c **** HAL_StatusTypeDef HAL_PCDEx_ActivateLPM(PCD_HandleTypeDef *hpcd)
 125:Drivers/STM32H7xx_HAL_Driver/Src/stm32h7xx_hal_pcd_ex.c **** {
 152              		.loc 1 125 1 is_stmt 1 view -0
 153              		.cfi_startproc
 154              		@ args = 0, pretend = 0, frame = 0
 155              		@ frame_needed = 0, uses_anonymous_args = 0
 156              		@ link register save eliminated.
 157              		.loc 1 125 1 is_stmt 0 view .LVU40
 158 0000 0346     		mov	r3, r0
 126:Drivers/STM32H7xx_HAL_Driver/Src/stm32h7xx_hal_pcd_ex.c ****   USB_OTG_GlobalTypeDef *USBx = hpcd->Instance;
 159              		.loc 1 126 3 is_stmt 1 view .LVU41
 160              		.loc 1 126 26 is_stmt 0 view .LVU42
 161 0002 0268     		ldr	r2, [r0]
 162              	.LVL15:
 127:Drivers/STM32H7xx_HAL_Driver/Src/stm32h7xx_hal_pcd_ex.c **** 
 128:Drivers/STM32H7xx_HAL_Driver/Src/stm32h7xx_hal_pcd_ex.c ****   hpcd->lpm_active = 1U;
 163              		.loc 1 128 3 is_stmt 1 view .LVU43
 164              		.loc 1 128 20 is_stmt 0 view .LVU44
 165 0004 0121     		movs	r1, #1
 166 0006 C0F8D814 		str	r1, [r0, #1240]
 129:Drivers/STM32H7xx_HAL_Driver/Src/stm32h7xx_hal_pcd_ex.c ****   hpcd->LPM_State = LPM_L0;
 167              		.loc 1 129 3 is_stmt 1 view .LVU45
 168              		.loc 1 129 19 is_stmt 0 view .LVU46
 169 000a 0020     		movs	r0, #0
 170              	.LVL16:
 171              		.loc 1 129 19 view .LVU47
 172 000c 83F8CC04 		strb	r0, [r3, #1228]
 130:Drivers/STM32H7xx_HAL_Driver/Src/stm32h7xx_hal_pcd_ex.c ****   USBx->GINTMSK |= USB_OTG_GINTMSK_LPMINTM;
 173              		.loc 1 130 3 is_stmt 1 view .LVU48
 174              		.loc 1 130 7 is_stmt 0 view .LVU49
 175 0010 9369     		ldr	r3, [r2, #24]
 176              	.LVL17:
 177              		.loc 1 130 17 view .LVU50
 178 0012 43F00063 		orr	r3, r3, #134217728
 179 0016 9361     		str	r3, [r2, #24]
 131:Drivers/STM32H7xx_HAL_Driver/Src/stm32h7xx_hal_pcd_ex.c ****   USBx->GLPMCFG |= (USB_OTG_GLPMCFG_LPMEN | USB_OTG_GLPMCFG_LPMACK | USB_OTG_GLPMCFG_ENBESL);
 180              		.loc 1 131 3 is_stmt 1 view .LVU51
 181              		.loc 1 131 7 is_stmt 0 view .LVU52
 182 0018 516D     		ldr	r1, [r2, #84]
 183              		.loc 1 131 17 view .LVU53
 184 001a 024B     		ldr	r3, .L9
 185 001c 0B43     		orrs	r3, r3, r1
 186 001e 5365     		str	r3, [r2, #84]
 132:Drivers/STM32H7xx_HAL_Driver/Src/stm32h7xx_hal_pcd_ex.c **** 
 133:Drivers/STM32H7xx_HAL_Driver/Src/stm32h7xx_hal_pcd_ex.c ****   return HAL_OK;
 187              		.loc 1 133 3 is_stmt 1 view .LVU54
 134:Drivers/STM32H7xx_HAL_Driver/Src/stm32h7xx_hal_pcd_ex.c **** }
 188              		.loc 1 134 1 is_stmt 0 view .LVU55
 189 0020 7047     		bx	lr
 190              	.L10:
 191 0022 00BF     		.align	2
 192              	.L9:
 193 0024 03000010 		.word	268435459
 194              		.cfi_endproc
 195              	.LFE148:
 197              		.section	.text.HAL_PCDEx_DeActivateLPM,"ax",%progbits
ARM GAS  /tmp/ccDM5E0u.s 			page 7


 198              		.align	1
 199              		.global	HAL_PCDEx_DeActivateLPM
 200              		.syntax unified
 201              		.thumb
 202              		.thumb_func
 204              	HAL_PCDEx_DeActivateLPM:
 205              	.LVL18:
 206              	.LFB149:
 135:Drivers/STM32H7xx_HAL_Driver/Src/stm32h7xx_hal_pcd_ex.c **** 
 136:Drivers/STM32H7xx_HAL_Driver/Src/stm32h7xx_hal_pcd_ex.c **** /**
 137:Drivers/STM32H7xx_HAL_Driver/Src/stm32h7xx_hal_pcd_ex.c ****   * @brief  Deactivate LPM feature.
 138:Drivers/STM32H7xx_HAL_Driver/Src/stm32h7xx_hal_pcd_ex.c ****   * @param  hpcd PCD handle
 139:Drivers/STM32H7xx_HAL_Driver/Src/stm32h7xx_hal_pcd_ex.c ****   * @retval HAL status
 140:Drivers/STM32H7xx_HAL_Driver/Src/stm32h7xx_hal_pcd_ex.c ****   */
 141:Drivers/STM32H7xx_HAL_Driver/Src/stm32h7xx_hal_pcd_ex.c **** HAL_StatusTypeDef HAL_PCDEx_DeActivateLPM(PCD_HandleTypeDef *hpcd)
 142:Drivers/STM32H7xx_HAL_Driver/Src/stm32h7xx_hal_pcd_ex.c **** {
 207              		.loc 1 142 1 is_stmt 1 view -0
 208              		.cfi_startproc
 209              		@ args = 0, pretend = 0, frame = 0
 210              		@ frame_needed = 0, uses_anonymous_args = 0
 211              		@ link register save eliminated.
 212              		.loc 1 142 1 is_stmt 0 view .LVU57
 213 0000 0246     		mov	r2, r0
 143:Drivers/STM32H7xx_HAL_Driver/Src/stm32h7xx_hal_pcd_ex.c ****   USB_OTG_GlobalTypeDef *USBx = hpcd->Instance;
 214              		.loc 1 143 3 is_stmt 1 view .LVU58
 215              		.loc 1 143 26 is_stmt 0 view .LVU59
 216 0002 0368     		ldr	r3, [r0]
 217              	.LVL19:
 144:Drivers/STM32H7xx_HAL_Driver/Src/stm32h7xx_hal_pcd_ex.c **** 
 145:Drivers/STM32H7xx_HAL_Driver/Src/stm32h7xx_hal_pcd_ex.c ****   hpcd->lpm_active = 0U;
 218              		.loc 1 145 3 is_stmt 1 view .LVU60
 219              		.loc 1 145 20 is_stmt 0 view .LVU61
 220 0004 0020     		movs	r0, #0
 221              	.LVL20:
 222              		.loc 1 145 20 view .LVU62
 223 0006 C2F8D804 		str	r0, [r2, #1240]
 146:Drivers/STM32H7xx_HAL_Driver/Src/stm32h7xx_hal_pcd_ex.c ****   USBx->GINTMSK &= ~USB_OTG_GINTMSK_LPMINTM;
 224              		.loc 1 146 3 is_stmt 1 view .LVU63
 225              		.loc 1 146 7 is_stmt 0 view .LVU64
 226 000a 9A69     		ldr	r2, [r3, #24]
 227              	.LVL21:
 228              		.loc 1 146 17 view .LVU65
 229 000c 22F00062 		bic	r2, r2, #134217728
 230 0010 9A61     		str	r2, [r3, #24]
 147:Drivers/STM32H7xx_HAL_Driver/Src/stm32h7xx_hal_pcd_ex.c ****   USBx->GLPMCFG &= ~(USB_OTG_GLPMCFG_LPMEN | USB_OTG_GLPMCFG_LPMACK | USB_OTG_GLPMCFG_ENBESL);
 231              		.loc 1 147 3 is_stmt 1 view .LVU66
 232              		.loc 1 147 7 is_stmt 0 view .LVU67
 233 0012 596D     		ldr	r1, [r3, #84]
 234              		.loc 1 147 17 view .LVU68
 235 0014 014A     		ldr	r2, .L12
 236 0016 0A40     		ands	r2, r2, r1
 237 0018 5A65     		str	r2, [r3, #84]
 148:Drivers/STM32H7xx_HAL_Driver/Src/stm32h7xx_hal_pcd_ex.c **** 
 149:Drivers/STM32H7xx_HAL_Driver/Src/stm32h7xx_hal_pcd_ex.c ****   return HAL_OK;
 238              		.loc 1 149 3 is_stmt 1 view .LVU69
 150:Drivers/STM32H7xx_HAL_Driver/Src/stm32h7xx_hal_pcd_ex.c **** }
 239              		.loc 1 150 1 is_stmt 0 view .LVU70
ARM GAS  /tmp/ccDM5E0u.s 			page 8


 240 001a 7047     		bx	lr
 241              	.L13:
 242              		.align	2
 243              	.L12:
 244 001c FCFFFFEF 		.word	-268435460
 245              		.cfi_endproc
 246              	.LFE149:
 248              		.section	.text.HAL_PCDEx_ActivateBCD,"ax",%progbits
 249              		.align	1
 250              		.global	HAL_PCDEx_ActivateBCD
 251              		.syntax unified
 252              		.thumb
 253              		.thumb_func
 255              	HAL_PCDEx_ActivateBCD:
 256              	.LVL22:
 257              	.LFB151:
 151:Drivers/STM32H7xx_HAL_Driver/Src/stm32h7xx_hal_pcd_ex.c **** 
 152:Drivers/STM32H7xx_HAL_Driver/Src/stm32h7xx_hal_pcd_ex.c **** 
 153:Drivers/STM32H7xx_HAL_Driver/Src/stm32h7xx_hal_pcd_ex.c **** /**
 154:Drivers/STM32H7xx_HAL_Driver/Src/stm32h7xx_hal_pcd_ex.c ****   * @brief  Handle BatteryCharging Process.
 155:Drivers/STM32H7xx_HAL_Driver/Src/stm32h7xx_hal_pcd_ex.c ****   * @param  hpcd PCD handle
 156:Drivers/STM32H7xx_HAL_Driver/Src/stm32h7xx_hal_pcd_ex.c ****   * @retval HAL status
 157:Drivers/STM32H7xx_HAL_Driver/Src/stm32h7xx_hal_pcd_ex.c ****   */
 158:Drivers/STM32H7xx_HAL_Driver/Src/stm32h7xx_hal_pcd_ex.c **** void HAL_PCDEx_BCD_VBUSDetect(PCD_HandleTypeDef *hpcd)
 159:Drivers/STM32H7xx_HAL_Driver/Src/stm32h7xx_hal_pcd_ex.c **** {
 160:Drivers/STM32H7xx_HAL_Driver/Src/stm32h7xx_hal_pcd_ex.c ****   USB_OTG_GlobalTypeDef *USBx = hpcd->Instance;
 161:Drivers/STM32H7xx_HAL_Driver/Src/stm32h7xx_hal_pcd_ex.c ****   uint32_t tickstart = HAL_GetTick();
 162:Drivers/STM32H7xx_HAL_Driver/Src/stm32h7xx_hal_pcd_ex.c **** 
 163:Drivers/STM32H7xx_HAL_Driver/Src/stm32h7xx_hal_pcd_ex.c ****   /* Enable DCD : Data Contact Detect */
 164:Drivers/STM32H7xx_HAL_Driver/Src/stm32h7xx_hal_pcd_ex.c ****   USBx->GCCFG |= USB_OTG_GCCFG_DCDEN;
 165:Drivers/STM32H7xx_HAL_Driver/Src/stm32h7xx_hal_pcd_ex.c **** 
 166:Drivers/STM32H7xx_HAL_Driver/Src/stm32h7xx_hal_pcd_ex.c ****   /* Wait for Min DCD Timeout */
 167:Drivers/STM32H7xx_HAL_Driver/Src/stm32h7xx_hal_pcd_ex.c ****   HAL_Delay(300U);
 168:Drivers/STM32H7xx_HAL_Driver/Src/stm32h7xx_hal_pcd_ex.c **** 
 169:Drivers/STM32H7xx_HAL_Driver/Src/stm32h7xx_hal_pcd_ex.c ****   /* Check Detect flag */
 170:Drivers/STM32H7xx_HAL_Driver/Src/stm32h7xx_hal_pcd_ex.c ****   if ((USBx->GCCFG & USB_OTG_GCCFG_DCDET) == USB_OTG_GCCFG_DCDET)
 171:Drivers/STM32H7xx_HAL_Driver/Src/stm32h7xx_hal_pcd_ex.c ****   {
 172:Drivers/STM32H7xx_HAL_Driver/Src/stm32h7xx_hal_pcd_ex.c **** #if (USE_HAL_PCD_REGISTER_CALLBACKS == 1U)
 173:Drivers/STM32H7xx_HAL_Driver/Src/stm32h7xx_hal_pcd_ex.c ****     hpcd->BCDCallback(hpcd, PCD_BCD_CONTACT_DETECTION);
 174:Drivers/STM32H7xx_HAL_Driver/Src/stm32h7xx_hal_pcd_ex.c **** #else
 175:Drivers/STM32H7xx_HAL_Driver/Src/stm32h7xx_hal_pcd_ex.c ****     HAL_PCDEx_BCD_Callback(hpcd, PCD_BCD_CONTACT_DETECTION);
 176:Drivers/STM32H7xx_HAL_Driver/Src/stm32h7xx_hal_pcd_ex.c **** #endif /* USE_HAL_PCD_REGISTER_CALLBACKS */
 177:Drivers/STM32H7xx_HAL_Driver/Src/stm32h7xx_hal_pcd_ex.c ****   }
 178:Drivers/STM32H7xx_HAL_Driver/Src/stm32h7xx_hal_pcd_ex.c **** 
 179:Drivers/STM32H7xx_HAL_Driver/Src/stm32h7xx_hal_pcd_ex.c ****   /* Primary detection: checks if connected to Standard Downstream Port
 180:Drivers/STM32H7xx_HAL_Driver/Src/stm32h7xx_hal_pcd_ex.c ****   (without charging capability) */
 181:Drivers/STM32H7xx_HAL_Driver/Src/stm32h7xx_hal_pcd_ex.c ****   USBx->GCCFG &= ~USB_OTG_GCCFG_DCDEN;
 182:Drivers/STM32H7xx_HAL_Driver/Src/stm32h7xx_hal_pcd_ex.c ****   HAL_Delay(50U);
 183:Drivers/STM32H7xx_HAL_Driver/Src/stm32h7xx_hal_pcd_ex.c ****   USBx->GCCFG |= USB_OTG_GCCFG_PDEN;
 184:Drivers/STM32H7xx_HAL_Driver/Src/stm32h7xx_hal_pcd_ex.c ****   HAL_Delay(50U);
 185:Drivers/STM32H7xx_HAL_Driver/Src/stm32h7xx_hal_pcd_ex.c **** 
 186:Drivers/STM32H7xx_HAL_Driver/Src/stm32h7xx_hal_pcd_ex.c ****   if ((USBx->GCCFG & USB_OTG_GCCFG_PDET) == 0U)
 187:Drivers/STM32H7xx_HAL_Driver/Src/stm32h7xx_hal_pcd_ex.c ****   {
 188:Drivers/STM32H7xx_HAL_Driver/Src/stm32h7xx_hal_pcd_ex.c ****     /* Case of Standard Downstream Port */
 189:Drivers/STM32H7xx_HAL_Driver/Src/stm32h7xx_hal_pcd_ex.c **** #if (USE_HAL_PCD_REGISTER_CALLBACKS == 1U)
 190:Drivers/STM32H7xx_HAL_Driver/Src/stm32h7xx_hal_pcd_ex.c ****     hpcd->BCDCallback(hpcd, PCD_BCD_STD_DOWNSTREAM_PORT);
 191:Drivers/STM32H7xx_HAL_Driver/Src/stm32h7xx_hal_pcd_ex.c **** #else
ARM GAS  /tmp/ccDM5E0u.s 			page 9


 192:Drivers/STM32H7xx_HAL_Driver/Src/stm32h7xx_hal_pcd_ex.c ****     HAL_PCDEx_BCD_Callback(hpcd, PCD_BCD_STD_DOWNSTREAM_PORT);
 193:Drivers/STM32H7xx_HAL_Driver/Src/stm32h7xx_hal_pcd_ex.c **** #endif /* USE_HAL_PCD_REGISTER_CALLBACKS */
 194:Drivers/STM32H7xx_HAL_Driver/Src/stm32h7xx_hal_pcd_ex.c ****   }
 195:Drivers/STM32H7xx_HAL_Driver/Src/stm32h7xx_hal_pcd_ex.c ****   else
 196:Drivers/STM32H7xx_HAL_Driver/Src/stm32h7xx_hal_pcd_ex.c ****   {
 197:Drivers/STM32H7xx_HAL_Driver/Src/stm32h7xx_hal_pcd_ex.c ****     /* start secondary detection to check connection to Charging Downstream
 198:Drivers/STM32H7xx_HAL_Driver/Src/stm32h7xx_hal_pcd_ex.c ****     Port or Dedicated Charging Port */
 199:Drivers/STM32H7xx_HAL_Driver/Src/stm32h7xx_hal_pcd_ex.c ****     USBx->GCCFG &= ~(USB_OTG_GCCFG_PDEN);
 200:Drivers/STM32H7xx_HAL_Driver/Src/stm32h7xx_hal_pcd_ex.c ****     HAL_Delay(50U);
 201:Drivers/STM32H7xx_HAL_Driver/Src/stm32h7xx_hal_pcd_ex.c ****     USBx->GCCFG |= USB_OTG_GCCFG_SDEN;
 202:Drivers/STM32H7xx_HAL_Driver/Src/stm32h7xx_hal_pcd_ex.c ****     HAL_Delay(50U);
 203:Drivers/STM32H7xx_HAL_Driver/Src/stm32h7xx_hal_pcd_ex.c **** 
 204:Drivers/STM32H7xx_HAL_Driver/Src/stm32h7xx_hal_pcd_ex.c ****     if ((USBx->GCCFG & USB_OTG_GCCFG_SDET) == USB_OTG_GCCFG_SDET)
 205:Drivers/STM32H7xx_HAL_Driver/Src/stm32h7xx_hal_pcd_ex.c ****     {
 206:Drivers/STM32H7xx_HAL_Driver/Src/stm32h7xx_hal_pcd_ex.c ****       /* case Dedicated Charging Port  */
 207:Drivers/STM32H7xx_HAL_Driver/Src/stm32h7xx_hal_pcd_ex.c **** #if (USE_HAL_PCD_REGISTER_CALLBACKS == 1U)
 208:Drivers/STM32H7xx_HAL_Driver/Src/stm32h7xx_hal_pcd_ex.c ****       hpcd->BCDCallback(hpcd, PCD_BCD_DEDICATED_CHARGING_PORT);
 209:Drivers/STM32H7xx_HAL_Driver/Src/stm32h7xx_hal_pcd_ex.c **** #else
 210:Drivers/STM32H7xx_HAL_Driver/Src/stm32h7xx_hal_pcd_ex.c ****       HAL_PCDEx_BCD_Callback(hpcd, PCD_BCD_DEDICATED_CHARGING_PORT);
 211:Drivers/STM32H7xx_HAL_Driver/Src/stm32h7xx_hal_pcd_ex.c **** #endif /* USE_HAL_PCD_REGISTER_CALLBACKS */
 212:Drivers/STM32H7xx_HAL_Driver/Src/stm32h7xx_hal_pcd_ex.c ****     }
 213:Drivers/STM32H7xx_HAL_Driver/Src/stm32h7xx_hal_pcd_ex.c ****     else
 214:Drivers/STM32H7xx_HAL_Driver/Src/stm32h7xx_hal_pcd_ex.c ****     {
 215:Drivers/STM32H7xx_HAL_Driver/Src/stm32h7xx_hal_pcd_ex.c ****       /* case Charging Downstream Port */
 216:Drivers/STM32H7xx_HAL_Driver/Src/stm32h7xx_hal_pcd_ex.c **** #if (USE_HAL_PCD_REGISTER_CALLBACKS == 1U)
 217:Drivers/STM32H7xx_HAL_Driver/Src/stm32h7xx_hal_pcd_ex.c ****       hpcd->BCDCallback(hpcd, PCD_BCD_CHARGING_DOWNSTREAM_PORT);
 218:Drivers/STM32H7xx_HAL_Driver/Src/stm32h7xx_hal_pcd_ex.c **** #else
 219:Drivers/STM32H7xx_HAL_Driver/Src/stm32h7xx_hal_pcd_ex.c ****       HAL_PCDEx_BCD_Callback(hpcd, PCD_BCD_CHARGING_DOWNSTREAM_PORT);
 220:Drivers/STM32H7xx_HAL_Driver/Src/stm32h7xx_hal_pcd_ex.c **** #endif /* USE_HAL_PCD_REGISTER_CALLBACKS */
 221:Drivers/STM32H7xx_HAL_Driver/Src/stm32h7xx_hal_pcd_ex.c ****     }
 222:Drivers/STM32H7xx_HAL_Driver/Src/stm32h7xx_hal_pcd_ex.c ****   }
 223:Drivers/STM32H7xx_HAL_Driver/Src/stm32h7xx_hal_pcd_ex.c **** 
 224:Drivers/STM32H7xx_HAL_Driver/Src/stm32h7xx_hal_pcd_ex.c ****   /* Battery Charging capability discovery finished */
 225:Drivers/STM32H7xx_HAL_Driver/Src/stm32h7xx_hal_pcd_ex.c ****   (void)HAL_PCDEx_DeActivateBCD(hpcd);
 226:Drivers/STM32H7xx_HAL_Driver/Src/stm32h7xx_hal_pcd_ex.c **** 
 227:Drivers/STM32H7xx_HAL_Driver/Src/stm32h7xx_hal_pcd_ex.c ****   /* Check for the Timeout, else start USB Device */
 228:Drivers/STM32H7xx_HAL_Driver/Src/stm32h7xx_hal_pcd_ex.c ****   if ((HAL_GetTick() - tickstart) > 1000U)
 229:Drivers/STM32H7xx_HAL_Driver/Src/stm32h7xx_hal_pcd_ex.c ****   {
 230:Drivers/STM32H7xx_HAL_Driver/Src/stm32h7xx_hal_pcd_ex.c **** #if (USE_HAL_PCD_REGISTER_CALLBACKS == 1U)
 231:Drivers/STM32H7xx_HAL_Driver/Src/stm32h7xx_hal_pcd_ex.c ****     hpcd->BCDCallback(hpcd, PCD_BCD_ERROR);
 232:Drivers/STM32H7xx_HAL_Driver/Src/stm32h7xx_hal_pcd_ex.c **** #else
 233:Drivers/STM32H7xx_HAL_Driver/Src/stm32h7xx_hal_pcd_ex.c ****     HAL_PCDEx_BCD_Callback(hpcd, PCD_BCD_ERROR);
 234:Drivers/STM32H7xx_HAL_Driver/Src/stm32h7xx_hal_pcd_ex.c **** #endif /* USE_HAL_PCD_REGISTER_CALLBACKS */
 235:Drivers/STM32H7xx_HAL_Driver/Src/stm32h7xx_hal_pcd_ex.c ****   }
 236:Drivers/STM32H7xx_HAL_Driver/Src/stm32h7xx_hal_pcd_ex.c ****   else
 237:Drivers/STM32H7xx_HAL_Driver/Src/stm32h7xx_hal_pcd_ex.c ****   {
 238:Drivers/STM32H7xx_HAL_Driver/Src/stm32h7xx_hal_pcd_ex.c **** #if (USE_HAL_PCD_REGISTER_CALLBACKS == 1U)
 239:Drivers/STM32H7xx_HAL_Driver/Src/stm32h7xx_hal_pcd_ex.c ****     hpcd->BCDCallback(hpcd, PCD_BCD_DISCOVERY_COMPLETED);
 240:Drivers/STM32H7xx_HAL_Driver/Src/stm32h7xx_hal_pcd_ex.c **** #else
 241:Drivers/STM32H7xx_HAL_Driver/Src/stm32h7xx_hal_pcd_ex.c ****     HAL_PCDEx_BCD_Callback(hpcd, PCD_BCD_DISCOVERY_COMPLETED);
 242:Drivers/STM32H7xx_HAL_Driver/Src/stm32h7xx_hal_pcd_ex.c **** #endif /* USE_HAL_PCD_REGISTER_CALLBACKS */
 243:Drivers/STM32H7xx_HAL_Driver/Src/stm32h7xx_hal_pcd_ex.c ****   }
 244:Drivers/STM32H7xx_HAL_Driver/Src/stm32h7xx_hal_pcd_ex.c **** }
 245:Drivers/STM32H7xx_HAL_Driver/Src/stm32h7xx_hal_pcd_ex.c **** 
 246:Drivers/STM32H7xx_HAL_Driver/Src/stm32h7xx_hal_pcd_ex.c **** /**
 247:Drivers/STM32H7xx_HAL_Driver/Src/stm32h7xx_hal_pcd_ex.c ****   * @brief  Activate BatteryCharging feature.
 248:Drivers/STM32H7xx_HAL_Driver/Src/stm32h7xx_hal_pcd_ex.c ****   * @param  hpcd PCD handle
ARM GAS  /tmp/ccDM5E0u.s 			page 10


 249:Drivers/STM32H7xx_HAL_Driver/Src/stm32h7xx_hal_pcd_ex.c ****   * @retval HAL status
 250:Drivers/STM32H7xx_HAL_Driver/Src/stm32h7xx_hal_pcd_ex.c ****   */
 251:Drivers/STM32H7xx_HAL_Driver/Src/stm32h7xx_hal_pcd_ex.c **** HAL_StatusTypeDef HAL_PCDEx_ActivateBCD(PCD_HandleTypeDef *hpcd)
 252:Drivers/STM32H7xx_HAL_Driver/Src/stm32h7xx_hal_pcd_ex.c **** {
 258              		.loc 1 252 1 is_stmt 1 view -0
 259              		.cfi_startproc
 260              		@ args = 0, pretend = 0, frame = 0
 261              		@ frame_needed = 0, uses_anonymous_args = 0
 262              		@ link register save eliminated.
 253:Drivers/STM32H7xx_HAL_Driver/Src/stm32h7xx_hal_pcd_ex.c ****   USB_OTG_GlobalTypeDef *USBx = hpcd->Instance;
 263              		.loc 1 253 3 view .LVU72
 264              		.loc 1 253 26 is_stmt 0 view .LVU73
 265 0000 0368     		ldr	r3, [r0]
 266              	.LVL23:
 254:Drivers/STM32H7xx_HAL_Driver/Src/stm32h7xx_hal_pcd_ex.c **** 
 255:Drivers/STM32H7xx_HAL_Driver/Src/stm32h7xx_hal_pcd_ex.c ****   USBx->GCCFG &= ~(USB_OTG_GCCFG_PDEN);
 267              		.loc 1 255 3 is_stmt 1 view .LVU74
 268              		.loc 1 255 7 is_stmt 0 view .LVU75
 269 0002 9A6B     		ldr	r2, [r3, #56]
 270              		.loc 1 255 15 view .LVU76
 271 0004 22F40022 		bic	r2, r2, #524288
 272 0008 9A63     		str	r2, [r3, #56]
 256:Drivers/STM32H7xx_HAL_Driver/Src/stm32h7xx_hal_pcd_ex.c ****   USBx->GCCFG &= ~(USB_OTG_GCCFG_SDEN);
 273              		.loc 1 256 3 is_stmt 1 view .LVU77
 274              		.loc 1 256 7 is_stmt 0 view .LVU78
 275 000a 9A6B     		ldr	r2, [r3, #56]
 276              		.loc 1 256 15 view .LVU79
 277 000c 22F48012 		bic	r2, r2, #1048576
 278 0010 9A63     		str	r2, [r3, #56]
 257:Drivers/STM32H7xx_HAL_Driver/Src/stm32h7xx_hal_pcd_ex.c **** 
 258:Drivers/STM32H7xx_HAL_Driver/Src/stm32h7xx_hal_pcd_ex.c ****   /* Power Down USB transceiver  */
 259:Drivers/STM32H7xx_HAL_Driver/Src/stm32h7xx_hal_pcd_ex.c ****   USBx->GCCFG &= ~(USB_OTG_GCCFG_PWRDWN);
 279              		.loc 1 259 3 is_stmt 1 view .LVU80
 280              		.loc 1 259 7 is_stmt 0 view .LVU81
 281 0012 9A6B     		ldr	r2, [r3, #56]
 282              		.loc 1 259 15 view .LVU82
 283 0014 22F48032 		bic	r2, r2, #65536
 284 0018 9A63     		str	r2, [r3, #56]
 260:Drivers/STM32H7xx_HAL_Driver/Src/stm32h7xx_hal_pcd_ex.c **** 
 261:Drivers/STM32H7xx_HAL_Driver/Src/stm32h7xx_hal_pcd_ex.c ****   /* Enable Battery charging */
 262:Drivers/STM32H7xx_HAL_Driver/Src/stm32h7xx_hal_pcd_ex.c ****   USBx->GCCFG |= USB_OTG_GCCFG_BCDEN;
 285              		.loc 1 262 3 is_stmt 1 view .LVU83
 286              		.loc 1 262 7 is_stmt 0 view .LVU84
 287 001a 9A6B     		ldr	r2, [r3, #56]
 288              		.loc 1 262 15 view .LVU85
 289 001c 42F40032 		orr	r2, r2, #131072
 290 0020 9A63     		str	r2, [r3, #56]
 263:Drivers/STM32H7xx_HAL_Driver/Src/stm32h7xx_hal_pcd_ex.c **** 
 264:Drivers/STM32H7xx_HAL_Driver/Src/stm32h7xx_hal_pcd_ex.c ****   hpcd->battery_charging_active = 1U;
 291              		.loc 1 264 3 is_stmt 1 view .LVU86
 292              		.loc 1 264 33 is_stmt 0 view .LVU87
 293 0022 0123     		movs	r3, #1
 294              	.LVL24:
 295              		.loc 1 264 33 view .LVU88
 296 0024 C0F8DC34 		str	r3, [r0, #1244]
 265:Drivers/STM32H7xx_HAL_Driver/Src/stm32h7xx_hal_pcd_ex.c **** 
 266:Drivers/STM32H7xx_HAL_Driver/Src/stm32h7xx_hal_pcd_ex.c ****   return HAL_OK;
ARM GAS  /tmp/ccDM5E0u.s 			page 11


 297              		.loc 1 266 3 is_stmt 1 view .LVU89
 267:Drivers/STM32H7xx_HAL_Driver/Src/stm32h7xx_hal_pcd_ex.c **** }
 298              		.loc 1 267 1 is_stmt 0 view .LVU90
 299 0028 0020     		movs	r0, #0
 300              	.LVL25:
 301              		.loc 1 267 1 view .LVU91
 302 002a 7047     		bx	lr
 303              		.cfi_endproc
 304              	.LFE151:
 306              		.section	.text.HAL_PCDEx_DeActivateBCD,"ax",%progbits
 307              		.align	1
 308              		.global	HAL_PCDEx_DeActivateBCD
 309              		.syntax unified
 310              		.thumb
 311              		.thumb_func
 313              	HAL_PCDEx_DeActivateBCD:
 314              	.LVL26:
 315              	.LFB152:
 268:Drivers/STM32H7xx_HAL_Driver/Src/stm32h7xx_hal_pcd_ex.c **** 
 269:Drivers/STM32H7xx_HAL_Driver/Src/stm32h7xx_hal_pcd_ex.c **** /**
 270:Drivers/STM32H7xx_HAL_Driver/Src/stm32h7xx_hal_pcd_ex.c ****   * @brief  Deactivate BatteryCharging feature.
 271:Drivers/STM32H7xx_HAL_Driver/Src/stm32h7xx_hal_pcd_ex.c ****   * @param  hpcd PCD handle
 272:Drivers/STM32H7xx_HAL_Driver/Src/stm32h7xx_hal_pcd_ex.c ****   * @retval HAL status
 273:Drivers/STM32H7xx_HAL_Driver/Src/stm32h7xx_hal_pcd_ex.c ****   */
 274:Drivers/STM32H7xx_HAL_Driver/Src/stm32h7xx_hal_pcd_ex.c **** HAL_StatusTypeDef HAL_PCDEx_DeActivateBCD(PCD_HandleTypeDef *hpcd)
 275:Drivers/STM32H7xx_HAL_Driver/Src/stm32h7xx_hal_pcd_ex.c **** {
 316              		.loc 1 275 1 is_stmt 1 view -0
 317              		.cfi_startproc
 318              		@ args = 0, pretend = 0, frame = 0
 319              		@ frame_needed = 0, uses_anonymous_args = 0
 320              		@ link register save eliminated.
 321              		.loc 1 275 1 is_stmt 0 view .LVU93
 322 0000 0246     		mov	r2, r0
 276:Drivers/STM32H7xx_HAL_Driver/Src/stm32h7xx_hal_pcd_ex.c ****   USB_OTG_GlobalTypeDef *USBx = hpcd->Instance;
 323              		.loc 1 276 3 is_stmt 1 view .LVU94
 324              		.loc 1 276 26 is_stmt 0 view .LVU95
 325 0002 0368     		ldr	r3, [r0]
 326              	.LVL27:
 277:Drivers/STM32H7xx_HAL_Driver/Src/stm32h7xx_hal_pcd_ex.c **** 
 278:Drivers/STM32H7xx_HAL_Driver/Src/stm32h7xx_hal_pcd_ex.c ****   USBx->GCCFG &= ~(USB_OTG_GCCFG_SDEN);
 327              		.loc 1 278 3 is_stmt 1 view .LVU96
 328              		.loc 1 278 7 is_stmt 0 view .LVU97
 329 0004 996B     		ldr	r1, [r3, #56]
 330              		.loc 1 278 15 view .LVU98
 331 0006 21F48011 		bic	r1, r1, #1048576
 332 000a 9963     		str	r1, [r3, #56]
 279:Drivers/STM32H7xx_HAL_Driver/Src/stm32h7xx_hal_pcd_ex.c ****   USBx->GCCFG &= ~(USB_OTG_GCCFG_PDEN);
 333              		.loc 1 279 3 is_stmt 1 view .LVU99
 334              		.loc 1 279 7 is_stmt 0 view .LVU100
 335 000c 996B     		ldr	r1, [r3, #56]
 336              		.loc 1 279 15 view .LVU101
 337 000e 21F40021 		bic	r1, r1, #524288
 338 0012 9963     		str	r1, [r3, #56]
 280:Drivers/STM32H7xx_HAL_Driver/Src/stm32h7xx_hal_pcd_ex.c **** 
 281:Drivers/STM32H7xx_HAL_Driver/Src/stm32h7xx_hal_pcd_ex.c ****   /* Disable Battery charging */
 282:Drivers/STM32H7xx_HAL_Driver/Src/stm32h7xx_hal_pcd_ex.c ****   USBx->GCCFG &= ~(USB_OTG_GCCFG_BCDEN);
 339              		.loc 1 282 3 is_stmt 1 view .LVU102
ARM GAS  /tmp/ccDM5E0u.s 			page 12


 340              		.loc 1 282 7 is_stmt 0 view .LVU103
 341 0014 996B     		ldr	r1, [r3, #56]
 342              		.loc 1 282 15 view .LVU104
 343 0016 21F40031 		bic	r1, r1, #131072
 344 001a 9963     		str	r1, [r3, #56]
 283:Drivers/STM32H7xx_HAL_Driver/Src/stm32h7xx_hal_pcd_ex.c **** 
 284:Drivers/STM32H7xx_HAL_Driver/Src/stm32h7xx_hal_pcd_ex.c ****   hpcd->battery_charging_active = 0U;
 345              		.loc 1 284 3 is_stmt 1 view .LVU105
 346              		.loc 1 284 33 is_stmt 0 view .LVU106
 347 001c 0020     		movs	r0, #0
 348              	.LVL28:
 349              		.loc 1 284 33 view .LVU107
 350 001e C2F8DC04 		str	r0, [r2, #1244]
 285:Drivers/STM32H7xx_HAL_Driver/Src/stm32h7xx_hal_pcd_ex.c **** 
 286:Drivers/STM32H7xx_HAL_Driver/Src/stm32h7xx_hal_pcd_ex.c ****   return HAL_OK;
 351              		.loc 1 286 3 is_stmt 1 view .LVU108
 287:Drivers/STM32H7xx_HAL_Driver/Src/stm32h7xx_hal_pcd_ex.c **** }
 352              		.loc 1 287 1 is_stmt 0 view .LVU109
 353 0022 7047     		bx	lr
 354              		.cfi_endproc
 355              	.LFE152:
 357              		.section	.text.HAL_PCDEx_LPM_Callback,"ax",%progbits
 358              		.align	1
 359              		.weak	HAL_PCDEx_LPM_Callback
 360              		.syntax unified
 361              		.thumb
 362              		.thumb_func
 364              	HAL_PCDEx_LPM_Callback:
 365              	.LVL29:
 366              	.LFB153:
 288:Drivers/STM32H7xx_HAL_Driver/Src/stm32h7xx_hal_pcd_ex.c **** 
 289:Drivers/STM32H7xx_HAL_Driver/Src/stm32h7xx_hal_pcd_ex.c **** #endif /* defined (USB_OTG_FS) || defined (USB_OTG_HS) */
 290:Drivers/STM32H7xx_HAL_Driver/Src/stm32h7xx_hal_pcd_ex.c **** 
 291:Drivers/STM32H7xx_HAL_Driver/Src/stm32h7xx_hal_pcd_ex.c **** /**
 292:Drivers/STM32H7xx_HAL_Driver/Src/stm32h7xx_hal_pcd_ex.c ****   * @brief  Send LPM message to user layer callback.
 293:Drivers/STM32H7xx_HAL_Driver/Src/stm32h7xx_hal_pcd_ex.c ****   * @param  hpcd PCD handle
 294:Drivers/STM32H7xx_HAL_Driver/Src/stm32h7xx_hal_pcd_ex.c ****   * @param  msg LPM message
 295:Drivers/STM32H7xx_HAL_Driver/Src/stm32h7xx_hal_pcd_ex.c ****   * @retval HAL status
 296:Drivers/STM32H7xx_HAL_Driver/Src/stm32h7xx_hal_pcd_ex.c ****   */
 297:Drivers/STM32H7xx_HAL_Driver/Src/stm32h7xx_hal_pcd_ex.c **** __weak void HAL_PCDEx_LPM_Callback(PCD_HandleTypeDef *hpcd, PCD_LPM_MsgTypeDef msg)
 298:Drivers/STM32H7xx_HAL_Driver/Src/stm32h7xx_hal_pcd_ex.c **** {
 367              		.loc 1 298 1 is_stmt 1 view -0
 368              		.cfi_startproc
 369              		@ args = 0, pretend = 0, frame = 0
 370              		@ frame_needed = 0, uses_anonymous_args = 0
 371              		@ link register save eliminated.
 299:Drivers/STM32H7xx_HAL_Driver/Src/stm32h7xx_hal_pcd_ex.c ****   /* Prevent unused argument(s) compilation warning */
 300:Drivers/STM32H7xx_HAL_Driver/Src/stm32h7xx_hal_pcd_ex.c ****   UNUSED(hpcd);
 372              		.loc 1 300 3 view .LVU111
 301:Drivers/STM32H7xx_HAL_Driver/Src/stm32h7xx_hal_pcd_ex.c ****   UNUSED(msg);
 373              		.loc 1 301 3 view .LVU112
 302:Drivers/STM32H7xx_HAL_Driver/Src/stm32h7xx_hal_pcd_ex.c **** 
 303:Drivers/STM32H7xx_HAL_Driver/Src/stm32h7xx_hal_pcd_ex.c ****   /* NOTE : This function should not be modified, when the callback is needed,
 304:Drivers/STM32H7xx_HAL_Driver/Src/stm32h7xx_hal_pcd_ex.c ****             the HAL_PCDEx_LPM_Callback could be implemented in the user file
 305:Drivers/STM32H7xx_HAL_Driver/Src/stm32h7xx_hal_pcd_ex.c ****    */
 306:Drivers/STM32H7xx_HAL_Driver/Src/stm32h7xx_hal_pcd_ex.c **** }
 374              		.loc 1 306 1 is_stmt 0 view .LVU113
ARM GAS  /tmp/ccDM5E0u.s 			page 13


 375 0000 7047     		bx	lr
 376              		.cfi_endproc
 377              	.LFE153:
 379              		.section	.text.HAL_PCDEx_BCD_Callback,"ax",%progbits
 380              		.align	1
 381              		.weak	HAL_PCDEx_BCD_Callback
 382              		.syntax unified
 383              		.thumb
 384              		.thumb_func
 386              	HAL_PCDEx_BCD_Callback:
 387              	.LVL30:
 388              	.LFB154:
 307:Drivers/STM32H7xx_HAL_Driver/Src/stm32h7xx_hal_pcd_ex.c **** 
 308:Drivers/STM32H7xx_HAL_Driver/Src/stm32h7xx_hal_pcd_ex.c **** /**
 309:Drivers/STM32H7xx_HAL_Driver/Src/stm32h7xx_hal_pcd_ex.c ****   * @brief  Send BatteryCharging message to user layer callback.
 310:Drivers/STM32H7xx_HAL_Driver/Src/stm32h7xx_hal_pcd_ex.c ****   * @param  hpcd PCD handle
 311:Drivers/STM32H7xx_HAL_Driver/Src/stm32h7xx_hal_pcd_ex.c ****   * @param  msg LPM message
 312:Drivers/STM32H7xx_HAL_Driver/Src/stm32h7xx_hal_pcd_ex.c ****   * @retval HAL status
 313:Drivers/STM32H7xx_HAL_Driver/Src/stm32h7xx_hal_pcd_ex.c ****   */
 314:Drivers/STM32H7xx_HAL_Driver/Src/stm32h7xx_hal_pcd_ex.c **** __weak void HAL_PCDEx_BCD_Callback(PCD_HandleTypeDef *hpcd, PCD_BCD_MsgTypeDef msg)
 315:Drivers/STM32H7xx_HAL_Driver/Src/stm32h7xx_hal_pcd_ex.c **** {
 389              		.loc 1 315 1 is_stmt 1 view -0
 390              		.cfi_startproc
 391              		@ args = 0, pretend = 0, frame = 0
 392              		@ frame_needed = 0, uses_anonymous_args = 0
 393              		@ link register save eliminated.
 316:Drivers/STM32H7xx_HAL_Driver/Src/stm32h7xx_hal_pcd_ex.c ****   /* Prevent unused argument(s) compilation warning */
 317:Drivers/STM32H7xx_HAL_Driver/Src/stm32h7xx_hal_pcd_ex.c ****   UNUSED(hpcd);
 394              		.loc 1 317 3 view .LVU115
 318:Drivers/STM32H7xx_HAL_Driver/Src/stm32h7xx_hal_pcd_ex.c ****   UNUSED(msg);
 395              		.loc 1 318 3 view .LVU116
 319:Drivers/STM32H7xx_HAL_Driver/Src/stm32h7xx_hal_pcd_ex.c **** 
 320:Drivers/STM32H7xx_HAL_Driver/Src/stm32h7xx_hal_pcd_ex.c ****   /* NOTE : This function should not be modified, when the callback is needed,
 321:Drivers/STM32H7xx_HAL_Driver/Src/stm32h7xx_hal_pcd_ex.c ****             the HAL_PCDEx_BCD_Callback could be implemented in the user file
 322:Drivers/STM32H7xx_HAL_Driver/Src/stm32h7xx_hal_pcd_ex.c ****    */
 323:Drivers/STM32H7xx_HAL_Driver/Src/stm32h7xx_hal_pcd_ex.c **** }
 396              		.loc 1 323 1 is_stmt 0 view .LVU117
 397 0000 7047     		bx	lr
 398              		.cfi_endproc
 399              	.LFE154:
 401              		.section	.text.HAL_PCDEx_BCD_VBUSDetect,"ax",%progbits
 402              		.align	1
 403              		.global	HAL_PCDEx_BCD_VBUSDetect
 404              		.syntax unified
 405              		.thumb
 406              		.thumb_func
 408              	HAL_PCDEx_BCD_VBUSDetect:
 409              	.LVL31:
 410              	.LFB150:
 159:Drivers/STM32H7xx_HAL_Driver/Src/stm32h7xx_hal_pcd_ex.c ****   USB_OTG_GlobalTypeDef *USBx = hpcd->Instance;
 411              		.loc 1 159 1 is_stmt 1 view -0
 412              		.cfi_startproc
 413              		@ args = 0, pretend = 0, frame = 0
 414              		@ frame_needed = 0, uses_anonymous_args = 0
 159:Drivers/STM32H7xx_HAL_Driver/Src/stm32h7xx_hal_pcd_ex.c ****   USB_OTG_GlobalTypeDef *USBx = hpcd->Instance;
 415              		.loc 1 159 1 is_stmt 0 view .LVU119
 416 0000 70B5     		push	{r4, r5, r6, lr}
ARM GAS  /tmp/ccDM5E0u.s 			page 14


 417              	.LCFI1:
 418              		.cfi_def_cfa_offset 16
 419              		.cfi_offset 4, -16
 420              		.cfi_offset 5, -12
 421              		.cfi_offset 6, -8
 422              		.cfi_offset 14, -4
 423 0002 0546     		mov	r5, r0
 160:Drivers/STM32H7xx_HAL_Driver/Src/stm32h7xx_hal_pcd_ex.c ****   uint32_t tickstart = HAL_GetTick();
 424              		.loc 1 160 3 is_stmt 1 view .LVU120
 160:Drivers/STM32H7xx_HAL_Driver/Src/stm32h7xx_hal_pcd_ex.c ****   uint32_t tickstart = HAL_GetTick();
 425              		.loc 1 160 26 is_stmt 0 view .LVU121
 426 0004 0468     		ldr	r4, [r0]
 427              	.LVL32:
 161:Drivers/STM32H7xx_HAL_Driver/Src/stm32h7xx_hal_pcd_ex.c **** 
 428              		.loc 1 161 3 is_stmt 1 view .LVU122
 161:Drivers/STM32H7xx_HAL_Driver/Src/stm32h7xx_hal_pcd_ex.c **** 
 429              		.loc 1 161 24 is_stmt 0 view .LVU123
 430 0006 FFF7FEFF 		bl	HAL_GetTick
 431              	.LVL33:
 161:Drivers/STM32H7xx_HAL_Driver/Src/stm32h7xx_hal_pcd_ex.c **** 
 432              		.loc 1 161 24 view .LVU124
 433 000a 0646     		mov	r6, r0
 434              	.LVL34:
 164:Drivers/STM32H7xx_HAL_Driver/Src/stm32h7xx_hal_pcd_ex.c **** 
 435              		.loc 1 164 3 is_stmt 1 view .LVU125
 164:Drivers/STM32H7xx_HAL_Driver/Src/stm32h7xx_hal_pcd_ex.c **** 
 436              		.loc 1 164 7 is_stmt 0 view .LVU126
 437 000c A36B     		ldr	r3, [r4, #56]
 164:Drivers/STM32H7xx_HAL_Driver/Src/stm32h7xx_hal_pcd_ex.c **** 
 438              		.loc 1 164 15 view .LVU127
 439 000e 43F48023 		orr	r3, r3, #262144
 440 0012 A363     		str	r3, [r4, #56]
 167:Drivers/STM32H7xx_HAL_Driver/Src/stm32h7xx_hal_pcd_ex.c **** 
 441              		.loc 1 167 3 is_stmt 1 view .LVU128
 442 0014 4FF49670 		mov	r0, #300
 443              	.LVL35:
 167:Drivers/STM32H7xx_HAL_Driver/Src/stm32h7xx_hal_pcd_ex.c **** 
 444              		.loc 1 167 3 is_stmt 0 view .LVU129
 445 0018 FFF7FEFF 		bl	HAL_Delay
 446              	.LVL36:
 170:Drivers/STM32H7xx_HAL_Driver/Src/stm32h7xx_hal_pcd_ex.c ****   {
 447              		.loc 1 170 3 is_stmt 1 view .LVU130
 170:Drivers/STM32H7xx_HAL_Driver/Src/stm32h7xx_hal_pcd_ex.c ****   {
 448              		.loc 1 170 12 is_stmt 0 view .LVU131
 449 001c A36B     		ldr	r3, [r4, #56]
 170:Drivers/STM32H7xx_HAL_Driver/Src/stm32h7xx_hal_pcd_ex.c ****   {
 450              		.loc 1 170 6 view .LVU132
 451 001e 13F0010F 		tst	r3, #1
 452 0022 23D1     		bne	.L26
 453              	.L19:
 181:Drivers/STM32H7xx_HAL_Driver/Src/stm32h7xx_hal_pcd_ex.c ****   HAL_Delay(50U);
 454              		.loc 1 181 3 is_stmt 1 view .LVU133
 181:Drivers/STM32H7xx_HAL_Driver/Src/stm32h7xx_hal_pcd_ex.c ****   HAL_Delay(50U);
 455              		.loc 1 181 7 is_stmt 0 view .LVU134
 456 0024 A36B     		ldr	r3, [r4, #56]
 181:Drivers/STM32H7xx_HAL_Driver/Src/stm32h7xx_hal_pcd_ex.c ****   HAL_Delay(50U);
 457              		.loc 1 181 15 view .LVU135
ARM GAS  /tmp/ccDM5E0u.s 			page 15


 458 0026 23F48023 		bic	r3, r3, #262144
 459 002a A363     		str	r3, [r4, #56]
 182:Drivers/STM32H7xx_HAL_Driver/Src/stm32h7xx_hal_pcd_ex.c ****   USBx->GCCFG |= USB_OTG_GCCFG_PDEN;
 460              		.loc 1 182 3 is_stmt 1 view .LVU136
 461 002c 3220     		movs	r0, #50
 462 002e FFF7FEFF 		bl	HAL_Delay
 463              	.LVL37:
 183:Drivers/STM32H7xx_HAL_Driver/Src/stm32h7xx_hal_pcd_ex.c ****   HAL_Delay(50U);
 464              		.loc 1 183 3 view .LVU137
 183:Drivers/STM32H7xx_HAL_Driver/Src/stm32h7xx_hal_pcd_ex.c ****   HAL_Delay(50U);
 465              		.loc 1 183 7 is_stmt 0 view .LVU138
 466 0032 A36B     		ldr	r3, [r4, #56]
 183:Drivers/STM32H7xx_HAL_Driver/Src/stm32h7xx_hal_pcd_ex.c ****   HAL_Delay(50U);
 467              		.loc 1 183 15 view .LVU139
 468 0034 43F40023 		orr	r3, r3, #524288
 469 0038 A363     		str	r3, [r4, #56]
 184:Drivers/STM32H7xx_HAL_Driver/Src/stm32h7xx_hal_pcd_ex.c **** 
 470              		.loc 1 184 3 is_stmt 1 view .LVU140
 471 003a 3220     		movs	r0, #50
 472 003c FFF7FEFF 		bl	HAL_Delay
 473              	.LVL38:
 186:Drivers/STM32H7xx_HAL_Driver/Src/stm32h7xx_hal_pcd_ex.c ****   {
 474              		.loc 1 186 3 view .LVU141
 186:Drivers/STM32H7xx_HAL_Driver/Src/stm32h7xx_hal_pcd_ex.c ****   {
 475              		.loc 1 186 12 is_stmt 0 view .LVU142
 476 0040 A36B     		ldr	r3, [r4, #56]
 186:Drivers/STM32H7xx_HAL_Driver/Src/stm32h7xx_hal_pcd_ex.c ****   {
 477              		.loc 1 186 6 view .LVU143
 478 0042 13F0020F 		tst	r3, #2
 479 0046 16D1     		bne	.L20
 192:Drivers/STM32H7xx_HAL_Driver/Src/stm32h7xx_hal_pcd_ex.c **** #endif /* USE_HAL_PCD_REGISTER_CALLBACKS */
 480              		.loc 1 192 5 is_stmt 1 view .LVU144
 481 0048 FD21     		movs	r1, #253
 482 004a 2846     		mov	r0, r5
 483 004c FFF7FEFF 		bl	HAL_PCDEx_BCD_Callback
 484              	.LVL39:
 485              	.L21:
 225:Drivers/STM32H7xx_HAL_Driver/Src/stm32h7xx_hal_pcd_ex.c **** 
 486              		.loc 1 225 3 view .LVU145
 225:Drivers/STM32H7xx_HAL_Driver/Src/stm32h7xx_hal_pcd_ex.c **** 
 487              		.loc 1 225 9 is_stmt 0 view .LVU146
 488 0050 2846     		mov	r0, r5
 489 0052 FFF7FEFF 		bl	HAL_PCDEx_DeActivateBCD
 490              	.LVL40:
 228:Drivers/STM32H7xx_HAL_Driver/Src/stm32h7xx_hal_pcd_ex.c ****   {
 491              		.loc 1 228 3 is_stmt 1 view .LVU147
 228:Drivers/STM32H7xx_HAL_Driver/Src/stm32h7xx_hal_pcd_ex.c ****   {
 492              		.loc 1 228 8 is_stmt 0 view .LVU148
 493 0056 FFF7FEFF 		bl	HAL_GetTick
 494              	.LVL41:
 228:Drivers/STM32H7xx_HAL_Driver/Src/stm32h7xx_hal_pcd_ex.c ****   {
 495              		.loc 1 228 22 discriminator 1 view .LVU149
 496 005a 801B     		subs	r0, r0, r6
 228:Drivers/STM32H7xx_HAL_Driver/Src/stm32h7xx_hal_pcd_ex.c ****   {
 497              		.loc 1 228 6 discriminator 1 view .LVU150
 498 005c B0F57A7F 		cmp	r0, #1000
 499 0060 25D9     		bls	.L23
ARM GAS  /tmp/ccDM5E0u.s 			page 16


 233:Drivers/STM32H7xx_HAL_Driver/Src/stm32h7xx_hal_pcd_ex.c **** #endif /* USE_HAL_PCD_REGISTER_CALLBACKS */
 500              		.loc 1 233 5 is_stmt 1 view .LVU151
 501 0062 FF21     		movs	r1, #255
 502 0064 2846     		mov	r0, r5
 503 0066 FFF7FEFF 		bl	HAL_PCDEx_BCD_Callback
 504              	.LVL42:
 505              	.L18:
 244:Drivers/STM32H7xx_HAL_Driver/Src/stm32h7xx_hal_pcd_ex.c **** 
 506              		.loc 1 244 1 is_stmt 0 view .LVU152
 507 006a 70BD     		pop	{r4, r5, r6, pc}
 508              	.LVL43:
 509              	.L26:
 175:Drivers/STM32H7xx_HAL_Driver/Src/stm32h7xx_hal_pcd_ex.c **** #endif /* USE_HAL_PCD_REGISTER_CALLBACKS */
 510              		.loc 1 175 5 is_stmt 1 view .LVU153
 511 006c FE21     		movs	r1, #254
 512 006e 2846     		mov	r0, r5
 513 0070 FFF7FEFF 		bl	HAL_PCDEx_BCD_Callback
 514              	.LVL44:
 515 0074 D6E7     		b	.L19
 516              	.L20:
 199:Drivers/STM32H7xx_HAL_Driver/Src/stm32h7xx_hal_pcd_ex.c ****     HAL_Delay(50U);
 517              		.loc 1 199 5 view .LVU154
 199:Drivers/STM32H7xx_HAL_Driver/Src/stm32h7xx_hal_pcd_ex.c ****     HAL_Delay(50U);
 518              		.loc 1 199 9 is_stmt 0 view .LVU155
 519 0076 A36B     		ldr	r3, [r4, #56]
 199:Drivers/STM32H7xx_HAL_Driver/Src/stm32h7xx_hal_pcd_ex.c ****     HAL_Delay(50U);
 520              		.loc 1 199 17 view .LVU156
 521 0078 23F40023 		bic	r3, r3, #524288
 522 007c A363     		str	r3, [r4, #56]
 200:Drivers/STM32H7xx_HAL_Driver/Src/stm32h7xx_hal_pcd_ex.c ****     USBx->GCCFG |= USB_OTG_GCCFG_SDEN;
 523              		.loc 1 200 5 is_stmt 1 view .LVU157
 524 007e 3220     		movs	r0, #50
 525 0080 FFF7FEFF 		bl	HAL_Delay
 526              	.LVL45:
 201:Drivers/STM32H7xx_HAL_Driver/Src/stm32h7xx_hal_pcd_ex.c ****     HAL_Delay(50U);
 527              		.loc 1 201 5 view .LVU158
 201:Drivers/STM32H7xx_HAL_Driver/Src/stm32h7xx_hal_pcd_ex.c ****     HAL_Delay(50U);
 528              		.loc 1 201 9 is_stmt 0 view .LVU159
 529 0084 A36B     		ldr	r3, [r4, #56]
 201:Drivers/STM32H7xx_HAL_Driver/Src/stm32h7xx_hal_pcd_ex.c ****     HAL_Delay(50U);
 530              		.loc 1 201 17 view .LVU160
 531 0086 43F48013 		orr	r3, r3, #1048576
 532 008a A363     		str	r3, [r4, #56]
 202:Drivers/STM32H7xx_HAL_Driver/Src/stm32h7xx_hal_pcd_ex.c **** 
 533              		.loc 1 202 5 is_stmt 1 view .LVU161
 534 008c 3220     		movs	r0, #50
 535 008e FFF7FEFF 		bl	HAL_Delay
 536              	.LVL46:
 204:Drivers/STM32H7xx_HAL_Driver/Src/stm32h7xx_hal_pcd_ex.c ****     {
 537              		.loc 1 204 5 view .LVU162
 204:Drivers/STM32H7xx_HAL_Driver/Src/stm32h7xx_hal_pcd_ex.c ****     {
 538              		.loc 1 204 14 is_stmt 0 view .LVU163
 539 0092 A36B     		ldr	r3, [r4, #56]
 204:Drivers/STM32H7xx_HAL_Driver/Src/stm32h7xx_hal_pcd_ex.c ****     {
 540              		.loc 1 204 8 view .LVU164
 541 0094 13F0040F 		tst	r3, #4
 542 0098 04D0     		beq	.L22
ARM GAS  /tmp/ccDM5E0u.s 			page 17


 210:Drivers/STM32H7xx_HAL_Driver/Src/stm32h7xx_hal_pcd_ex.c **** #endif /* USE_HAL_PCD_REGISTER_CALLBACKS */
 543              		.loc 1 210 7 is_stmt 1 view .LVU165
 544 009a FB21     		movs	r1, #251
 545 009c 2846     		mov	r0, r5
 546 009e FFF7FEFF 		bl	HAL_PCDEx_BCD_Callback
 547              	.LVL47:
 548 00a2 D5E7     		b	.L21
 549              	.L22:
 219:Drivers/STM32H7xx_HAL_Driver/Src/stm32h7xx_hal_pcd_ex.c **** #endif /* USE_HAL_PCD_REGISTER_CALLBACKS */
 550              		.loc 1 219 7 view .LVU166
 551 00a4 FC21     		movs	r1, #252
 552 00a6 2846     		mov	r0, r5
 553 00a8 FFF7FEFF 		bl	HAL_PCDEx_BCD_Callback
 554              	.LVL48:
 555 00ac D0E7     		b	.L21
 556              	.L23:
 241:Drivers/STM32H7xx_HAL_Driver/Src/stm32h7xx_hal_pcd_ex.c **** #endif /* USE_HAL_PCD_REGISTER_CALLBACKS */
 557              		.loc 1 241 5 view .LVU167
 558 00ae 0021     		movs	r1, #0
 559 00b0 2846     		mov	r0, r5
 560 00b2 FFF7FEFF 		bl	HAL_PCDEx_BCD_Callback
 561              	.LVL49:
 244:Drivers/STM32H7xx_HAL_Driver/Src/stm32h7xx_hal_pcd_ex.c **** 
 562              		.loc 1 244 1 is_stmt 0 view .LVU168
 563 00b6 D8E7     		b	.L18
 564              		.cfi_endproc
 565              	.LFE150:
 567              		.text
 568              	.Letext0:
 569              		.file 2 "/opt/arm-gnu-toolchain-15.2.rel1-x86_64-arm-none-eabi/arm-none-eabi/include/machine/_defa
 570              		.file 3 "/opt/arm-gnu-toolchain-15.2.rel1-x86_64-arm-none-eabi/arm-none-eabi/include/sys/_stdint.h
 571              		.file 4 "Drivers/CMSIS/Device/ST/STM32H7xx/Include/stm32h723xx.h"
 572              		.file 5 "Drivers/STM32H7xx_HAL_Driver/Inc/stm32h7xx_hal_def.h"
 573              		.file 6 "Drivers/STM32H7xx_HAL_Driver/Inc/stm32h7xx_ll_usb.h"
 574              		.file 7 "Drivers/STM32H7xx_HAL_Driver/Inc/stm32h7xx_hal_pcd.h"
 575              		.file 8 "Drivers/STM32H7xx_HAL_Driver/Inc/stm32h7xx_hal.h"
ARM GAS  /tmp/ccDM5E0u.s 			page 18


DEFINED SYMBOLS
                            *ABS*:00000000 stm32h7xx_hal_pcd_ex.c
     /tmp/ccDM5E0u.s:20     .text.HAL_PCDEx_SetTxFiFo:00000000 $t
     /tmp/ccDM5E0u.s:26     .text.HAL_PCDEx_SetTxFiFo:00000000 HAL_PCDEx_SetTxFiFo
     /tmp/ccDM5E0u.s:114    .text.HAL_PCDEx_SetRxFiFo:00000000 $t
     /tmp/ccDM5E0u.s:120    .text.HAL_PCDEx_SetRxFiFo:00000000 HAL_PCDEx_SetRxFiFo
     /tmp/ccDM5E0u.s:143    .text.HAL_PCDEx_ActivateLPM:00000000 $t
     /tmp/ccDM5E0u.s:149    .text.HAL_PCDEx_ActivateLPM:00000000 HAL_PCDEx_ActivateLPM
     /tmp/ccDM5E0u.s:193    .text.HAL_PCDEx_ActivateLPM:00000024 $d
     /tmp/ccDM5E0u.s:198    .text.HAL_PCDEx_DeActivateLPM:00000000 $t
     /tmp/ccDM5E0u.s:204    .text.HAL_PCDEx_DeActivateLPM:00000000 HAL_PCDEx_DeActivateLPM
     /tmp/ccDM5E0u.s:244    .text.HAL_PCDEx_DeActivateLPM:0000001c $d
     /tmp/ccDM5E0u.s:249    .text.HAL_PCDEx_ActivateBCD:00000000 $t
     /tmp/ccDM5E0u.s:255    .text.HAL_PCDEx_ActivateBCD:00000000 HAL_PCDEx_ActivateBCD
     /tmp/ccDM5E0u.s:307    .text.HAL_PCDEx_DeActivateBCD:00000000 $t
     /tmp/ccDM5E0u.s:313    .text.HAL_PCDEx_DeActivateBCD:00000000 HAL_PCDEx_DeActivateBCD
     /tmp/ccDM5E0u.s:358    .text.HAL_PCDEx_LPM_Callback:00000000 $t
     /tmp/ccDM5E0u.s:364    .text.HAL_PCDEx_LPM_Callback:00000000 HAL_PCDEx_LPM_Callback
     /tmp/ccDM5E0u.s:380    .text.HAL_PCDEx_BCD_Callback:00000000 $t
     /tmp/ccDM5E0u.s:386    .text.HAL_PCDEx_BCD_Callback:00000000 HAL_PCDEx_BCD_Callback
     /tmp/ccDM5E0u.s:402    .text.HAL_PCDEx_BCD_VBUSDetect:00000000 $t
     /tmp/ccDM5E0u.s:408    .text.HAL_PCDEx_BCD_VBUSDetect:00000000 HAL_PCDEx_BCD_VBUSDetect

UNDEFINED SYMBOLS
HAL_GetTick
HAL_Delay
