ARM GAS  /tmp/ccFJgmqJ.s 			page 1


   1              		.cpu cortex-m7
   2              		.arch armv7e-m
   3              		.fpu fpv5-d16
   4              		.eabi_attribute 28, 1
   5              		.eabi_attribute 20, 1
   6              		.eabi_attribute 21, 1
   7              		.eabi_attribute 23, 3
   8              		.eabi_attribute 24, 1
   9              		.eabi_attribute 25, 1
  10              		.eabi_attribute 26, 1
  11              		.eabi_attribute 30, 1
  12              		.eabi_attribute 34, 1
  13              		.eabi_attribute 18, 4
  14              		.file	"system_stm32h7xx.c"
  15              		.text
  16              	.Ltext0:
  17              		.cfi_sections	.debug_frame
  18              		.file 1 "Core/Src/system_stm32h7xx.c"
  19              		.section	.text.SystemInit,"ax",%progbits
  20              		.align	1
  21              		.global	SystemInit
  22              		.syntax unified
  23              		.thumb
  24              		.thumb_func
  26              	SystemInit:
  27              	.LFB146:
   1:Core/Src/system_stm32h7xx.c **** /**
   2:Core/Src/system_stm32h7xx.c ****   ******************************************************************************
   3:Core/Src/system_stm32h7xx.c ****   * @file    system_stm32h7xx.c
   4:Core/Src/system_stm32h7xx.c ****   * @author  MCD Application Team
   5:Core/Src/system_stm32h7xx.c ****   * @brief   CMSIS Cortex-Mx Device Peripheral Access Layer System Source File.
   6:Core/Src/system_stm32h7xx.c ****   *
   7:Core/Src/system_stm32h7xx.c ****   *   This file provides two functions and one global variable to be called from
   8:Core/Src/system_stm32h7xx.c ****   *   user application:
   9:Core/Src/system_stm32h7xx.c ****   *      - ExitRun0Mode(): Specifies the Power Supply source. This function is
  10:Core/Src/system_stm32h7xx.c ****   *                        called at startup just after reset and before the call
  11:Core/Src/system_stm32h7xx.c ****   *                        of SystemInit(). This call is made inside
  12:Core/Src/system_stm32h7xx.c ****   *                        the "startup_stm32h7xx.s" file.
  13:Core/Src/system_stm32h7xx.c ****   *
  14:Core/Src/system_stm32h7xx.c ****   *      - SystemInit(): This function is called at startup just after reset and
  15:Core/Src/system_stm32h7xx.c ****   *                      before branch to main program. This call is made inside
  16:Core/Src/system_stm32h7xx.c ****   *                      the "startup_stm32h7xx.s" file.
  17:Core/Src/system_stm32h7xx.c ****   *
  18:Core/Src/system_stm32h7xx.c ****   *      - SystemCoreClock variable: Contains the core clock, it can be used
  19:Core/Src/system_stm32h7xx.c ****   *                                  by the user application to setup the SysTick
  20:Core/Src/system_stm32h7xx.c ****   *                                  timer or configure other parameters.
  21:Core/Src/system_stm32h7xx.c ****   *
  22:Core/Src/system_stm32h7xx.c ****   *      - SystemCoreClockUpdate(): Updates the variable SystemCoreClock and must
  23:Core/Src/system_stm32h7xx.c ****   *                                 be called whenever the core clock is changed
  24:Core/Src/system_stm32h7xx.c ****   *                                 during program execution.
  25:Core/Src/system_stm32h7xx.c ****   *
  26:Core/Src/system_stm32h7xx.c ****   *
  27:Core/Src/system_stm32h7xx.c ****   ******************************************************************************
  28:Core/Src/system_stm32h7xx.c ****   * @attention
  29:Core/Src/system_stm32h7xx.c ****   *
  30:Core/Src/system_stm32h7xx.c ****   * Copyright (c) 2017 STMicroelectronics.
  31:Core/Src/system_stm32h7xx.c ****   * All rights reserved.
ARM GAS  /tmp/ccFJgmqJ.s 			page 2


  32:Core/Src/system_stm32h7xx.c ****   *
  33:Core/Src/system_stm32h7xx.c ****   * This software is licensed under terms that can be found in the LICENSE file
  34:Core/Src/system_stm32h7xx.c ****   * in the root directory of this software component.
  35:Core/Src/system_stm32h7xx.c ****   * If no LICENSE file comes with this software, it is provided AS-IS.
  36:Core/Src/system_stm32h7xx.c ****   *
  37:Core/Src/system_stm32h7xx.c ****   ******************************************************************************
  38:Core/Src/system_stm32h7xx.c ****   */
  39:Core/Src/system_stm32h7xx.c **** 
  40:Core/Src/system_stm32h7xx.c **** /** @addtogroup CMSIS
  41:Core/Src/system_stm32h7xx.c ****   * @{
  42:Core/Src/system_stm32h7xx.c ****   */
  43:Core/Src/system_stm32h7xx.c **** 
  44:Core/Src/system_stm32h7xx.c **** /** @addtogroup stm32h7xx_system
  45:Core/Src/system_stm32h7xx.c ****   * @{
  46:Core/Src/system_stm32h7xx.c ****   */
  47:Core/Src/system_stm32h7xx.c **** 
  48:Core/Src/system_stm32h7xx.c **** /** @addtogroup STM32H7xx_System_Private_Includes
  49:Core/Src/system_stm32h7xx.c ****   * @{
  50:Core/Src/system_stm32h7xx.c ****   */
  51:Core/Src/system_stm32h7xx.c **** 
  52:Core/Src/system_stm32h7xx.c **** #include "stm32h7xx.h"
  53:Core/Src/system_stm32h7xx.c **** #include <math.h>
  54:Core/Src/system_stm32h7xx.c **** 
  55:Core/Src/system_stm32h7xx.c **** #if !defined  (HSE_VALUE)
  56:Core/Src/system_stm32h7xx.c **** #define HSE_VALUE    ((uint32_t)25000000) /*!< Value of the External oscillator in Hz */
  57:Core/Src/system_stm32h7xx.c **** #endif /* HSE_VALUE */
  58:Core/Src/system_stm32h7xx.c **** 
  59:Core/Src/system_stm32h7xx.c **** #if !defined  (CSI_VALUE)
  60:Core/Src/system_stm32h7xx.c ****   #define CSI_VALUE    ((uint32_t)4000000) /*!< Value of the Internal oscillator in Hz*/
  61:Core/Src/system_stm32h7xx.c **** #endif /* CSI_VALUE */
  62:Core/Src/system_stm32h7xx.c **** 
  63:Core/Src/system_stm32h7xx.c **** #if !defined  (HSI_VALUE)
  64:Core/Src/system_stm32h7xx.c ****   #define HSI_VALUE    ((uint32_t)64000000) /*!< Value of the Internal oscillator in Hz*/
  65:Core/Src/system_stm32h7xx.c **** #endif /* HSI_VALUE */
  66:Core/Src/system_stm32h7xx.c **** 
  67:Core/Src/system_stm32h7xx.c **** 
  68:Core/Src/system_stm32h7xx.c **** /**
  69:Core/Src/system_stm32h7xx.c ****   * @}
  70:Core/Src/system_stm32h7xx.c ****   */
  71:Core/Src/system_stm32h7xx.c **** 
  72:Core/Src/system_stm32h7xx.c **** /** @addtogroup STM32H7xx_System_Private_TypesDefinitions
  73:Core/Src/system_stm32h7xx.c ****   * @{
  74:Core/Src/system_stm32h7xx.c ****   */
  75:Core/Src/system_stm32h7xx.c **** 
  76:Core/Src/system_stm32h7xx.c **** /**
  77:Core/Src/system_stm32h7xx.c ****   * @}
  78:Core/Src/system_stm32h7xx.c ****   */
  79:Core/Src/system_stm32h7xx.c **** 
  80:Core/Src/system_stm32h7xx.c **** /** @addtogroup STM32H7xx_System_Private_Defines
  81:Core/Src/system_stm32h7xx.c ****   * @{
  82:Core/Src/system_stm32h7xx.c ****   */
  83:Core/Src/system_stm32h7xx.c **** 
  84:Core/Src/system_stm32h7xx.c **** /************************* Miscellaneous Configuration ************************/
  85:Core/Src/system_stm32h7xx.c **** /*!< Uncomment the following line if you need to use initialized data in D2 domain SRAM (AHB SRAM) 
  86:Core/Src/system_stm32h7xx.c **** /* #define DATA_IN_D2_SRAM */
  87:Core/Src/system_stm32h7xx.c **** 
  88:Core/Src/system_stm32h7xx.c **** /* Note: Following vector table addresses must be defined in line with linker
ARM GAS  /tmp/ccFJgmqJ.s 			page 3


  89:Core/Src/system_stm32h7xx.c ****          configuration. */
  90:Core/Src/system_stm32h7xx.c **** /*!< Uncomment the following line if you need to relocate the vector table
  91:Core/Src/system_stm32h7xx.c ****      anywhere in FLASH BANK1 or AXI SRAM, else the vector table is kept at the automatic
  92:Core/Src/system_stm32h7xx.c ****      remap of boot address selected */
  93:Core/Src/system_stm32h7xx.c **** /* #define USER_VECT_TAB_ADDRESS */
  94:Core/Src/system_stm32h7xx.c **** 
  95:Core/Src/system_stm32h7xx.c **** #if defined(USER_VECT_TAB_ADDRESS)
  96:Core/Src/system_stm32h7xx.c **** #if defined(DUAL_CORE) && defined(CORE_CM4)
  97:Core/Src/system_stm32h7xx.c **** /*!< Uncomment the following line if you need to relocate your vector Table
  98:Core/Src/system_stm32h7xx.c ****      in D2 AXI SRAM else user remap will be done in FLASH BANK2. */
  99:Core/Src/system_stm32h7xx.c **** /* #define VECT_TAB_SRAM */
 100:Core/Src/system_stm32h7xx.c **** #if defined(VECT_TAB_SRAM)
 101:Core/Src/system_stm32h7xx.c **** #define VECT_TAB_BASE_ADDRESS   D2_AXISRAM_BASE   /*!< Vector Table base address field.
 102:Core/Src/system_stm32h7xx.c ****                                                        This value must be a multiple of 0x400. */
 103:Core/Src/system_stm32h7xx.c **** #else
 104:Core/Src/system_stm32h7xx.c **** #define VECT_TAB_BASE_ADDRESS   FLASH_BANK2_BASE  /*!< Vector Table base address field.
 105:Core/Src/system_stm32h7xx.c ****                                                        This value must be a multiple of 0x400. */
 106:Core/Src/system_stm32h7xx.c **** #endif /* VECT_TAB_SRAM */
 107:Core/Src/system_stm32h7xx.c **** #else
 108:Core/Src/system_stm32h7xx.c **** /*!< Uncomment the following line if you need to relocate your vector Table
 109:Core/Src/system_stm32h7xx.c ****      in D1 AXI SRAM else user remap will be done in FLASH BANK1. */
 110:Core/Src/system_stm32h7xx.c **** /* #define VECT_TAB_SRAM */
 111:Core/Src/system_stm32h7xx.c **** #if defined(VECT_TAB_SRAM)
 112:Core/Src/system_stm32h7xx.c **** #define VECT_TAB_BASE_ADDRESS   D1_AXISRAM_BASE   /*!< Vector Table base address field.
 113:Core/Src/system_stm32h7xx.c ****                                                        This value must be a multiple of 0x400. */
 114:Core/Src/system_stm32h7xx.c **** #else
 115:Core/Src/system_stm32h7xx.c **** #define VECT_TAB_BASE_ADDRESS   FLASH_BANK1_BASE  /*!< Vector Table base address field.
 116:Core/Src/system_stm32h7xx.c ****                                                        This value must be a multiple of 0x400. */
 117:Core/Src/system_stm32h7xx.c **** #endif /* VECT_TAB_SRAM */
 118:Core/Src/system_stm32h7xx.c **** #endif /* DUAL_CORE && CORE_CM4 */
 119:Core/Src/system_stm32h7xx.c **** 
 120:Core/Src/system_stm32h7xx.c **** #if !defined(VECT_TAB_OFFSET)
 121:Core/Src/system_stm32h7xx.c **** #define VECT_TAB_OFFSET         0x00000000U       /*!< Vector Table base offset field.
 122:Core/Src/system_stm32h7xx.c ****                                                        This value must be a multiple of 0x400. */
 123:Core/Src/system_stm32h7xx.c **** #endif /* VECT_TAB_OFFSET */
 124:Core/Src/system_stm32h7xx.c **** 
 125:Core/Src/system_stm32h7xx.c **** #endif /* USER_VECT_TAB_ADDRESS */
 126:Core/Src/system_stm32h7xx.c **** /******************************************************************************/
 127:Core/Src/system_stm32h7xx.c **** 
 128:Core/Src/system_stm32h7xx.c **** /**
 129:Core/Src/system_stm32h7xx.c ****   * @}
 130:Core/Src/system_stm32h7xx.c ****   */
 131:Core/Src/system_stm32h7xx.c **** 
 132:Core/Src/system_stm32h7xx.c **** /** @addtogroup STM32H7xx_System_Private_Macros
 133:Core/Src/system_stm32h7xx.c ****   * @{
 134:Core/Src/system_stm32h7xx.c ****   */
 135:Core/Src/system_stm32h7xx.c **** 
 136:Core/Src/system_stm32h7xx.c **** /**
 137:Core/Src/system_stm32h7xx.c ****   * @}
 138:Core/Src/system_stm32h7xx.c ****   */
 139:Core/Src/system_stm32h7xx.c **** 
 140:Core/Src/system_stm32h7xx.c **** /** @addtogroup STM32H7xx_System_Private_Variables
 141:Core/Src/system_stm32h7xx.c ****   * @{
 142:Core/Src/system_stm32h7xx.c ****   */
 143:Core/Src/system_stm32h7xx.c ****   /* This variable is updated in three ways:
 144:Core/Src/system_stm32h7xx.c ****       1) by calling CMSIS function SystemCoreClockUpdate()
 145:Core/Src/system_stm32h7xx.c ****       2) by calling HAL API function HAL_RCC_GetHCLKFreq()
ARM GAS  /tmp/ccFJgmqJ.s 			page 4


 146:Core/Src/system_stm32h7xx.c ****       3) each time HAL_RCC_ClockConfig() is called to configure the system clock frequency
 147:Core/Src/system_stm32h7xx.c ****          Note: If you use this function to configure the system clock; then there
 148:Core/Src/system_stm32h7xx.c ****                is no need to call the 2 first functions listed above, since SystemCoreClock
 149:Core/Src/system_stm32h7xx.c ****                variable is updated automatically.
 150:Core/Src/system_stm32h7xx.c ****   */
 151:Core/Src/system_stm32h7xx.c ****   uint32_t SystemCoreClock = 64000000;
 152:Core/Src/system_stm32h7xx.c ****   uint32_t SystemD2Clock = 64000000;
 153:Core/Src/system_stm32h7xx.c ****   const  uint8_t D1CorePrescTable[16] = {0, 0, 0, 0, 1, 2, 3, 4, 1, 2, 3, 4, 6, 7, 8, 9};
 154:Core/Src/system_stm32h7xx.c **** 
 155:Core/Src/system_stm32h7xx.c **** /**
 156:Core/Src/system_stm32h7xx.c ****   * @}
 157:Core/Src/system_stm32h7xx.c ****   */
 158:Core/Src/system_stm32h7xx.c **** 
 159:Core/Src/system_stm32h7xx.c **** /** @addtogroup STM32H7xx_System_Private_FunctionPrototypes
 160:Core/Src/system_stm32h7xx.c ****   * @{
 161:Core/Src/system_stm32h7xx.c ****   */
 162:Core/Src/system_stm32h7xx.c **** 
 163:Core/Src/system_stm32h7xx.c **** /**
 164:Core/Src/system_stm32h7xx.c ****   * @}
 165:Core/Src/system_stm32h7xx.c ****   */
 166:Core/Src/system_stm32h7xx.c **** 
 167:Core/Src/system_stm32h7xx.c **** /** @addtogroup STM32H7xx_System_Private_Functions
 168:Core/Src/system_stm32h7xx.c ****   * @{
 169:Core/Src/system_stm32h7xx.c ****   */
 170:Core/Src/system_stm32h7xx.c **** 
 171:Core/Src/system_stm32h7xx.c **** /**
 172:Core/Src/system_stm32h7xx.c ****   * @brief  Setup the microcontroller system
 173:Core/Src/system_stm32h7xx.c ****   *         Initialize the FPU setting and  vector table location
 174:Core/Src/system_stm32h7xx.c ****   *         configuration.
 175:Core/Src/system_stm32h7xx.c ****   * @param  None
 176:Core/Src/system_stm32h7xx.c ****   * @retval None
 177:Core/Src/system_stm32h7xx.c ****   */
 178:Core/Src/system_stm32h7xx.c **** void SystemInit (void)
 179:Core/Src/system_stm32h7xx.c **** {
  28              		.loc 1 179 1 view -0
  29              		.cfi_startproc
  30              		@ args = 0, pretend = 0, frame = 0
  31              		@ frame_needed = 0, uses_anonymous_args = 0
  32              		@ link register save eliminated.
 180:Core/Src/system_stm32h7xx.c **** #if defined (DATA_IN_D2_SRAM)
 181:Core/Src/system_stm32h7xx.c ****  __IO uint32_t tmpreg;
 182:Core/Src/system_stm32h7xx.c **** #endif /* DATA_IN_D2_SRAM */
 183:Core/Src/system_stm32h7xx.c **** 
 184:Core/Src/system_stm32h7xx.c ****   /* FPU settings ------------------------------------------------------------*/
 185:Core/Src/system_stm32h7xx.c ****   #if (__FPU_PRESENT == 1) && (__FPU_USED == 1)
 186:Core/Src/system_stm32h7xx.c ****     SCB->CPACR |= ((3UL << (10*2))|(3UL << (11*2)));  /* set CP10 and CP11 Full Access */
  33              		.loc 1 186 5 view .LVU1
  34              		.loc 1 186 8 is_stmt 0 view .LVU2
  35 0000 2B4A     		ldr	r2, .L5
  36 0002 D2F88830 		ldr	r3, [r2, #136]
  37              		.loc 1 186 16 view .LVU3
  38 0006 43F47003 		orr	r3, r3, #15728640
  39 000a C2F88830 		str	r3, [r2, #136]
 187:Core/Src/system_stm32h7xx.c ****   #endif
 188:Core/Src/system_stm32h7xx.c ****   /* Reset the RCC clock configuration to the default reset state ------------*/
 189:Core/Src/system_stm32h7xx.c **** 
 190:Core/Src/system_stm32h7xx.c ****    /* Increasing the CPU frequency */
ARM GAS  /tmp/ccFJgmqJ.s 			page 5


 191:Core/Src/system_stm32h7xx.c ****   if(FLASH_LATENCY_DEFAULT  > (READ_BIT((FLASH->ACR), FLASH_ACR_LATENCY)))
  40              		.loc 1 191 3 is_stmt 1 view .LVU4
  41              		.loc 1 191 32 is_stmt 0 view .LVU5
  42 000e 294B     		ldr	r3, .L5+4
  43 0010 1B68     		ldr	r3, [r3]
  44 0012 03F00F03 		and	r3, r3, #15
  45              		.loc 1 191 5 view .LVU6
  46 0016 062B     		cmp	r3, #6
  47 0018 06D8     		bhi	.L2
 192:Core/Src/system_stm32h7xx.c ****   {
 193:Core/Src/system_stm32h7xx.c ****     /* Program the new number of wait states to the LATENCY bits in the FLASH_ACR register */
 194:Core/Src/system_stm32h7xx.c ****     MODIFY_REG(FLASH->ACR, FLASH_ACR_LATENCY, (uint32_t)(FLASH_LATENCY_DEFAULT));
  48              		.loc 1 194 5 is_stmt 1 view .LVU7
  49 001a 264A     		ldr	r2, .L5+4
  50 001c 1368     		ldr	r3, [r2]
  51 001e 23F00F03 		bic	r3, r3, #15
  52 0022 43F00703 		orr	r3, r3, #7
  53 0026 1360     		str	r3, [r2]
  54              	.L2:
 195:Core/Src/system_stm32h7xx.c ****   }
 196:Core/Src/system_stm32h7xx.c **** 
 197:Core/Src/system_stm32h7xx.c ****   /* Set HSION bit */
 198:Core/Src/system_stm32h7xx.c ****   RCC->CR |= RCC_CR_HSION;
  55              		.loc 1 198 3 view .LVU8
  56              		.loc 1 198 6 is_stmt 0 view .LVU9
  57 0028 234B     		ldr	r3, .L5+8
  58 002a 1A68     		ldr	r2, [r3]
  59              		.loc 1 198 11 view .LVU10
  60 002c 42F00102 		orr	r2, r2, #1
  61 0030 1A60     		str	r2, [r3]
 199:Core/Src/system_stm32h7xx.c **** 
 200:Core/Src/system_stm32h7xx.c ****   /* Reset CFGR register */
 201:Core/Src/system_stm32h7xx.c ****   RCC->CFGR = 0x00000000;
  62              		.loc 1 201 3 is_stmt 1 view .LVU11
  63              		.loc 1 201 13 is_stmt 0 view .LVU12
  64 0032 0022     		movs	r2, #0
  65 0034 1A61     		str	r2, [r3, #16]
 202:Core/Src/system_stm32h7xx.c **** 
 203:Core/Src/system_stm32h7xx.c ****   /* Reset HSEON, HSECSSON, CSION, HSI48ON, CSIKERON, PLL1ON, PLL2ON and PLL3ON bits */
 204:Core/Src/system_stm32h7xx.c ****   RCC->CR &= 0xEAF6ED7FU;
  66              		.loc 1 204 3 is_stmt 1 view .LVU13
  67              		.loc 1 204 6 is_stmt 0 view .LVU14
  68 0036 1968     		ldr	r1, [r3]
  69              		.loc 1 204 11 view .LVU15
  70 0038 204A     		ldr	r2, .L5+12
  71 003a 0A40     		ands	r2, r2, r1
  72 003c 1A60     		str	r2, [r3]
 205:Core/Src/system_stm32h7xx.c **** 
 206:Core/Src/system_stm32h7xx.c ****    /* Decreasing the number of wait states because of lower CPU frequency */
 207:Core/Src/system_stm32h7xx.c ****   if(FLASH_LATENCY_DEFAULT  < (READ_BIT((FLASH->ACR), FLASH_ACR_LATENCY)))
  73              		.loc 1 207 3 is_stmt 1 view .LVU16
  74              		.loc 1 207 32 is_stmt 0 view .LVU17
  75 003e 1D4B     		ldr	r3, .L5+4
  76 0040 1B68     		ldr	r3, [r3]
  77              		.loc 1 207 5 view .LVU18
  78 0042 13F0080F 		tst	r3, #8
  79 0046 06D0     		beq	.L3
ARM GAS  /tmp/ccFJgmqJ.s 			page 6


 208:Core/Src/system_stm32h7xx.c ****   {
 209:Core/Src/system_stm32h7xx.c ****     /* Program the new number of wait states to the LATENCY bits in the FLASH_ACR register */
 210:Core/Src/system_stm32h7xx.c ****     MODIFY_REG(FLASH->ACR, FLASH_ACR_LATENCY, (uint32_t)(FLASH_LATENCY_DEFAULT));
  80              		.loc 1 210 5 is_stmt 1 view .LVU19
  81 0048 1A4A     		ldr	r2, .L5+4
  82 004a 1368     		ldr	r3, [r2]
  83 004c 23F00F03 		bic	r3, r3, #15
  84 0050 43F00703 		orr	r3, r3, #7
  85 0054 1360     		str	r3, [r2]
  86              	.L3:
 211:Core/Src/system_stm32h7xx.c ****   }
 212:Core/Src/system_stm32h7xx.c **** 
 213:Core/Src/system_stm32h7xx.c **** #if defined(D3_SRAM_BASE)
 214:Core/Src/system_stm32h7xx.c ****   /* Reset D1CFGR register */
 215:Core/Src/system_stm32h7xx.c ****   RCC->D1CFGR = 0x00000000;
  87              		.loc 1 215 3 view .LVU20
  88              		.loc 1 215 15 is_stmt 0 view .LVU21
  89 0056 184B     		ldr	r3, .L5+8
  90 0058 0022     		movs	r2, #0
  91 005a 9A61     		str	r2, [r3, #24]
 216:Core/Src/system_stm32h7xx.c **** 
 217:Core/Src/system_stm32h7xx.c ****   /* Reset D2CFGR register */
 218:Core/Src/system_stm32h7xx.c ****   RCC->D2CFGR = 0x00000000;
  92              		.loc 1 218 3 is_stmt 1 view .LVU22
  93              		.loc 1 218 15 is_stmt 0 view .LVU23
  94 005c DA61     		str	r2, [r3, #28]
 219:Core/Src/system_stm32h7xx.c **** 
 220:Core/Src/system_stm32h7xx.c ****   /* Reset D3CFGR register */
 221:Core/Src/system_stm32h7xx.c ****   RCC->D3CFGR = 0x00000000;
  95              		.loc 1 221 3 is_stmt 1 view .LVU24
  96              		.loc 1 221 15 is_stmt 0 view .LVU25
  97 005e 1A62     		str	r2, [r3, #32]
 222:Core/Src/system_stm32h7xx.c **** #else
 223:Core/Src/system_stm32h7xx.c ****   /* Reset CDCFGR1 register */
 224:Core/Src/system_stm32h7xx.c ****   RCC->CDCFGR1 = 0x00000000;
 225:Core/Src/system_stm32h7xx.c **** 
 226:Core/Src/system_stm32h7xx.c ****   /* Reset CDCFGR2 register */
 227:Core/Src/system_stm32h7xx.c ****   RCC->CDCFGR2 = 0x00000000;
 228:Core/Src/system_stm32h7xx.c **** 
 229:Core/Src/system_stm32h7xx.c ****   /* Reset SRDCFGR register */
 230:Core/Src/system_stm32h7xx.c ****   RCC->SRDCFGR = 0x00000000;
 231:Core/Src/system_stm32h7xx.c **** #endif
 232:Core/Src/system_stm32h7xx.c ****   /* Reset PLLCKSELR register */
 233:Core/Src/system_stm32h7xx.c ****   RCC->PLLCKSELR = 0x02020200;
  98              		.loc 1 233 3 is_stmt 1 view .LVU26
  99              		.loc 1 233 18 is_stmt 0 view .LVU27
 100 0060 1749     		ldr	r1, .L5+16
 101 0062 9962     		str	r1, [r3, #40]
 234:Core/Src/system_stm32h7xx.c **** 
 235:Core/Src/system_stm32h7xx.c ****   /* Reset PLLCFGR register */
 236:Core/Src/system_stm32h7xx.c ****   RCC->PLLCFGR = 0x01FF0000;
 102              		.loc 1 236 3 is_stmt 1 view .LVU28
 103              		.loc 1 236 16 is_stmt 0 view .LVU29
 104 0064 1749     		ldr	r1, .L5+20
 105 0066 D962     		str	r1, [r3, #44]
 237:Core/Src/system_stm32h7xx.c ****   /* Reset PLL1DIVR register */
 238:Core/Src/system_stm32h7xx.c ****   RCC->PLL1DIVR = 0x01010280;
ARM GAS  /tmp/ccFJgmqJ.s 			page 7


 106              		.loc 1 238 3 is_stmt 1 view .LVU30
 107              		.loc 1 238 17 is_stmt 0 view .LVU31
 108 0068 1749     		ldr	r1, .L5+24
 109 006a 1963     		str	r1, [r3, #48]
 239:Core/Src/system_stm32h7xx.c ****   /* Reset PLL1FRACR register */
 240:Core/Src/system_stm32h7xx.c ****   RCC->PLL1FRACR = 0x00000000;
 110              		.loc 1 240 3 is_stmt 1 view .LVU32
 111              		.loc 1 240 18 is_stmt 0 view .LVU33
 112 006c 5A63     		str	r2, [r3, #52]
 241:Core/Src/system_stm32h7xx.c **** 
 242:Core/Src/system_stm32h7xx.c ****   /* Reset PLL2DIVR register */
 243:Core/Src/system_stm32h7xx.c ****   RCC->PLL2DIVR = 0x01010280;
 113              		.loc 1 243 3 is_stmt 1 view .LVU34
 114              		.loc 1 243 17 is_stmt 0 view .LVU35
 115 006e 9963     		str	r1, [r3, #56]
 244:Core/Src/system_stm32h7xx.c **** 
 245:Core/Src/system_stm32h7xx.c ****   /* Reset PLL2FRACR register */
 246:Core/Src/system_stm32h7xx.c **** 
 247:Core/Src/system_stm32h7xx.c ****   RCC->PLL2FRACR = 0x00000000;
 116              		.loc 1 247 3 is_stmt 1 view .LVU36
 117              		.loc 1 247 18 is_stmt 0 view .LVU37
 118 0070 DA63     		str	r2, [r3, #60]
 248:Core/Src/system_stm32h7xx.c ****   /* Reset PLL3DIVR register */
 249:Core/Src/system_stm32h7xx.c ****   RCC->PLL3DIVR = 0x01010280;
 119              		.loc 1 249 3 is_stmt 1 view .LVU38
 120              		.loc 1 249 17 is_stmt 0 view .LVU39
 121 0072 1964     		str	r1, [r3, #64]
 250:Core/Src/system_stm32h7xx.c **** 
 251:Core/Src/system_stm32h7xx.c ****   /* Reset PLL3FRACR register */
 252:Core/Src/system_stm32h7xx.c ****   RCC->PLL3FRACR = 0x00000000;
 122              		.loc 1 252 3 is_stmt 1 view .LVU40
 123              		.loc 1 252 18 is_stmt 0 view .LVU41
 124 0074 5A64     		str	r2, [r3, #68]
 253:Core/Src/system_stm32h7xx.c **** 
 254:Core/Src/system_stm32h7xx.c ****   /* Reset HSEBYP bit */
 255:Core/Src/system_stm32h7xx.c ****   RCC->CR &= 0xFFFBFFFFU;
 125              		.loc 1 255 3 is_stmt 1 view .LVU42
 126              		.loc 1 255 6 is_stmt 0 view .LVU43
 127 0076 1968     		ldr	r1, [r3]
 128              		.loc 1 255 11 view .LVU44
 129 0078 21F48021 		bic	r1, r1, #262144
 130 007c 1960     		str	r1, [r3]
 256:Core/Src/system_stm32h7xx.c **** 
 257:Core/Src/system_stm32h7xx.c ****   /* Disable all interrupts */
 258:Core/Src/system_stm32h7xx.c ****   RCC->CIER = 0x00000000;
 131              		.loc 1 258 3 is_stmt 1 view .LVU45
 132              		.loc 1 258 13 is_stmt 0 view .LVU46
 133 007e 1A66     		str	r2, [r3, #96]
 259:Core/Src/system_stm32h7xx.c **** 
 260:Core/Src/system_stm32h7xx.c **** #if (STM32H7_DEV_ID == 0x450UL)
 261:Core/Src/system_stm32h7xx.c ****   /* dual core CM7 or single core line */
 262:Core/Src/system_stm32h7xx.c ****   if((DBGMCU->IDCODE & 0xFFFF0000U) < 0x20000000U)
 263:Core/Src/system_stm32h7xx.c ****   {
 264:Core/Src/system_stm32h7xx.c ****     /* if stm32h7 revY*/
 265:Core/Src/system_stm32h7xx.c ****     /* Change  the switch matrix read issuing capability to 1 for the AXI SRAM target (Target 7) */
 266:Core/Src/system_stm32h7xx.c ****     *((__IO uint32_t*)0x51008108) = 0x000000001U;
 267:Core/Src/system_stm32h7xx.c ****   }
ARM GAS  /tmp/ccFJgmqJ.s 			page 8


 268:Core/Src/system_stm32h7xx.c **** #endif /* STM32H7_DEV_ID */
 269:Core/Src/system_stm32h7xx.c **** 
 270:Core/Src/system_stm32h7xx.c **** #if defined(DATA_IN_D2_SRAM)
 271:Core/Src/system_stm32h7xx.c ****   /* in case of initialized data in D2 SRAM (AHB SRAM), enable the D2 SRAM clock (AHB SRAM clock) *
 272:Core/Src/system_stm32h7xx.c **** #if defined(RCC_AHB2ENR_D2SRAM3EN)
 273:Core/Src/system_stm32h7xx.c ****   RCC->AHB2ENR |= (RCC_AHB2ENR_D2SRAM1EN | RCC_AHB2ENR_D2SRAM2EN | RCC_AHB2ENR_D2SRAM3EN);
 274:Core/Src/system_stm32h7xx.c **** #elif defined(RCC_AHB2ENR_D2SRAM2EN)
 275:Core/Src/system_stm32h7xx.c ****   RCC->AHB2ENR |= (RCC_AHB2ENR_D2SRAM1EN | RCC_AHB2ENR_D2SRAM2EN);
 276:Core/Src/system_stm32h7xx.c **** #else
 277:Core/Src/system_stm32h7xx.c ****   RCC->AHB2ENR |= (RCC_AHB2ENR_AHBSRAM1EN | RCC_AHB2ENR_AHBSRAM2EN);
 278:Core/Src/system_stm32h7xx.c **** #endif /* RCC_AHB2ENR_D2SRAM3EN */
 279:Core/Src/system_stm32h7xx.c **** 
 280:Core/Src/system_stm32h7xx.c ****   tmpreg = RCC->AHB2ENR;
 281:Core/Src/system_stm32h7xx.c ****   (void) tmpreg;
 282:Core/Src/system_stm32h7xx.c **** #endif /* DATA_IN_D2_SRAM */
 283:Core/Src/system_stm32h7xx.c **** 
 284:Core/Src/system_stm32h7xx.c **** #if defined(DUAL_CORE) && defined(CORE_CM4)
 285:Core/Src/system_stm32h7xx.c ****   /* Configure the Vector Table location add offset address for cortex-M4 ------------------*/
 286:Core/Src/system_stm32h7xx.c **** #if defined(USER_VECT_TAB_ADDRESS)
 287:Core/Src/system_stm32h7xx.c ****   SCB->VTOR = VECT_TAB_BASE_ADDRESS | VECT_TAB_OFFSET; /* Vector Table Relocation in Internal D2 AX
 288:Core/Src/system_stm32h7xx.c **** #endif /* USER_VECT_TAB_ADDRESS */
 289:Core/Src/system_stm32h7xx.c **** 
 290:Core/Src/system_stm32h7xx.c **** #else
 291:Core/Src/system_stm32h7xx.c ****   if(READ_BIT(RCC->AHB3ENR, RCC_AHB3ENR_FMCEN) == 0U)
 134              		.loc 1 291 3 is_stmt 1 view .LVU47
 135              		.loc 1 291 6 is_stmt 0 view .LVU48
 136 0080 D3F8D430 		ldr	r3, [r3, #212]
 137              		.loc 1 291 5 view .LVU49
 138 0084 13F4805F 		tst	r3, #4096
 139 0088 10D1     		bne	.L1
 292:Core/Src/system_stm32h7xx.c ****   {
 293:Core/Src/system_stm32h7xx.c ****     /* Enable the FMC interface clock */
 294:Core/Src/system_stm32h7xx.c ****     SET_BIT(RCC->AHB3ENR, RCC_AHB3ENR_FMCEN);
 140              		.loc 1 294 5 is_stmt 1 view .LVU50
 141 008a 0B4B     		ldr	r3, .L5+8
 142 008c D3F8D420 		ldr	r2, [r3, #212]
 143 0090 42F48052 		orr	r2, r2, #4096
 144 0094 C3F8D420 		str	r2, [r3, #212]
 295:Core/Src/system_stm32h7xx.c **** 
 296:Core/Src/system_stm32h7xx.c ****     /*
 297:Core/Src/system_stm32h7xx.c ****      * Disable the FMC bank1 (enabled after reset).
 298:Core/Src/system_stm32h7xx.c ****      * This, prevents CPU speculation access on this bank which blocks the use of FMC during
 299:Core/Src/system_stm32h7xx.c ****      * 24us. During this time the others FMC master (such as LTDC) cannot use it!
 300:Core/Src/system_stm32h7xx.c ****      */
 301:Core/Src/system_stm32h7xx.c ****     FMC_Bank1_R->BTCR[0] = 0x000030D2;
 145              		.loc 1 301 5 view .LVU51
 146              		.loc 1 301 26 is_stmt 0 view .LVU52
 147 0098 0C4A     		ldr	r2, .L5+28
 148 009a 43F2D201 		movw	r1, #12498
 149 009e 1160     		str	r1, [r2]
 302:Core/Src/system_stm32h7xx.c **** 
 303:Core/Src/system_stm32h7xx.c ****     /* Disable the FMC interface clock */
 304:Core/Src/system_stm32h7xx.c ****     CLEAR_BIT(RCC->AHB3ENR, RCC_AHB3ENR_FMCEN);
 150              		.loc 1 304 5 is_stmt 1 view .LVU53
 151 00a0 D3F8D420 		ldr	r2, [r3, #212]
 152 00a4 22F48052 		bic	r2, r2, #4096
 153 00a8 C3F8D420 		str	r2, [r3, #212]
ARM GAS  /tmp/ccFJgmqJ.s 			page 9


 154              	.L1:
 305:Core/Src/system_stm32h7xx.c ****   }
 306:Core/Src/system_stm32h7xx.c **** 
 307:Core/Src/system_stm32h7xx.c ****   /* Configure the Vector Table location -------------------------------------*/
 308:Core/Src/system_stm32h7xx.c **** #if defined(USER_VECT_TAB_ADDRESS)
 309:Core/Src/system_stm32h7xx.c ****   SCB->VTOR = VECT_TAB_BASE_ADDRESS | VECT_TAB_OFFSET; /* Vector Table Relocation in Internal D1 AX
 310:Core/Src/system_stm32h7xx.c **** #endif /* USER_VECT_TAB_ADDRESS */
 311:Core/Src/system_stm32h7xx.c **** 
 312:Core/Src/system_stm32h7xx.c **** #endif /*DUAL_CORE && CORE_CM4*/
 313:Core/Src/system_stm32h7xx.c **** }
 155              		.loc 1 313 1 is_stmt 0 view .LVU54
 156 00ac 7047     		bx	lr
 157              	.L6:
 158 00ae 00BF     		.align	2
 159              	.L5:
 160 00b0 00ED00E0 		.word	-536810240
 161 00b4 00200052 		.word	1375739904
 162 00b8 00440258 		.word	1476543488
 163 00bc 7FEDF6EA 		.word	-352916097
 164 00c0 00020202 		.word	33686016
 165 00c4 0000FF01 		.word	33488896
 166 00c8 80020101 		.word	16843392
 167 00cc 00400052 		.word	1375748096
 168              		.cfi_endproc
 169              	.LFE146:
 171              		.section	.text.SystemCoreClockUpdate,"ax",%progbits
 172              		.align	1
 173              		.global	SystemCoreClockUpdate
 174              		.syntax unified
 175              		.thumb
 176              		.thumb_func
 178              	SystemCoreClockUpdate:
 179              	.LFB147:
 314:Core/Src/system_stm32h7xx.c **** 
 315:Core/Src/system_stm32h7xx.c **** /**
 316:Core/Src/system_stm32h7xx.c ****   * @brief  Update SystemCoreClock variable according to Clock Register Values.
 317:Core/Src/system_stm32h7xx.c ****   *         The SystemCoreClock variable contains the core clock , it can
 318:Core/Src/system_stm32h7xx.c ****   *         be used by the user application to setup the SysTick timer or configure
 319:Core/Src/system_stm32h7xx.c ****   *         other parameters.
 320:Core/Src/system_stm32h7xx.c ****   *
 321:Core/Src/system_stm32h7xx.c ****   * @note   Each time the core clock changes, this function must be called
 322:Core/Src/system_stm32h7xx.c ****   *         to update SystemCoreClock variable value. Otherwise, any configuration
 323:Core/Src/system_stm32h7xx.c ****   *         based on this variable will be incorrect.
 324:Core/Src/system_stm32h7xx.c ****   *
 325:Core/Src/system_stm32h7xx.c ****   * @note   - The system frequency computed by this function is not the real
 326:Core/Src/system_stm32h7xx.c ****   *           frequency in the chip. It is calculated based on the predefined
 327:Core/Src/system_stm32h7xx.c ****   *           constant and the selected clock source:
 328:Core/Src/system_stm32h7xx.c ****   *
 329:Core/Src/system_stm32h7xx.c ****   *           - If SYSCLK source is CSI, SystemCoreClock will contain the CSI_VALUE(*)
 330:Core/Src/system_stm32h7xx.c ****   *           - If SYSCLK source is HSI, SystemCoreClock will contain the HSI_VALUE(**)
 331:Core/Src/system_stm32h7xx.c ****   *           - If SYSCLK source is HSE, SystemCoreClock will contain the HSE_VALUE(***)
 332:Core/Src/system_stm32h7xx.c ****   *           - If SYSCLK source is PLL, SystemCoreClock will contain the CSI_VALUE(*),
 333:Core/Src/system_stm32h7xx.c ****   *             HSI_VALUE(**) or HSE_VALUE(***) multiplied/divided by the PLL factors.
 334:Core/Src/system_stm32h7xx.c ****   *
 335:Core/Src/system_stm32h7xx.c ****   *         (*) CSI_VALUE is a constant defined in stm32h7xx_hal.h file (default value
 336:Core/Src/system_stm32h7xx.c ****   *             4 MHz) but the real value may vary depending on the variations
 337:Core/Src/system_stm32h7xx.c ****   *             in voltage and temperature.
ARM GAS  /tmp/ccFJgmqJ.s 			page 10


 338:Core/Src/system_stm32h7xx.c ****   *         (**) HSI_VALUE is a constant defined in stm32h7xx_hal.h file (default value
 339:Core/Src/system_stm32h7xx.c ****   *             64 MHz) but the real value may vary depending on the variations
 340:Core/Src/system_stm32h7xx.c ****   *             in voltage and temperature.
 341:Core/Src/system_stm32h7xx.c ****   *
 342:Core/Src/system_stm32h7xx.c ****   *         (***)HSE_VALUE is a constant defined in stm32h7xx_hal.h file (default value
 343:Core/Src/system_stm32h7xx.c ****   *              25 MHz), user has to ensure that HSE_VALUE is same as the real
 344:Core/Src/system_stm32h7xx.c ****   *              frequency of the crystal used. Otherwise, this function may
 345:Core/Src/system_stm32h7xx.c ****   *              have wrong result.
 346:Core/Src/system_stm32h7xx.c ****   *
 347:Core/Src/system_stm32h7xx.c ****   *         - The result of this function could be not correct when using fractional
 348:Core/Src/system_stm32h7xx.c ****   *           value for HSE crystal.
 349:Core/Src/system_stm32h7xx.c ****   * @param  None
 350:Core/Src/system_stm32h7xx.c ****   * @retval None
 351:Core/Src/system_stm32h7xx.c ****   */
 352:Core/Src/system_stm32h7xx.c **** void SystemCoreClockUpdate (void)
 353:Core/Src/system_stm32h7xx.c **** {
 180              		.loc 1 353 1 is_stmt 1 view -0
 181              		.cfi_startproc
 182              		@ args = 0, pretend = 0, frame = 0
 183              		@ frame_needed = 0, uses_anonymous_args = 0
 184              		@ link register save eliminated.
 354:Core/Src/system_stm32h7xx.c ****   uint32_t pllp, pllsource, pllm, pllfracen, hsivalue, tmp;
 185              		.loc 1 354 3 view .LVU56
 355:Core/Src/system_stm32h7xx.c ****   uint32_t common_system_clock;
 186              		.loc 1 355 3 view .LVU57
 356:Core/Src/system_stm32h7xx.c ****   float_t fracn1, pllvco;
 187              		.loc 1 356 3 view .LVU58
 357:Core/Src/system_stm32h7xx.c **** 
 358:Core/Src/system_stm32h7xx.c **** 
 359:Core/Src/system_stm32h7xx.c ****   /* Get SYSCLK source -------------------------------------------------------*/
 360:Core/Src/system_stm32h7xx.c **** 
 361:Core/Src/system_stm32h7xx.c ****   switch (RCC->CFGR & RCC_CFGR_SWS)
 188              		.loc 1 361 3 view .LVU59
 189              		.loc 1 361 14 is_stmt 0 view .LVU60
 190 0000 714B     		ldr	r3, .L19
 191 0002 1B69     		ldr	r3, [r3, #16]
 192              		.loc 1 361 21 view .LVU61
 193 0004 03F03803 		and	r3, r3, #56
 194              		.loc 1 361 3 view .LVU62
 195 0008 102B     		cmp	r3, #16
 196 000a 00F0DB80 		beq	.L17
 197 000e 06D8     		bhi	.L9
 198 0010 002B     		cmp	r3, #0
 199 0012 58D0     		beq	.L10
 200 0014 082B     		cmp	r3, #8
 201 0016 40F0CE80 		bne	.L11
 202 001a 6C4A     		ldr	r2, .L19+4
 203 001c 59E0     		b	.L8
 204              	.L9:
 205 001e 182B     		cmp	r3, #24
 206 0020 40F0C980 		bne	.L11
 362:Core/Src/system_stm32h7xx.c ****   {
 363:Core/Src/system_stm32h7xx.c ****   case RCC_CFGR_SWS_HSI:  /* HSI used as system clock source */
 364:Core/Src/system_stm32h7xx.c ****     common_system_clock = (uint32_t) (HSI_VALUE >> ((RCC->CR & RCC_CR_HSIDIV)>> 3));
 365:Core/Src/system_stm32h7xx.c ****     break;
 366:Core/Src/system_stm32h7xx.c **** 
 367:Core/Src/system_stm32h7xx.c ****   case RCC_CFGR_SWS_CSI:  /* CSI used as system clock  source */
ARM GAS  /tmp/ccFJgmqJ.s 			page 11


 368:Core/Src/system_stm32h7xx.c ****     common_system_clock = CSI_VALUE;
 369:Core/Src/system_stm32h7xx.c ****     break;
 370:Core/Src/system_stm32h7xx.c **** 
 371:Core/Src/system_stm32h7xx.c ****   case RCC_CFGR_SWS_HSE:  /* HSE used as system clock  source */
 372:Core/Src/system_stm32h7xx.c ****     common_system_clock = HSE_VALUE;
 373:Core/Src/system_stm32h7xx.c ****     break;
 374:Core/Src/system_stm32h7xx.c **** 
 375:Core/Src/system_stm32h7xx.c ****   case RCC_CFGR_SWS_PLL1:  /* PLL1 used as system clock  source */
 376:Core/Src/system_stm32h7xx.c **** 
 377:Core/Src/system_stm32h7xx.c ****     /* PLL_VCO = (HSE_VALUE or HSI_VALUE or CSI_VALUE/ PLLM) * PLLN
 378:Core/Src/system_stm32h7xx.c ****     SYSCLK = PLL_VCO / PLLR
 379:Core/Src/system_stm32h7xx.c ****     */
 380:Core/Src/system_stm32h7xx.c ****     pllsource = (RCC->PLLCKSELR & RCC_PLLCKSELR_PLLSRC);
 207              		.loc 1 380 5 is_stmt 1 view .LVU63
 208              		.loc 1 380 21 is_stmt 0 view .LVU64
 209 0024 684B     		ldr	r3, .L19
 210 0026 996A     		ldr	r1, [r3, #40]
 211              		.loc 1 380 15 view .LVU65
 212 0028 01F00301 		and	r1, r1, #3
 213              	.LVL0:
 381:Core/Src/system_stm32h7xx.c ****     pllm = ((RCC->PLLCKSELR & RCC_PLLCKSELR_DIVM1)>> 4)  ;
 214              		.loc 1 381 5 is_stmt 1 view .LVU66
 215              		.loc 1 381 17 is_stmt 0 view .LVU67
 216 002c D3F828C0 		ldr	ip, [r3, #40]
 217              		.loc 1 381 10 view .LVU68
 218 0030 CCF30512 		ubfx	r2, ip, #4, #6
 219              	.LVL1:
 382:Core/Src/system_stm32h7xx.c ****     pllfracen = ((RCC->PLLCFGR & RCC_PLLCFGR_PLL1FRACEN)>>RCC_PLLCFGR_PLL1FRACEN_Pos);
 220              		.loc 1 382 5 is_stmt 1 view .LVU69
 221              		.loc 1 382 22 is_stmt 0 view .LVU70
 222 0034 D86A     		ldr	r0, [r3, #44]
 223              		.loc 1 382 15 view .LVU71
 224 0036 00F00100 		and	r0, r0, #1
 225              	.LVL2:
 383:Core/Src/system_stm32h7xx.c ****     fracn1 = (float_t)(uint32_t)(pllfracen* ((RCC->PLL1FRACR & RCC_PLL1FRACR_FRACN1)>> 3));
 226              		.loc 1 383 5 is_stmt 1 view .LVU72
 227              		.loc 1 383 50 is_stmt 0 view .LVU73
 228 003a 5B6B     		ldr	r3, [r3, #52]
 229              		.loc 1 383 85 view .LVU74
 230 003c C3F3CC03 		ubfx	r3, r3, #3, #13
 231              		.loc 1 383 23 view .LVU75
 232 0040 00FB03F3 		mul	r3, r0, r3
 233              		.loc 1 383 12 view .LVU76
 234 0044 07EE903A 		vmov	s15, r3	@ int
 235 0048 F8EE677A 		vcvt.f32.u32	s15, s15
 236              	.LVL3:
 384:Core/Src/system_stm32h7xx.c **** 
 385:Core/Src/system_stm32h7xx.c ****     if (pllm != 0U)
 237              		.loc 1 385 5 is_stmt 1 view .LVU77
 238              		.loc 1 385 8 is_stmt 0 view .LVU78
 239 004c 1CF47C7F 		tst	ip, #1008
 240 0050 3FD0     		beq	.L8
 386:Core/Src/system_stm32h7xx.c ****     {
 387:Core/Src/system_stm32h7xx.c ****       switch (pllsource)
 241              		.loc 1 387 7 is_stmt 1 view .LVU79
 242 0052 0129     		cmp	r1, #1
 243 0054 51D0     		beq	.L13
ARM GAS  /tmp/ccFJgmqJ.s 			page 12


 244 0056 0229     		cmp	r1, #2
 245 0058 6CD0     		beq	.L14
 246 005a 0029     		cmp	r1, #0
 247 005c 40F08780 		bne	.L15
 388:Core/Src/system_stm32h7xx.c ****       {
 389:Core/Src/system_stm32h7xx.c ****         case RCC_PLLCKSELR_PLLSRC_HSI:  /* HSI used as PLL clock source */
 390:Core/Src/system_stm32h7xx.c **** 
 391:Core/Src/system_stm32h7xx.c ****         hsivalue = (HSI_VALUE >> ((RCC->CR & RCC_CR_HSIDIV)>> 3)) ;
 248              		.loc 1 391 9 view .LVU80
 249              		.loc 1 391 39 is_stmt 0 view .LVU81
 250 0060 5948     		ldr	r0, .L19
 251              	.LVL4:
 252              		.loc 1 391 39 view .LVU82
 253 0062 0168     		ldr	r1, [r0]
 254              	.LVL5:
 255              		.loc 1 391 60 view .LVU83
 256 0064 C1F3C101 		ubfx	r1, r1, #3, #2
 257              		.loc 1 391 18 view .LVU84
 258 0068 594B     		ldr	r3, .L19+8
 259 006a CB40     		lsrs	r3, r3, r1
 260              	.LVL6:
 392:Core/Src/system_stm32h7xx.c ****         pllvco = ( (float_t)hsivalue / (float_t)pllm) * ((float_t)(uint32_t)(RCC->PLL1DIVR & RCC_PL
 261              		.loc 1 392 9 is_stmt 1 view .LVU85
 262              		.loc 1 392 20 is_stmt 0 view .LVU86
 263 006c 07EE103A 		vmov	s14, r3	@ int
 264 0070 F8EE476A 		vcvt.f32.u32	s13, s14
 265              		.loc 1 392 40 view .LVU87
 266 0074 07EE102A 		vmov	s14, r2	@ int
 267 0078 B8EE476A 		vcvt.f32.u32	s12, s14
 268              		.loc 1 392 38 view .LVU88
 269 007c 86EE867A 		vdiv.f32	s14, s13, s12
 270              		.loc 1 392 81 view .LVU89
 271 0080 036B     		ldr	r3, [r0, #48]
 272              	.LVL7:
 273              		.loc 1 392 67 view .LVU90
 274 0082 C3F30803 		ubfx	r3, r3, #0, #9
 275              		.loc 1 392 58 view .LVU91
 276 0086 06EE903A 		vmov	s13, r3	@ int
 277 008a F8EE666A 		vcvt.f32.u32	s13, s13
 278              		.loc 1 392 120 view .LVU92
 279 008e 9FED516A 		vldr.32	s12, .L19+12
 280 0092 67EE867A 		vmul.f32	s15, s15, s12
 281              	.LVL8:
 282              		.loc 1 392 111 view .LVU93
 283 0096 76EEA77A 		vadd.f32	s15, s13, s15
 284              		.loc 1 392 138 view .LVU94
 285 009a F7EE006A 		vmov.f32	s13, #1.0e+0
 286 009e 77EEA67A 		vadd.f32	s15, s15, s13
 287              		.loc 1 392 16 view .LVU95
 288 00a2 27EE277A 		vmul.f32	s14, s14, s15
 289              	.LVL9:
 393:Core/Src/system_stm32h7xx.c **** 
 394:Core/Src/system_stm32h7xx.c ****         break;
 290              		.loc 1 394 9 is_stmt 1 view .LVU96
 291              	.L16:
 395:Core/Src/system_stm32h7xx.c **** 
 396:Core/Src/system_stm32h7xx.c ****         case RCC_PLLCKSELR_PLLSRC_CSI:  /* CSI used as PLL clock source */
ARM GAS  /tmp/ccFJgmqJ.s 			page 13


 397:Core/Src/system_stm32h7xx.c ****           pllvco = ((float_t)CSI_VALUE / (float_t)pllm) * ((float_t)(uint32_t)(RCC->PLL1DIVR & RCC_
 398:Core/Src/system_stm32h7xx.c ****         break;
 399:Core/Src/system_stm32h7xx.c **** 
 400:Core/Src/system_stm32h7xx.c ****         case RCC_PLLCKSELR_PLLSRC_HSE:  /* HSE used as PLL clock source */
 401:Core/Src/system_stm32h7xx.c ****           pllvco = ((float_t)HSE_VALUE / (float_t)pllm) * ((float_t)(uint32_t)(RCC->PLL1DIVR & RCC_
 402:Core/Src/system_stm32h7xx.c ****         break;
 403:Core/Src/system_stm32h7xx.c **** 
 404:Core/Src/system_stm32h7xx.c ****       default:
 405:Core/Src/system_stm32h7xx.c ****           hsivalue = (HSI_VALUE >> ((RCC->CR & RCC_CR_HSIDIV)>> 3)) ;
 406:Core/Src/system_stm32h7xx.c ****           pllvco = ((float_t)hsivalue / (float_t)pllm) * ((float_t)(uint32_t)(RCC->PLL1DIVR & RCC_P
 407:Core/Src/system_stm32h7xx.c ****         break;
 408:Core/Src/system_stm32h7xx.c ****       }
 409:Core/Src/system_stm32h7xx.c ****       pllp = (((RCC->PLL1DIVR & RCC_PLL1DIVR_P1) >>9) + 1U ) ;
 292              		.loc 1 409 7 view .LVU97
 293              		.loc 1 409 20 is_stmt 0 view .LVU98
 294 00a6 484B     		ldr	r3, .L19
 295 00a8 1B6B     		ldr	r3, [r3, #48]
 296              		.loc 1 409 50 view .LVU99
 297 00aa C3F34623 		ubfx	r3, r3, #9, #7
 298              		.loc 1 409 12 view .LVU100
 299 00ae 0133     		adds	r3, r3, #1
 300              	.LVL10:
 410:Core/Src/system_stm32h7xx.c ****       common_system_clock =  (uint32_t)(float_t)(pllvco/(float_t)pllp);
 301              		.loc 1 410 7 is_stmt 1 view .LVU101
 302              		.loc 1 410 57 is_stmt 0 view .LVU102
 303 00b0 07EE903A 		vmov	s15, r3	@ int
 304 00b4 F8EE677A 		vcvt.f32.u32	s15, s15
 305              		.loc 1 410 40 view .LVU103
 306 00b8 C7EE276A 		vdiv.f32	s13, s14, s15
 307              		.loc 1 410 27 view .LVU104
 308 00bc FCEEE67A 		vcvt.u32.f32	s15, s13
 309 00c0 17EE902A 		vmov	r2, s15	@ int
 310              	.LVL11:
 311              		.loc 1 410 27 view .LVU105
 312 00c4 05E0     		b	.L8
 313              	.LVL12:
 314              	.L10:
 364:Core/Src/system_stm32h7xx.c ****     break;
 315              		.loc 1 364 5 is_stmt 1 view .LVU106
 364:Core/Src/system_stm32h7xx.c ****     break;
 316              		.loc 1 364 57 is_stmt 0 view .LVU107
 317 00c6 404B     		ldr	r3, .L19
 318 00c8 1B68     		ldr	r3, [r3]
 364:Core/Src/system_stm32h7xx.c ****     break;
 319              		.loc 1 364 78 view .LVU108
 320 00ca C3F3C103 		ubfx	r3, r3, #3, #2
 364:Core/Src/system_stm32h7xx.c ****     break;
 321              		.loc 1 364 25 view .LVU109
 322 00ce 404A     		ldr	r2, .L19+8
 323 00d0 DA40     		lsrs	r2, r2, r3
 324              	.LVL13:
 365:Core/Src/system_stm32h7xx.c **** 
 325              		.loc 1 365 5 is_stmt 1 view .LVU110
 326              	.L8:
 411:Core/Src/system_stm32h7xx.c ****     }
 412:Core/Src/system_stm32h7xx.c ****     else
 413:Core/Src/system_stm32h7xx.c ****     {
ARM GAS  /tmp/ccFJgmqJ.s 			page 14


 414:Core/Src/system_stm32h7xx.c ****       common_system_clock = 0U;
 415:Core/Src/system_stm32h7xx.c ****     }
 416:Core/Src/system_stm32h7xx.c ****     break;
 417:Core/Src/system_stm32h7xx.c **** 
 418:Core/Src/system_stm32h7xx.c ****   default:
 419:Core/Src/system_stm32h7xx.c ****     common_system_clock = (uint32_t) (HSI_VALUE >> ((RCC->CR & RCC_CR_HSIDIV)>> 3));
 420:Core/Src/system_stm32h7xx.c ****     break;
 421:Core/Src/system_stm32h7xx.c ****   }
 422:Core/Src/system_stm32h7xx.c **** 
 423:Core/Src/system_stm32h7xx.c ****   /* Compute SystemClock frequency --------------------------------------------------*/
 424:Core/Src/system_stm32h7xx.c **** #if defined (RCC_D1CFGR_D1CPRE)
 425:Core/Src/system_stm32h7xx.c ****   tmp = D1CorePrescTable[(RCC->D1CFGR & RCC_D1CFGR_D1CPRE)>> RCC_D1CFGR_D1CPRE_Pos];
 327              		.loc 1 425 3 view .LVU111
 328              		.loc 1 425 30 is_stmt 0 view .LVU112
 329 00d2 3D48     		ldr	r0, .L19
 330 00d4 8369     		ldr	r3, [r0, #24]
 331              		.loc 1 425 59 view .LVU113
 332 00d6 C3F30323 		ubfx	r3, r3, #8, #4
 333              		.loc 1 425 25 view .LVU114
 334 00da 3F49     		ldr	r1, .L19+16
 335 00dc CB5C     		ldrb	r3, [r1, r3]	@ zero_extendqisi2
 336              	.LVL14:
 426:Core/Src/system_stm32h7xx.c **** 
 427:Core/Src/system_stm32h7xx.c ****   /* common_system_clock frequency : CM7 CPU frequency  */
 428:Core/Src/system_stm32h7xx.c ****   common_system_clock >>= tmp;
 337              		.loc 1 428 3 is_stmt 1 view .LVU115
 338              		.loc 1 428 23 is_stmt 0 view .LVU116
 339 00de DA40     		lsrs	r2, r2, r3
 340              	.LVL15:
 429:Core/Src/system_stm32h7xx.c **** 
 430:Core/Src/system_stm32h7xx.c ****   /* SystemD2Clock frequency : CM4 CPU, AXI and AHBs Clock frequency  */
 431:Core/Src/system_stm32h7xx.c ****   SystemD2Clock = (common_system_clock >> ((D1CorePrescTable[(RCC->D1CFGR & RCC_D1CFGR_HPRE)>> RCC_
 341              		.loc 1 431 3 is_stmt 1 view .LVU117
 342              		.loc 1 431 66 is_stmt 0 view .LVU118
 343 00e0 8369     		ldr	r3, [r0, #24]
 344              	.LVL16:
 345              		.loc 1 431 93 view .LVU119
 346 00e2 03F00F03 		and	r3, r3, #15
 347              		.loc 1 431 61 view .LVU120
 348 00e6 CB5C     		ldrb	r3, [r1, r3]	@ zero_extendqisi2
 349              		.loc 1 431 118 view .LVU121
 350 00e8 03F01F03 		and	r3, r3, #31
 351              		.loc 1 431 40 view .LVU122
 352 00ec 22FA03F3 		lsr	r3, r2, r3
 353              		.loc 1 431 17 view .LVU123
 354 00f0 3A49     		ldr	r1, .L19+20
 355              		.loc 1 431 17 view .LVU124
 356 00f2 0B60     		str	r3, [r1]
 432:Core/Src/system_stm32h7xx.c **** 
 433:Core/Src/system_stm32h7xx.c **** #else
 434:Core/Src/system_stm32h7xx.c ****   tmp = D1CorePrescTable[(RCC->CDCFGR1 & RCC_CDCFGR1_CDCPRE)>> RCC_CDCFGR1_CDCPRE_Pos];
 435:Core/Src/system_stm32h7xx.c **** 
 436:Core/Src/system_stm32h7xx.c ****   /* common_system_clock frequency : CM7 CPU frequency  */
 437:Core/Src/system_stm32h7xx.c ****   common_system_clock >>= tmp;
 438:Core/Src/system_stm32h7xx.c **** 
 439:Core/Src/system_stm32h7xx.c ****   /* SystemD2Clock frequency : AXI and AHBs Clock frequency  */
 440:Core/Src/system_stm32h7xx.c ****   SystemD2Clock = (common_system_clock >> ((D1CorePrescTable[(RCC->CDCFGR1 & RCC_CDCFGR1_HPRE)>> RC
ARM GAS  /tmp/ccFJgmqJ.s 			page 15


 441:Core/Src/system_stm32h7xx.c **** 
 442:Core/Src/system_stm32h7xx.c **** #endif
 443:Core/Src/system_stm32h7xx.c **** 
 444:Core/Src/system_stm32h7xx.c **** #if defined(DUAL_CORE) && defined(CORE_CM4)
 445:Core/Src/system_stm32h7xx.c ****   SystemCoreClock = SystemD2Clock;
 446:Core/Src/system_stm32h7xx.c **** #else
 447:Core/Src/system_stm32h7xx.c ****   SystemCoreClock = common_system_clock;
 357              		.loc 1 447 3 is_stmt 1 view .LVU125
 358              		.loc 1 447 19 is_stmt 0 view .LVU126
 359 00f4 3A4B     		ldr	r3, .L19+24
 360 00f6 1A60     		str	r2, [r3]
 448:Core/Src/system_stm32h7xx.c **** #endif /* DUAL_CORE && CORE_CM4 */
 449:Core/Src/system_stm32h7xx.c **** }
 361              		.loc 1 449 1 view .LVU127
 362 00f8 7047     		bx	lr
 363              	.LVL17:
 364              	.L13:
 397:Core/Src/system_stm32h7xx.c ****         break;
 365              		.loc 1 397 11 is_stmt 1 view .LVU128
 397:Core/Src/system_stm32h7xx.c ****         break;
 366              		.loc 1 397 42 is_stmt 0 view .LVU129
 367 00fa 07EE102A 		vmov	s14, r2	@ int
 368 00fe F8EE476A 		vcvt.f32.u32	s13, s14
 397:Core/Src/system_stm32h7xx.c ****         break;
 369              		.loc 1 397 40 view .LVU130
 370 0102 9FED386A 		vldr.32	s12, .L19+28
 371 0106 86EE267A 		vdiv.f32	s14, s12, s13
 397:Core/Src/system_stm32h7xx.c ****         break;
 372              		.loc 1 397 83 view .LVU131
 373 010a 2F4B     		ldr	r3, .L19
 374 010c 1B6B     		ldr	r3, [r3, #48]
 397:Core/Src/system_stm32h7xx.c ****         break;
 375              		.loc 1 397 69 view .LVU132
 376 010e C3F30803 		ubfx	r3, r3, #0, #9
 397:Core/Src/system_stm32h7xx.c ****         break;
 377              		.loc 1 397 60 view .LVU133
 378 0112 06EE903A 		vmov	s13, r3	@ int
 379 0116 F8EE666A 		vcvt.f32.u32	s13, s13
 397:Core/Src/system_stm32h7xx.c ****         break;
 380              		.loc 1 397 122 view .LVU134
 381 011a 9FED2E6A 		vldr.32	s12, .L19+12
 382 011e 67EE867A 		vmul.f32	s15, s15, s12
 383              	.LVL18:
 397:Core/Src/system_stm32h7xx.c ****         break;
 384              		.loc 1 397 113 view .LVU135
 385 0122 76EEA77A 		vadd.f32	s15, s13, s15
 397:Core/Src/system_stm32h7xx.c ****         break;
 386              		.loc 1 397 140 view .LVU136
 387 0126 F7EE006A 		vmov.f32	s13, #1.0e+0
 388 012a 77EEA67A 		vadd.f32	s15, s15, s13
 397:Core/Src/system_stm32h7xx.c ****         break;
 389              		.loc 1 397 18 view .LVU137
 390 012e 27EE277A 		vmul.f32	s14, s14, s15
 391              	.LVL19:
 398:Core/Src/system_stm32h7xx.c **** 
 392              		.loc 1 398 9 is_stmt 1 view .LVU138
 393 0132 B8E7     		b	.L16
ARM GAS  /tmp/ccFJgmqJ.s 			page 16


 394              	.LVL20:
 395              	.L14:
 401:Core/Src/system_stm32h7xx.c ****         break;
 396              		.loc 1 401 11 view .LVU139
 401:Core/Src/system_stm32h7xx.c ****         break;
 397              		.loc 1 401 42 is_stmt 0 view .LVU140
 398 0134 07EE102A 		vmov	s14, r2	@ int
 399 0138 F8EE476A 		vcvt.f32.u32	s13, s14
 401:Core/Src/system_stm32h7xx.c ****         break;
 400              		.loc 1 401 40 view .LVU141
 401 013c 9FED2A6A 		vldr.32	s12, .L19+32
 402 0140 86EE267A 		vdiv.f32	s14, s12, s13
 401:Core/Src/system_stm32h7xx.c ****         break;
 403              		.loc 1 401 83 view .LVU142
 404 0144 204B     		ldr	r3, .L19
 405 0146 1B6B     		ldr	r3, [r3, #48]
 401:Core/Src/system_stm32h7xx.c ****         break;
 406              		.loc 1 401 69 view .LVU143
 407 0148 C3F30803 		ubfx	r3, r3, #0, #9
 401:Core/Src/system_stm32h7xx.c ****         break;
 408              		.loc 1 401 60 view .LVU144
 409 014c 06EE903A 		vmov	s13, r3	@ int
 410 0150 F8EE666A 		vcvt.f32.u32	s13, s13
 401:Core/Src/system_stm32h7xx.c ****         break;
 411              		.loc 1 401 122 view .LVU145
 412 0154 9FED1F6A 		vldr.32	s12, .L19+12
 413 0158 67EE867A 		vmul.f32	s15, s15, s12
 414              	.LVL21:
 401:Core/Src/system_stm32h7xx.c ****         break;
 415              		.loc 1 401 113 view .LVU146
 416 015c 76EEA77A 		vadd.f32	s15, s13, s15
 401:Core/Src/system_stm32h7xx.c ****         break;
 417              		.loc 1 401 140 view .LVU147
 418 0160 F7EE006A 		vmov.f32	s13, #1.0e+0
 419 0164 77EEA67A 		vadd.f32	s15, s15, s13
 401:Core/Src/system_stm32h7xx.c ****         break;
 420              		.loc 1 401 18 view .LVU148
 421 0168 27EE277A 		vmul.f32	s14, s14, s15
 422              	.LVL22:
 402:Core/Src/system_stm32h7xx.c **** 
 423              		.loc 1 402 9 is_stmt 1 view .LVU149
 424 016c 9BE7     		b	.L16
 425              	.LVL23:
 426              	.L15:
 405:Core/Src/system_stm32h7xx.c ****           pllvco = ((float_t)hsivalue / (float_t)pllm) * ((float_t)(uint32_t)(RCC->PLL1DIVR & RCC_P
 427              		.loc 1 405 11 view .LVU150
 405:Core/Src/system_stm32h7xx.c ****           pllvco = ((float_t)hsivalue / (float_t)pllm) * ((float_t)(uint32_t)(RCC->PLL1DIVR & RCC_P
 428              		.loc 1 405 41 is_stmt 0 view .LVU151
 429 016e 1648     		ldr	r0, .L19
 430              	.LVL24:
 405:Core/Src/system_stm32h7xx.c ****           pllvco = ((float_t)hsivalue / (float_t)pllm) * ((float_t)(uint32_t)(RCC->PLL1DIVR & RCC_P
 431              		.loc 1 405 41 view .LVU152
 432 0170 0168     		ldr	r1, [r0]
 433              	.LVL25:
 405:Core/Src/system_stm32h7xx.c ****           pllvco = ((float_t)hsivalue / (float_t)pllm) * ((float_t)(uint32_t)(RCC->PLL1DIVR & RCC_P
 434              		.loc 1 405 62 view .LVU153
 435 0172 C1F3C101 		ubfx	r1, r1, #3, #2
ARM GAS  /tmp/ccFJgmqJ.s 			page 17


 405:Core/Src/system_stm32h7xx.c ****           pllvco = ((float_t)hsivalue / (float_t)pllm) * ((float_t)(uint32_t)(RCC->PLL1DIVR & RCC_P
 436              		.loc 1 405 20 view .LVU154
 437 0176 164B     		ldr	r3, .L19+8
 438 0178 CB40     		lsrs	r3, r3, r1
 439              	.LVL26:
 406:Core/Src/system_stm32h7xx.c ****         break;
 440              		.loc 1 406 11 is_stmt 1 view .LVU155
 406:Core/Src/system_stm32h7xx.c ****         break;
 441              		.loc 1 406 21 is_stmt 0 view .LVU156
 442 017a 07EE103A 		vmov	s14, r3	@ int
 443 017e F8EE476A 		vcvt.f32.u32	s13, s14
 406:Core/Src/system_stm32h7xx.c ****         break;
 444              		.loc 1 406 41 view .LVU157
 445 0182 07EE102A 		vmov	s14, r2	@ int
 446 0186 B8EE476A 		vcvt.f32.u32	s12, s14
 406:Core/Src/system_stm32h7xx.c ****         break;
 447              		.loc 1 406 39 view .LVU158
 448 018a 86EE867A 		vdiv.f32	s14, s13, s12
 406:Core/Src/system_stm32h7xx.c ****         break;
 449              		.loc 1 406 82 view .LVU159
 450 018e 036B     		ldr	r3, [r0, #48]
 451              	.LVL27:
 406:Core/Src/system_stm32h7xx.c ****         break;
 452              		.loc 1 406 68 view .LVU160
 453 0190 C3F30803 		ubfx	r3, r3, #0, #9
 406:Core/Src/system_stm32h7xx.c ****         break;
 454              		.loc 1 406 59 view .LVU161
 455 0194 06EE903A 		vmov	s13, r3	@ int
 456 0198 F8EE666A 		vcvt.f32.u32	s13, s13
 406:Core/Src/system_stm32h7xx.c ****         break;
 457              		.loc 1 406 121 view .LVU162
 458 019c 9FED0D6A 		vldr.32	s12, .L19+12
 459 01a0 67EE867A 		vmul.f32	s15, s15, s12
 460              	.LVL28:
 406:Core/Src/system_stm32h7xx.c ****         break;
 461              		.loc 1 406 112 view .LVU163
 462 01a4 76EEA77A 		vadd.f32	s15, s13, s15
 406:Core/Src/system_stm32h7xx.c ****         break;
 463              		.loc 1 406 139 view .LVU164
 464 01a8 F7EE006A 		vmov.f32	s13, #1.0e+0
 465 01ac 77EEA67A 		vadd.f32	s15, s15, s13
 406:Core/Src/system_stm32h7xx.c ****         break;
 466              		.loc 1 406 18 view .LVU165
 467 01b0 27EE277A 		vmul.f32	s14, s14, s15
 468              	.LVL29:
 407:Core/Src/system_stm32h7xx.c ****       }
 469              		.loc 1 407 9 is_stmt 1 view .LVU166
 470 01b4 77E7     		b	.L16
 471              	.LVL30:
 472              	.L11:
 419:Core/Src/system_stm32h7xx.c ****     break;
 473              		.loc 1 419 5 view .LVU167
 419:Core/Src/system_stm32h7xx.c ****     break;
 474              		.loc 1 419 57 is_stmt 0 view .LVU168
 475 01b6 044B     		ldr	r3, .L19
 476 01b8 1B68     		ldr	r3, [r3]
 419:Core/Src/system_stm32h7xx.c ****     break;
ARM GAS  /tmp/ccFJgmqJ.s 			page 18


 477              		.loc 1 419 78 view .LVU169
 478 01ba C3F3C103 		ubfx	r3, r3, #3, #2
 419:Core/Src/system_stm32h7xx.c ****     break;
 479              		.loc 1 419 25 view .LVU170
 480 01be 044A     		ldr	r2, .L19+8
 481 01c0 DA40     		lsrs	r2, r2, r3
 482              	.LVL31:
 420:Core/Src/system_stm32h7xx.c ****   }
 483              		.loc 1 420 5 is_stmt 1 view .LVU171
 484 01c2 86E7     		b	.L8
 485              	.LVL32:
 486              	.L17:
 372:Core/Src/system_stm32h7xx.c ****     break;
 487              		.loc 1 372 25 is_stmt 0 view .LVU172
 488 01c4 094A     		ldr	r2, .L19+36
 489 01c6 84E7     		b	.L8
 490              	.L20:
 491              		.align	2
 492              	.L19:
 493 01c8 00440258 		.word	1476543488
 494 01cc 00093D00 		.word	4000000
 495 01d0 0090D003 		.word	64000000
 496 01d4 00000039 		.word	956301312
 497 01d8 00000000 		.word	D1CorePrescTable
 498 01dc 00000000 		.word	SystemD2Clock
 499 01e0 00000000 		.word	SystemCoreClock
 500 01e4 0024744A 		.word	1249125376
 501 01e8 20BCBE4B 		.word	1270791200
 502 01ec 40787D01 		.word	25000000
 503              		.cfi_endproc
 504              	.LFE147:
 506              		.section	.text.ExitRun0Mode,"ax",%progbits
 507              		.align	1
 508              		.global	ExitRun0Mode
 509              		.syntax unified
 510              		.thumb
 511              		.thumb_func
 513              	ExitRun0Mode:
 514              	.LFB148:
 450:Core/Src/system_stm32h7xx.c **** 
 451:Core/Src/system_stm32h7xx.c **** /**
 452:Core/Src/system_stm32h7xx.c ****   * @brief  Exit Run* mode and Configure the system Power Supply
 453:Core/Src/system_stm32h7xx.c ****   *
 454:Core/Src/system_stm32h7xx.c ****   * @note   This function exits the Run* mode and configures the system power supply
 455:Core/Src/system_stm32h7xx.c ****   *         according to the definition to be used at compilation preprocessing level.
 456:Core/Src/system_stm32h7xx.c ****   *         The application shall set one of the following configuration option:
 457:Core/Src/system_stm32h7xx.c ****   *           - PWR_LDO_SUPPLY
 458:Core/Src/system_stm32h7xx.c ****   *           - PWR_DIRECT_SMPS_SUPPLY
 459:Core/Src/system_stm32h7xx.c ****   *           - PWR_EXTERNAL_SOURCE_SUPPLY
 460:Core/Src/system_stm32h7xx.c ****   *           - PWR_SMPS_1V8_SUPPLIES_LDO
 461:Core/Src/system_stm32h7xx.c ****   *           - PWR_SMPS_2V5_SUPPLIES_LDO
 462:Core/Src/system_stm32h7xx.c ****   *           - PWR_SMPS_1V8_SUPPLIES_EXT_AND_LDO
 463:Core/Src/system_stm32h7xx.c ****   *           - PWR_SMPS_2V5_SUPPLIES_EXT_AND_LDO
 464:Core/Src/system_stm32h7xx.c ****   *           - PWR_SMPS_1V8_SUPPLIES_EXT
 465:Core/Src/system_stm32h7xx.c ****   *           - PWR_SMPS_2V5_SUPPLIES_EXT
 466:Core/Src/system_stm32h7xx.c ****   *
 467:Core/Src/system_stm32h7xx.c ****   * @note   The function modifies the PWR->CR3 register to enable or disable specific
ARM GAS  /tmp/ccFJgmqJ.s 			page 19


 468:Core/Src/system_stm32h7xx.c ****   *         power supply modes and waits until the voltage level flag is set, indicating
 469:Core/Src/system_stm32h7xx.c ****   *         that the power supply configuration is stable.
 470:Core/Src/system_stm32h7xx.c ****   *
 471:Core/Src/system_stm32h7xx.c ****   * @param  None
 472:Core/Src/system_stm32h7xx.c ****   * @retval None
 473:Core/Src/system_stm32h7xx.c ****   */
 474:Core/Src/system_stm32h7xx.c **** void ExitRun0Mode(void)
 475:Core/Src/system_stm32h7xx.c **** {
 515              		.loc 1 475 1 is_stmt 1 view -0
 516              		.cfi_startproc
 517              		@ args = 0, pretend = 0, frame = 0
 518              		@ frame_needed = 0, uses_anonymous_args = 0
 519              		@ link register save eliminated.
 476:Core/Src/system_stm32h7xx.c **** #if defined(USE_PWR_LDO_SUPPLY)
 477:Core/Src/system_stm32h7xx.c ****   #if defined(SMPS)
 478:Core/Src/system_stm32h7xx.c ****     /* Exit Run* mode by disabling SMPS and enabling LDO */
 479:Core/Src/system_stm32h7xx.c ****     PWR->CR3 = (PWR->CR3 & ~PWR_CR3_SMPSEN) | PWR_CR3_LDOEN;
 480:Core/Src/system_stm32h7xx.c ****   #else
 481:Core/Src/system_stm32h7xx.c ****     /* Enable LDO mode */
 482:Core/Src/system_stm32h7xx.c ****     PWR->CR3 |= PWR_CR3_LDOEN;
 520              		.loc 1 482 5 view .LVU174
 521              		.loc 1 482 8 is_stmt 0 view .LVU175
 522 0000 044B     		ldr	r3, .L25
 523 0002 DA68     		ldr	r2, [r3, #12]
 524              		.loc 1 482 14 view .LVU176
 525 0004 42F00202 		orr	r2, r2, #2
 526 0008 DA60     		str	r2, [r3, #12]
 483:Core/Src/system_stm32h7xx.c ****   #endif /* SMPS */
 484:Core/Src/system_stm32h7xx.c ****   /* Wait till voltage level flag is set */
 485:Core/Src/system_stm32h7xx.c ****   while ((PWR->CSR1 & PWR_CSR1_ACTVOSRDY) == 0U)
 527              		.loc 1 485 3 is_stmt 1 view .LVU177
 528              	.L22:
 486:Core/Src/system_stm32h7xx.c ****   {}
 529              		.loc 1 486 4 view .LVU178
 485:Core/Src/system_stm32h7xx.c ****   {}
 530              		.loc 1 485 43 discriminator 1 view .LVU179
 485:Core/Src/system_stm32h7xx.c ****   {}
 531              		.loc 1 485 14 is_stmt 0 discriminator 1 view .LVU180
 532 000a 5A68     		ldr	r2, [r3, #4]
 485:Core/Src/system_stm32h7xx.c ****   {}
 533              		.loc 1 485 43 discriminator 1 view .LVU181
 534 000c 9204     		lsls	r2, r2, #18
 535 000e FCD5     		bpl	.L22
 487:Core/Src/system_stm32h7xx.c **** #elif defined(USE_PWR_EXTERNAL_SOURCE_SUPPLY)
 488:Core/Src/system_stm32h7xx.c ****   #if defined(SMPS)
 489:Core/Src/system_stm32h7xx.c ****     /* Exit Run* mode */
 490:Core/Src/system_stm32h7xx.c ****     PWR->CR3 = (PWR->CR3 & ~(PWR_CR3_SMPSEN | PWR_CR3_LDOEN)) | PWR_CR3_BYPASS;
 491:Core/Src/system_stm32h7xx.c ****   #else
 492:Core/Src/system_stm32h7xx.c ****     PWR->CR3 = (PWR->CR3 & ~(PWR_CR3_LDOEN)) | PWR_CR3_BYPASS;
 493:Core/Src/system_stm32h7xx.c ****   #endif /* SMPS */
 494:Core/Src/system_stm32h7xx.c ****   /* Wait till voltage level flag is set */
 495:Core/Src/system_stm32h7xx.c ****   while ((PWR->CSR1 & PWR_CSR1_ACTVOSRDY) == 0U)
 496:Core/Src/system_stm32h7xx.c ****   {}
 497:Core/Src/system_stm32h7xx.c **** #elif defined(USE_PWR_DIRECT_SMPS_SUPPLY) && defined(SMPS)
 498:Core/Src/system_stm32h7xx.c ****   /* Exit Run* mode */
 499:Core/Src/system_stm32h7xx.c ****   PWR->CR3 &= ~(PWR_CR3_LDOEN);
 500:Core/Src/system_stm32h7xx.c ****   /* Wait till voltage level flag is set */
ARM GAS  /tmp/ccFJgmqJ.s 			page 20


 501:Core/Src/system_stm32h7xx.c ****   while ((PWR->CSR1 & PWR_CSR1_ACTVOSRDY) == 0U)
 502:Core/Src/system_stm32h7xx.c ****   {}
 503:Core/Src/system_stm32h7xx.c **** #elif defined(USE_PWR_SMPS_1V8_SUPPLIES_LDO) && defined(SMPS)
 504:Core/Src/system_stm32h7xx.c ****   /* Exit Run* mode */
 505:Core/Src/system_stm32h7xx.c ****   PWR->CR3 |= PWR_CR3_SMPSLEVEL_0 | PWR_CR3_SMPSEN | PWR_CR3_LDOEN;
 506:Core/Src/system_stm32h7xx.c ****   /* Wait till voltage level flag is set */
 507:Core/Src/system_stm32h7xx.c ****   while ((PWR->CSR1 & PWR_CSR1_ACTVOSRDY) == 0U)
 508:Core/Src/system_stm32h7xx.c ****   {}
 509:Core/Src/system_stm32h7xx.c **** #elif defined(USE_PWR_SMPS_2V5_SUPPLIES_LDO) && defined(SMPS)
 510:Core/Src/system_stm32h7xx.c ****   /* Exit Run* mode */
 511:Core/Src/system_stm32h7xx.c ****   PWR->CR3 |= PWR_CR3_SMPSLEVEL_1 | PWR_CR3_SMPSEN | PWR_CR3_LDOEN;
 512:Core/Src/system_stm32h7xx.c ****   /* Wait till voltage level flag is set */
 513:Core/Src/system_stm32h7xx.c ****   while ((PWR->CSR1 & PWR_CSR1_ACTVOSRDY) == 0U)
 514:Core/Src/system_stm32h7xx.c ****   {}
 515:Core/Src/system_stm32h7xx.c **** #elif defined(USE_PWR_SMPS_1V8_SUPPLIES_EXT_AND_LDO) && defined(SMPS)
 516:Core/Src/system_stm32h7xx.c ****   /* Exit Run* mode */
 517:Core/Src/system_stm32h7xx.c ****   PWR->CR3 |= PWR_CR3_SMPSLEVEL_0 | PWR_CR3_SMPSEXTHP | PWR_CR3_SMPSEN | PWR_CR3_LDOEN;
 518:Core/Src/system_stm32h7xx.c ****   /* Wait till voltage level flag is set */
 519:Core/Src/system_stm32h7xx.c ****   while ((PWR->CSR1 & PWR_CSR1_ACTVOSRDY) == 0U)
 520:Core/Src/system_stm32h7xx.c ****   {}
 521:Core/Src/system_stm32h7xx.c **** #elif defined(USE_PWR_SMPS_2V5_SUPPLIES_EXT_AND_LDO) && defined(SMPS)
 522:Core/Src/system_stm32h7xx.c ****   /* Exit Run* mode */
 523:Core/Src/system_stm32h7xx.c ****   PWR->CR3 |= PWR_CR3_SMPSLEVEL_1 | PWR_CR3_SMPSEXTHP | PWR_CR3_SMPSEN | PWR_CR3_LDOEN;
 524:Core/Src/system_stm32h7xx.c ****   /* Wait till voltage level flag is set */
 525:Core/Src/system_stm32h7xx.c ****   while ((PWR->CSR1 & PWR_CSR1_ACTVOSRDY) == 0U)
 526:Core/Src/system_stm32h7xx.c ****   {}
 527:Core/Src/system_stm32h7xx.c **** #elif defined(USE_PWR_SMPS_1V8_SUPPLIES_EXT) && defined(SMPS)
 528:Core/Src/system_stm32h7xx.c ****   /* Exit Run* mode */
 529:Core/Src/system_stm32h7xx.c ****   PWR->CR3 = (PWR->CR3 & ~(PWR_CR3_LDOEN)) | PWR_CR3_SMPSLEVEL_0 | PWR_CR3_SMPSEXTHP | PWR_CR3_SMPS
 530:Core/Src/system_stm32h7xx.c ****   /* Wait till voltage level flag is set */
 531:Core/Src/system_stm32h7xx.c ****   while ((PWR->CSR1 & PWR_CSR1_ACTVOSRDY) == 0U)
 532:Core/Src/system_stm32h7xx.c ****   {}
 533:Core/Src/system_stm32h7xx.c **** #elif defined(USE_PWR_SMPS_2V5_SUPPLIES_EXT) && defined(SMPS)
 534:Core/Src/system_stm32h7xx.c ****   /* Exit Run* mode */
 535:Core/Src/system_stm32h7xx.c ****   PWR->CR3 = (PWR->CR3 & ~(PWR_CR3_LDOEN)) | PWR_CR3_SMPSLEVEL_1 | PWR_CR3_SMPSEXTHP | PWR_CR3_SMPS
 536:Core/Src/system_stm32h7xx.c ****   /* Wait till voltage level flag is set */
 537:Core/Src/system_stm32h7xx.c ****   while ((PWR->CSR1 & PWR_CSR1_ACTVOSRDY) == 0U)
 538:Core/Src/system_stm32h7xx.c ****   {}
 539:Core/Src/system_stm32h7xx.c **** #else
 540:Core/Src/system_stm32h7xx.c ****   /* No system power supply configuration is selected at exit Run* mode */
 541:Core/Src/system_stm32h7xx.c **** #endif /* USE_PWR_LDO_SUPPLY */
 542:Core/Src/system_stm32h7xx.c **** }
 536              		.loc 1 542 1 view .LVU182
 537 0010 7047     		bx	lr
 538              	.L26:
 539 0012 00BF     		.align	2
 540              	.L25:
 541 0014 00480258 		.word	1476544512
 542              		.cfi_endproc
 543              	.LFE148:
 545              		.global	D1CorePrescTable
 546              		.section	.rodata.D1CorePrescTable,"a"
 547              		.align	2
 550              	D1CorePrescTable:
 551 0000 00000000 		.ascii	"\000\000\000\000\001\002\003\004\001\002\003\004\006"
 551      01020304 
 551      01020304 
ARM GAS  /tmp/ccFJgmqJ.s 			page 21


 551      06
 552 000d 070809   		.ascii	"\007\010\011"
 553              		.global	SystemD2Clock
 554              		.section	.data.SystemD2Clock,"aw"
 555              		.align	2
 558              	SystemD2Clock:
 559 0000 0090D003 		.word	64000000
 560              		.global	SystemCoreClock
 561              		.section	.data.SystemCoreClock,"aw"
 562              		.align	2
 565              	SystemCoreClock:
 566 0000 0090D003 		.word	64000000
 567              		.text
 568              	.Letext0:
 569              		.file 2 "/opt/arm-gnu-toolchain-15.2.rel1-x86_64-arm-none-eabi/arm-none-eabi/include/machine/_defa
 570              		.file 3 "/opt/arm-gnu-toolchain-15.2.rel1-x86_64-arm-none-eabi/arm-none-eabi/include/sys/_stdint.h
 571              		.file 4 "Drivers/CMSIS/Include/core_cm7.h"
 572              		.file 5 "Drivers/CMSIS/Device/ST/STM32H7xx/Include/system_stm32h7xx.h"
 573              		.file 6 "Drivers/CMSIS/Device/ST/STM32H7xx/Include/stm32h723xx.h"
 574              		.file 7 "/opt/arm-gnu-toolchain-15.2.rel1-x86_64-arm-none-eabi/arm-none-eabi/include/math.h"
ARM GAS  /tmp/ccFJgmqJ.s 			page 22


DEFINED SYMBOLS
                            *ABS*:00000000 system_stm32h7xx.c
     /tmp/ccFJgmqJ.s:20     .text.SystemInit:00000000 $t
     /tmp/ccFJgmqJ.s:26     .text.SystemInit:00000000 SystemInit
     /tmp/ccFJgmqJ.s:160    .text.SystemInit:000000b0 $d
     /tmp/ccFJgmqJ.s:172    .text.SystemCoreClockUpdate:00000000 $t
     /tmp/ccFJgmqJ.s:178    .text.SystemCoreClockUpdate:00000000 SystemCoreClockUpdate
     /tmp/ccFJgmqJ.s:493    .text.SystemCoreClockUpdate:000001c8 $d
     /tmp/ccFJgmqJ.s:550    .rodata.D1CorePrescTable:00000000 D1CorePrescTable
     /tmp/ccFJgmqJ.s:558    .data.SystemD2Clock:00000000 SystemD2Clock
     /tmp/ccFJgmqJ.s:565    .data.SystemCoreClock:00000000 SystemCoreClock
     /tmp/ccFJgmqJ.s:507    .text.ExitRun0Mode:00000000 $t
     /tmp/ccFJgmqJ.s:513    .text.ExitRun0Mode:00000000 ExitRun0Mode
     /tmp/ccFJgmqJ.s:541    .text.ExitRun0Mode:00000014 $d
     /tmp/ccFJgmqJ.s:547    .rodata.D1CorePrescTable:00000000 $d
     /tmp/ccFJgmqJ.s:555    .data.SystemD2Clock:00000000 $d
     /tmp/ccFJgmqJ.s:562    .data.SystemCoreClock:00000000 $d

NO UNDEFINED SYMBOLS
