ARM GAS  /tmp/cc7bDyet.s 			page 1


   1              		.cpu cortex-m7
   2              		.arch armv7e-m
   3              		.fpu fpv5-d16
   4              		.eabi_attribute 28, 1
   5              		.eabi_attribute 20, 1
   6              		.eabi_attribute 21, 1
   7              		.eabi_attribute 23, 3
   8              		.eabi_attribute 24, 1
   9              		.eabi_attribute 25, 1
  10              		.eabi_attribute 26, 1
  11              		.eabi_attribute 30, 1
  12              		.eabi_attribute 34, 1
  13              		.eabi_attribute 18, 4
  14              		.file	"usbd_cdc_if.c"
  15              		.text
  16              	.Ltext0:
  17              		.cfi_sections	.debug_frame
  18              		.file 1 "USB_DEVICE/App/usbd_cdc_if.c"
  19              		.section	.text.CDC_DeInit_HS,"ax",%progbits
  20              		.align	1
  21              		.syntax unified
  22              		.thumb
  23              		.thumb_func
  25              	CDC_DeInit_HS:
  26              	.LFB151:
   1:USB_DEVICE/App/usbd_cdc_if.c **** /* USER CODE BEGIN Header */
   2:USB_DEVICE/App/usbd_cdc_if.c **** /**
   3:USB_DEVICE/App/usbd_cdc_if.c ****   ******************************************************************************
   4:USB_DEVICE/App/usbd_cdc_if.c ****   * @file           : usbd_cdc_if.c
   5:USB_DEVICE/App/usbd_cdc_if.c ****   * @version        : v1.0_Cube
   6:USB_DEVICE/App/usbd_cdc_if.c ****   * @brief          : Usb device for Virtual Com Port.
   7:USB_DEVICE/App/usbd_cdc_if.c ****   ******************************************************************************
   8:USB_DEVICE/App/usbd_cdc_if.c ****   * @attention
   9:USB_DEVICE/App/usbd_cdc_if.c ****   *
  10:USB_DEVICE/App/usbd_cdc_if.c ****   * Copyright (c) 2026 STMicroelectronics.
  11:USB_DEVICE/App/usbd_cdc_if.c ****   * All rights reserved.
  12:USB_DEVICE/App/usbd_cdc_if.c ****   *
  13:USB_DEVICE/App/usbd_cdc_if.c ****   * This software is licensed under terms that can be found in the LICENSE file
  14:USB_DEVICE/App/usbd_cdc_if.c ****   * in the root directory of this software component.
  15:USB_DEVICE/App/usbd_cdc_if.c ****   * If no LICENSE file comes with this software, it is provided AS-IS.
  16:USB_DEVICE/App/usbd_cdc_if.c ****   *
  17:USB_DEVICE/App/usbd_cdc_if.c ****   ******************************************************************************
  18:USB_DEVICE/App/usbd_cdc_if.c ****   */
  19:USB_DEVICE/App/usbd_cdc_if.c **** /* USER CODE END Header */
  20:USB_DEVICE/App/usbd_cdc_if.c **** 
  21:USB_DEVICE/App/usbd_cdc_if.c **** /* Includes ------------------------------------------------------------------*/
  22:USB_DEVICE/App/usbd_cdc_if.c **** #include "usbd_cdc_if.h"
  23:USB_DEVICE/App/usbd_cdc_if.c **** 
  24:USB_DEVICE/App/usbd_cdc_if.c **** /* USER CODE BEGIN INCLUDE */
  25:USB_DEVICE/App/usbd_cdc_if.c **** 
  26:USB_DEVICE/App/usbd_cdc_if.c **** /* USER CODE END INCLUDE */
  27:USB_DEVICE/App/usbd_cdc_if.c **** 
  28:USB_DEVICE/App/usbd_cdc_if.c **** /* Private typedef -----------------------------------------------------------*/
  29:USB_DEVICE/App/usbd_cdc_if.c **** /* Private define ------------------------------------------------------------*/
  30:USB_DEVICE/App/usbd_cdc_if.c **** /* Private macro -------------------------------------------------------------*/
  31:USB_DEVICE/App/usbd_cdc_if.c **** 
  32:USB_DEVICE/App/usbd_cdc_if.c **** /* USER CODE BEGIN PV */
ARM GAS  /tmp/cc7bDyet.s 			page 2


  33:USB_DEVICE/App/usbd_cdc_if.c **** /* Private variables ---------------------------------------------------------*/
  34:USB_DEVICE/App/usbd_cdc_if.c **** 
  35:USB_DEVICE/App/usbd_cdc_if.c **** /* USER CODE END PV */
  36:USB_DEVICE/App/usbd_cdc_if.c **** 
  37:USB_DEVICE/App/usbd_cdc_if.c **** /** @addtogroup STM32_USB_OTG_DEVICE_LIBRARY
  38:USB_DEVICE/App/usbd_cdc_if.c ****   * @brief Usb device library.
  39:USB_DEVICE/App/usbd_cdc_if.c ****   * @{
  40:USB_DEVICE/App/usbd_cdc_if.c ****   */
  41:USB_DEVICE/App/usbd_cdc_if.c **** 
  42:USB_DEVICE/App/usbd_cdc_if.c **** /** @addtogroup USBD_CDC_IF
  43:USB_DEVICE/App/usbd_cdc_if.c ****   * @{
  44:USB_DEVICE/App/usbd_cdc_if.c ****   */
  45:USB_DEVICE/App/usbd_cdc_if.c **** 
  46:USB_DEVICE/App/usbd_cdc_if.c **** /** @defgroup USBD_CDC_IF_Private_TypesDefinitions USBD_CDC_IF_Private_TypesDefinitions
  47:USB_DEVICE/App/usbd_cdc_if.c ****   * @brief Private types.
  48:USB_DEVICE/App/usbd_cdc_if.c ****   * @{
  49:USB_DEVICE/App/usbd_cdc_if.c ****   */
  50:USB_DEVICE/App/usbd_cdc_if.c **** 
  51:USB_DEVICE/App/usbd_cdc_if.c **** /* USER CODE BEGIN PRIVATE_TYPES */
  52:USB_DEVICE/App/usbd_cdc_if.c **** 
  53:USB_DEVICE/App/usbd_cdc_if.c **** /* USER CODE END PRIVATE_TYPES */
  54:USB_DEVICE/App/usbd_cdc_if.c **** 
  55:USB_DEVICE/App/usbd_cdc_if.c **** /**
  56:USB_DEVICE/App/usbd_cdc_if.c ****   * @}
  57:USB_DEVICE/App/usbd_cdc_if.c ****   */
  58:USB_DEVICE/App/usbd_cdc_if.c **** 
  59:USB_DEVICE/App/usbd_cdc_if.c **** /** @defgroup USBD_CDC_IF_Private_Defines USBD_CDC_IF_Private_Defines
  60:USB_DEVICE/App/usbd_cdc_if.c ****   * @brief Private defines.
  61:USB_DEVICE/App/usbd_cdc_if.c ****   * @{
  62:USB_DEVICE/App/usbd_cdc_if.c ****   */
  63:USB_DEVICE/App/usbd_cdc_if.c **** 
  64:USB_DEVICE/App/usbd_cdc_if.c **** /* USER CODE BEGIN PRIVATE_DEFINES */
  65:USB_DEVICE/App/usbd_cdc_if.c **** /* USER CODE END PRIVATE_DEFINES */
  66:USB_DEVICE/App/usbd_cdc_if.c **** 
  67:USB_DEVICE/App/usbd_cdc_if.c **** /**
  68:USB_DEVICE/App/usbd_cdc_if.c ****   * @}
  69:USB_DEVICE/App/usbd_cdc_if.c ****   */
  70:USB_DEVICE/App/usbd_cdc_if.c **** 
  71:USB_DEVICE/App/usbd_cdc_if.c **** /** @defgroup USBD_CDC_IF_Private_Macros USBD_CDC_IF_Private_Macros
  72:USB_DEVICE/App/usbd_cdc_if.c ****   * @brief Private macros.
  73:USB_DEVICE/App/usbd_cdc_if.c ****   * @{
  74:USB_DEVICE/App/usbd_cdc_if.c ****   */
  75:USB_DEVICE/App/usbd_cdc_if.c **** 
  76:USB_DEVICE/App/usbd_cdc_if.c **** /* USER CODE BEGIN PRIVATE_MACRO */
  77:USB_DEVICE/App/usbd_cdc_if.c **** 
  78:USB_DEVICE/App/usbd_cdc_if.c **** /* USER CODE END PRIVATE_MACRO */
  79:USB_DEVICE/App/usbd_cdc_if.c **** 
  80:USB_DEVICE/App/usbd_cdc_if.c **** /**
  81:USB_DEVICE/App/usbd_cdc_if.c ****   * @}
  82:USB_DEVICE/App/usbd_cdc_if.c ****   */
  83:USB_DEVICE/App/usbd_cdc_if.c **** 
  84:USB_DEVICE/App/usbd_cdc_if.c **** /** @defgroup USBD_CDC_IF_Private_Variables USBD_CDC_IF_Private_Variables
  85:USB_DEVICE/App/usbd_cdc_if.c ****   * @brief Private variables.
  86:USB_DEVICE/App/usbd_cdc_if.c ****   * @{
  87:USB_DEVICE/App/usbd_cdc_if.c ****   */
  88:USB_DEVICE/App/usbd_cdc_if.c **** 
  89:USB_DEVICE/App/usbd_cdc_if.c **** /* Create buffer for reception and transmission           */
ARM GAS  /tmp/cc7bDyet.s 			page 3


  90:USB_DEVICE/App/usbd_cdc_if.c **** /* It's up to user to redefine and/or remove those define */
  91:USB_DEVICE/App/usbd_cdc_if.c **** /** Received data over USB are stored in this buffer      */
  92:USB_DEVICE/App/usbd_cdc_if.c **** uint8_t UserRxBufferHS[APP_RX_DATA_SIZE];
  93:USB_DEVICE/App/usbd_cdc_if.c **** 
  94:USB_DEVICE/App/usbd_cdc_if.c **** /** Data to send over USB CDC are stored in this buffer   */
  95:USB_DEVICE/App/usbd_cdc_if.c **** uint8_t UserTxBufferHS[APP_TX_DATA_SIZE];
  96:USB_DEVICE/App/usbd_cdc_if.c **** 
  97:USB_DEVICE/App/usbd_cdc_if.c **** /* USER CODE BEGIN PRIVATE_VARIABLES */
  98:USB_DEVICE/App/usbd_cdc_if.c **** 
  99:USB_DEVICE/App/usbd_cdc_if.c **** /* USER CODE END PRIVATE_VARIABLES */
 100:USB_DEVICE/App/usbd_cdc_if.c **** 
 101:USB_DEVICE/App/usbd_cdc_if.c **** /**
 102:USB_DEVICE/App/usbd_cdc_if.c ****   * @}
 103:USB_DEVICE/App/usbd_cdc_if.c ****   */
 104:USB_DEVICE/App/usbd_cdc_if.c **** 
 105:USB_DEVICE/App/usbd_cdc_if.c **** /** @defgroup USBD_CDC_IF_Exported_Variables USBD_CDC_IF_Exported_Variables
 106:USB_DEVICE/App/usbd_cdc_if.c ****   * @brief Public variables.
 107:USB_DEVICE/App/usbd_cdc_if.c ****   * @{
 108:USB_DEVICE/App/usbd_cdc_if.c ****   */
 109:USB_DEVICE/App/usbd_cdc_if.c **** 
 110:USB_DEVICE/App/usbd_cdc_if.c **** extern USBD_HandleTypeDef hUsbDeviceHS;
 111:USB_DEVICE/App/usbd_cdc_if.c **** 
 112:USB_DEVICE/App/usbd_cdc_if.c **** /* USER CODE BEGIN EXPORTED_VARIABLES */
 113:USB_DEVICE/App/usbd_cdc_if.c **** 
 114:USB_DEVICE/App/usbd_cdc_if.c **** /* USER CODE END EXPORTED_VARIABLES */
 115:USB_DEVICE/App/usbd_cdc_if.c **** 
 116:USB_DEVICE/App/usbd_cdc_if.c **** /**
 117:USB_DEVICE/App/usbd_cdc_if.c ****   * @}
 118:USB_DEVICE/App/usbd_cdc_if.c ****   */
 119:USB_DEVICE/App/usbd_cdc_if.c **** 
 120:USB_DEVICE/App/usbd_cdc_if.c **** /** @defgroup USBD_CDC_IF_Private_FunctionPrototypes USBD_CDC_IF_Private_FunctionPrototypes
 121:USB_DEVICE/App/usbd_cdc_if.c ****   * @brief Private functions declaration.
 122:USB_DEVICE/App/usbd_cdc_if.c ****   * @{
 123:USB_DEVICE/App/usbd_cdc_if.c ****   */
 124:USB_DEVICE/App/usbd_cdc_if.c **** 
 125:USB_DEVICE/App/usbd_cdc_if.c **** static int8_t CDC_Init_HS(void);
 126:USB_DEVICE/App/usbd_cdc_if.c **** static int8_t CDC_DeInit_HS(void);
 127:USB_DEVICE/App/usbd_cdc_if.c **** static int8_t CDC_Control_HS(uint8_t cmd, uint8_t* pbuf, uint16_t length);
 128:USB_DEVICE/App/usbd_cdc_if.c **** static int8_t CDC_Receive_HS(uint8_t* pbuf, uint32_t *Len);
 129:USB_DEVICE/App/usbd_cdc_if.c **** static int8_t CDC_TransmitCplt_HS(uint8_t *pbuf, uint32_t *Len, uint8_t epnum);
 130:USB_DEVICE/App/usbd_cdc_if.c **** 
 131:USB_DEVICE/App/usbd_cdc_if.c **** /* USER CODE BEGIN PRIVATE_FUNCTIONS_DECLARATION */
 132:USB_DEVICE/App/usbd_cdc_if.c **** 
 133:USB_DEVICE/App/usbd_cdc_if.c **** /* USER CODE END PRIVATE_FUNCTIONS_DECLARATION */
 134:USB_DEVICE/App/usbd_cdc_if.c **** 
 135:USB_DEVICE/App/usbd_cdc_if.c **** /**
 136:USB_DEVICE/App/usbd_cdc_if.c ****   * @}
 137:USB_DEVICE/App/usbd_cdc_if.c ****   */
 138:USB_DEVICE/App/usbd_cdc_if.c **** 
 139:USB_DEVICE/App/usbd_cdc_if.c **** USBD_CDC_ItfTypeDef USBD_Interface_fops_HS =
 140:USB_DEVICE/App/usbd_cdc_if.c **** {
 141:USB_DEVICE/App/usbd_cdc_if.c ****   CDC_Init_HS,
 142:USB_DEVICE/App/usbd_cdc_if.c ****   CDC_DeInit_HS,
 143:USB_DEVICE/App/usbd_cdc_if.c ****   CDC_Control_HS,
 144:USB_DEVICE/App/usbd_cdc_if.c ****   CDC_Receive_HS,
 145:USB_DEVICE/App/usbd_cdc_if.c ****   CDC_TransmitCplt_HS
 146:USB_DEVICE/App/usbd_cdc_if.c **** };
ARM GAS  /tmp/cc7bDyet.s 			page 4


 147:USB_DEVICE/App/usbd_cdc_if.c **** 
 148:USB_DEVICE/App/usbd_cdc_if.c **** /* Private functions ---------------------------------------------------------*/
 149:USB_DEVICE/App/usbd_cdc_if.c **** 
 150:USB_DEVICE/App/usbd_cdc_if.c **** /**
 151:USB_DEVICE/App/usbd_cdc_if.c ****   * @brief  Initializes the CDC media low layer over the USB HS IP
 152:USB_DEVICE/App/usbd_cdc_if.c ****   * @retval USBD_OK if all operations are OK else USBD_FAIL
 153:USB_DEVICE/App/usbd_cdc_if.c ****   */
 154:USB_DEVICE/App/usbd_cdc_if.c **** static int8_t CDC_Init_HS(void)
 155:USB_DEVICE/App/usbd_cdc_if.c **** {
 156:USB_DEVICE/App/usbd_cdc_if.c ****   /* USER CODE BEGIN 8 */
 157:USB_DEVICE/App/usbd_cdc_if.c ****   /* Set Application Buffers */
 158:USB_DEVICE/App/usbd_cdc_if.c ****   USBD_CDC_SetTxBuffer(&hUsbDeviceHS, UserTxBufferHS, 0);
 159:USB_DEVICE/App/usbd_cdc_if.c ****   USBD_CDC_SetRxBuffer(&hUsbDeviceHS, UserRxBufferHS);
 160:USB_DEVICE/App/usbd_cdc_if.c ****   return (USBD_OK);
 161:USB_DEVICE/App/usbd_cdc_if.c ****   /* USER CODE END 8 */
 162:USB_DEVICE/App/usbd_cdc_if.c **** }
 163:USB_DEVICE/App/usbd_cdc_if.c **** 
 164:USB_DEVICE/App/usbd_cdc_if.c **** /**
 165:USB_DEVICE/App/usbd_cdc_if.c ****   * @brief  DeInitializes the CDC media low layer
 166:USB_DEVICE/App/usbd_cdc_if.c ****   * @param  None
 167:USB_DEVICE/App/usbd_cdc_if.c ****   * @retval USBD_OK if all operations are OK else USBD_FAIL
 168:USB_DEVICE/App/usbd_cdc_if.c ****   */
 169:USB_DEVICE/App/usbd_cdc_if.c **** static int8_t CDC_DeInit_HS(void)
 170:USB_DEVICE/App/usbd_cdc_if.c **** {
  27              		.loc 1 170 1 view -0
  28              		.cfi_startproc
  29              		@ args = 0, pretend = 0, frame = 0
  30              		@ frame_needed = 0, uses_anonymous_args = 0
  31              		@ link register save eliminated.
 171:USB_DEVICE/App/usbd_cdc_if.c ****   /* USER CODE BEGIN 9 */
 172:USB_DEVICE/App/usbd_cdc_if.c ****   return (USBD_OK);
  32              		.loc 1 172 3 view .LVU1
 173:USB_DEVICE/App/usbd_cdc_if.c ****   /* USER CODE END 9 */
 174:USB_DEVICE/App/usbd_cdc_if.c **** }
  33              		.loc 1 174 1 is_stmt 0 view .LVU2
  34 0000 0020     		movs	r0, #0
  35 0002 7047     		bx	lr
  36              		.cfi_endproc
  37              	.LFE151:
  39              		.section	.text.CDC_Control_HS,"ax",%progbits
  40              		.align	1
  41              		.syntax unified
  42              		.thumb
  43              		.thumb_func
  45              	CDC_Control_HS:
  46              	.LVL0:
  47              	.LFB152:
 175:USB_DEVICE/App/usbd_cdc_if.c **** 
 176:USB_DEVICE/App/usbd_cdc_if.c **** /**
 177:USB_DEVICE/App/usbd_cdc_if.c ****   * @brief  Manage the CDC class requests
 178:USB_DEVICE/App/usbd_cdc_if.c ****   * @param  cmd: Command code
 179:USB_DEVICE/App/usbd_cdc_if.c ****   * @param  pbuf: Buffer containing command data (request parameters)
 180:USB_DEVICE/App/usbd_cdc_if.c ****   * @param  length: Number of data to be sent (in bytes)
 181:USB_DEVICE/App/usbd_cdc_if.c ****   * @retval Result of the operation: USBD_OK if all operations are OK else USBD_FAIL
 182:USB_DEVICE/App/usbd_cdc_if.c ****   */
 183:USB_DEVICE/App/usbd_cdc_if.c **** static int8_t CDC_Control_HS(uint8_t cmd, uint8_t* pbuf, uint16_t length)
 184:USB_DEVICE/App/usbd_cdc_if.c **** {
ARM GAS  /tmp/cc7bDyet.s 			page 5


  48              		.loc 1 184 1 is_stmt 1 view -0
  49              		.cfi_startproc
  50              		@ args = 0, pretend = 0, frame = 0
  51              		@ frame_needed = 0, uses_anonymous_args = 0
  52              		@ link register save eliminated.
 185:USB_DEVICE/App/usbd_cdc_if.c ****   /* USER CODE BEGIN 10 */
 186:USB_DEVICE/App/usbd_cdc_if.c ****   switch(cmd)
  53              		.loc 1 186 3 view .LVU4
 187:USB_DEVICE/App/usbd_cdc_if.c ****   {
 188:USB_DEVICE/App/usbd_cdc_if.c ****   case CDC_SEND_ENCAPSULATED_COMMAND:
 189:USB_DEVICE/App/usbd_cdc_if.c **** 
 190:USB_DEVICE/App/usbd_cdc_if.c ****     break;
 191:USB_DEVICE/App/usbd_cdc_if.c **** 
 192:USB_DEVICE/App/usbd_cdc_if.c ****   case CDC_GET_ENCAPSULATED_RESPONSE:
 193:USB_DEVICE/App/usbd_cdc_if.c **** 
 194:USB_DEVICE/App/usbd_cdc_if.c ****     break;
 195:USB_DEVICE/App/usbd_cdc_if.c **** 
 196:USB_DEVICE/App/usbd_cdc_if.c ****   case CDC_SET_COMM_FEATURE:
 197:USB_DEVICE/App/usbd_cdc_if.c **** 
 198:USB_DEVICE/App/usbd_cdc_if.c ****     break;
 199:USB_DEVICE/App/usbd_cdc_if.c **** 
 200:USB_DEVICE/App/usbd_cdc_if.c ****   case CDC_GET_COMM_FEATURE:
 201:USB_DEVICE/App/usbd_cdc_if.c **** 
 202:USB_DEVICE/App/usbd_cdc_if.c ****     break;
 203:USB_DEVICE/App/usbd_cdc_if.c **** 
 204:USB_DEVICE/App/usbd_cdc_if.c ****   case CDC_CLEAR_COMM_FEATURE:
 205:USB_DEVICE/App/usbd_cdc_if.c **** 
 206:USB_DEVICE/App/usbd_cdc_if.c ****     break;
 207:USB_DEVICE/App/usbd_cdc_if.c **** 
 208:USB_DEVICE/App/usbd_cdc_if.c ****   /*******************************************************************************/
 209:USB_DEVICE/App/usbd_cdc_if.c ****   /* Line Coding Structure                                                       */
 210:USB_DEVICE/App/usbd_cdc_if.c ****   /*-----------------------------------------------------------------------------*/
 211:USB_DEVICE/App/usbd_cdc_if.c ****   /* Offset | Field       | Size | Value  | Description                          */
 212:USB_DEVICE/App/usbd_cdc_if.c ****   /* 0      | dwDTERate   |   4  | Number |Data terminal rate, in bits per second*/
 213:USB_DEVICE/App/usbd_cdc_if.c ****   /* 4      | bCharFormat |   1  | Number | Stop bits                            */
 214:USB_DEVICE/App/usbd_cdc_if.c ****   /*                                        0 - 1 Stop bit                       */
 215:USB_DEVICE/App/usbd_cdc_if.c ****   /*                                        1 - 1.5 Stop bits                    */
 216:USB_DEVICE/App/usbd_cdc_if.c ****   /*                                        2 - 2 Stop bits                      */
 217:USB_DEVICE/App/usbd_cdc_if.c ****   /* 5      | bParityType |  1   | Number | Parity                               */
 218:USB_DEVICE/App/usbd_cdc_if.c ****   /*                                        0 - None                             */
 219:USB_DEVICE/App/usbd_cdc_if.c ****   /*                                        1 - Odd                              */
 220:USB_DEVICE/App/usbd_cdc_if.c ****   /*                                        2 - Even                             */
 221:USB_DEVICE/App/usbd_cdc_if.c ****   /*                                        3 - Mark                             */
 222:USB_DEVICE/App/usbd_cdc_if.c ****   /*                                        4 - Space                            */
 223:USB_DEVICE/App/usbd_cdc_if.c ****   /* 6      | bDataBits  |   1   | Number Data bits (5, 6, 7, 8 or 16).          */
 224:USB_DEVICE/App/usbd_cdc_if.c ****   /*******************************************************************************/
 225:USB_DEVICE/App/usbd_cdc_if.c ****   case CDC_SET_LINE_CODING:
 226:USB_DEVICE/App/usbd_cdc_if.c **** 
 227:USB_DEVICE/App/usbd_cdc_if.c ****     break;
 228:USB_DEVICE/App/usbd_cdc_if.c **** 
 229:USB_DEVICE/App/usbd_cdc_if.c ****   case CDC_GET_LINE_CODING:
 230:USB_DEVICE/App/usbd_cdc_if.c **** 
 231:USB_DEVICE/App/usbd_cdc_if.c ****     break;
 232:USB_DEVICE/App/usbd_cdc_if.c **** 
 233:USB_DEVICE/App/usbd_cdc_if.c ****   case CDC_SET_CONTROL_LINE_STATE:
 234:USB_DEVICE/App/usbd_cdc_if.c **** 
 235:USB_DEVICE/App/usbd_cdc_if.c ****     break;
ARM GAS  /tmp/cc7bDyet.s 			page 6


 236:USB_DEVICE/App/usbd_cdc_if.c **** 
 237:USB_DEVICE/App/usbd_cdc_if.c ****   case CDC_SEND_BREAK:
 238:USB_DEVICE/App/usbd_cdc_if.c **** 
 239:USB_DEVICE/App/usbd_cdc_if.c ****     break;
 240:USB_DEVICE/App/usbd_cdc_if.c **** 
 241:USB_DEVICE/App/usbd_cdc_if.c ****   default:
 242:USB_DEVICE/App/usbd_cdc_if.c ****     break;
  54              		.loc 1 242 5 view .LVU5
 243:USB_DEVICE/App/usbd_cdc_if.c ****   }
 244:USB_DEVICE/App/usbd_cdc_if.c **** 
 245:USB_DEVICE/App/usbd_cdc_if.c ****   return (USBD_OK);
  55              		.loc 1 245 3 view .LVU6
 246:USB_DEVICE/App/usbd_cdc_if.c ****   /* USER CODE END 10 */
 247:USB_DEVICE/App/usbd_cdc_if.c **** }
  56              		.loc 1 247 1 is_stmt 0 view .LVU7
  57 0000 0020     		movs	r0, #0
  58              	.LVL1:
  59              		.loc 1 247 1 view .LVU8
  60 0002 7047     		bx	lr
  61              		.cfi_endproc
  62              	.LFE152:
  64              		.section	.text.CDC_TransmitCplt_HS,"ax",%progbits
  65              		.align	1
  66              		.syntax unified
  67              		.thumb
  68              		.thumb_func
  70              	CDC_TransmitCplt_HS:
  71              	.LVL2:
  72              	.LFB155:
 248:USB_DEVICE/App/usbd_cdc_if.c **** 
 249:USB_DEVICE/App/usbd_cdc_if.c **** /**
 250:USB_DEVICE/App/usbd_cdc_if.c ****   * @brief Data received over USB OUT endpoint are sent over CDC interface
 251:USB_DEVICE/App/usbd_cdc_if.c ****   *         through this function.
 252:USB_DEVICE/App/usbd_cdc_if.c ****   *
 253:USB_DEVICE/App/usbd_cdc_if.c ****   *         @note
 254:USB_DEVICE/App/usbd_cdc_if.c ****   *         This function will issue a NAK packet on any OUT packet received on
 255:USB_DEVICE/App/usbd_cdc_if.c ****   *         USB endpoint until exiting this function. If you exit this function
 256:USB_DEVICE/App/usbd_cdc_if.c ****   *         before transfer is complete on CDC interface (ie. using DMA controller)
 257:USB_DEVICE/App/usbd_cdc_if.c ****   *         it will result in receiving more data while previous ones are still
 258:USB_DEVICE/App/usbd_cdc_if.c ****   *         not sent.
 259:USB_DEVICE/App/usbd_cdc_if.c ****   *
 260:USB_DEVICE/App/usbd_cdc_if.c ****   * @param  Buf: Buffer of data to be received
 261:USB_DEVICE/App/usbd_cdc_if.c ****   * @param  Len: Number of data received (in bytes)
 262:USB_DEVICE/App/usbd_cdc_if.c ****   * @retval Result of the operation: USBD_OK if all operations are OK else USBD_FAILL
 263:USB_DEVICE/App/usbd_cdc_if.c ****   */
 264:USB_DEVICE/App/usbd_cdc_if.c **** static int8_t CDC_Receive_HS(uint8_t* Buf, uint32_t *Len)
 265:USB_DEVICE/App/usbd_cdc_if.c **** {
 266:USB_DEVICE/App/usbd_cdc_if.c ****   /* USER CODE BEGIN 11 */
 267:USB_DEVICE/App/usbd_cdc_if.c ****   USBD_CDC_SetRxBuffer(&hUsbDeviceHS, &Buf[0]);
 268:USB_DEVICE/App/usbd_cdc_if.c ****   USBD_CDC_ReceivePacket(&hUsbDeviceHS);
 269:USB_DEVICE/App/usbd_cdc_if.c ****   return (USBD_OK);
 270:USB_DEVICE/App/usbd_cdc_if.c ****   /* USER CODE END 11 */
 271:USB_DEVICE/App/usbd_cdc_if.c **** }
 272:USB_DEVICE/App/usbd_cdc_if.c **** 
 273:USB_DEVICE/App/usbd_cdc_if.c **** /**
 274:USB_DEVICE/App/usbd_cdc_if.c ****   * @brief  Data to send over USB IN endpoint are sent over CDC interface
 275:USB_DEVICE/App/usbd_cdc_if.c ****   *         through this function.
ARM GAS  /tmp/cc7bDyet.s 			page 7


 276:USB_DEVICE/App/usbd_cdc_if.c ****   * @param  Buf: Buffer of data to be sent
 277:USB_DEVICE/App/usbd_cdc_if.c ****   * @param  Len: Number of data to be sent (in bytes)
 278:USB_DEVICE/App/usbd_cdc_if.c ****   * @retval Result of the operation: USBD_OK if all operations are OK else USBD_FAIL or USBD_BUSY
 279:USB_DEVICE/App/usbd_cdc_if.c ****   */
 280:USB_DEVICE/App/usbd_cdc_if.c **** uint8_t CDC_Transmit_HS(uint8_t* Buf, uint16_t Len)
 281:USB_DEVICE/App/usbd_cdc_if.c **** {
 282:USB_DEVICE/App/usbd_cdc_if.c ****   uint8_t result = USBD_OK;
 283:USB_DEVICE/App/usbd_cdc_if.c ****   /* USER CODE BEGIN 12 */
 284:USB_DEVICE/App/usbd_cdc_if.c ****   USBD_CDC_HandleTypeDef *hcdc = (USBD_CDC_HandleTypeDef*)hUsbDeviceHS.pClassData;
 285:USB_DEVICE/App/usbd_cdc_if.c ****   if (hcdc->TxState != 0){
 286:USB_DEVICE/App/usbd_cdc_if.c ****     return USBD_BUSY;
 287:USB_DEVICE/App/usbd_cdc_if.c ****   }
 288:USB_DEVICE/App/usbd_cdc_if.c ****   USBD_CDC_SetTxBuffer(&hUsbDeviceHS, Buf, Len);
 289:USB_DEVICE/App/usbd_cdc_if.c ****   result = USBD_CDC_TransmitPacket(&hUsbDeviceHS);
 290:USB_DEVICE/App/usbd_cdc_if.c ****   /* USER CODE END 12 */
 291:USB_DEVICE/App/usbd_cdc_if.c ****   return result;
 292:USB_DEVICE/App/usbd_cdc_if.c **** }
 293:USB_DEVICE/App/usbd_cdc_if.c **** 
 294:USB_DEVICE/App/usbd_cdc_if.c **** /**
 295:USB_DEVICE/App/usbd_cdc_if.c ****   * @brief  CDC_TransmitCplt_HS
 296:USB_DEVICE/App/usbd_cdc_if.c ****   *         Data transmitted callback
 297:USB_DEVICE/App/usbd_cdc_if.c ****   *
 298:USB_DEVICE/App/usbd_cdc_if.c ****   *         @note
 299:USB_DEVICE/App/usbd_cdc_if.c ****   *         This function is IN transfer complete callback used to inform user that
 300:USB_DEVICE/App/usbd_cdc_if.c ****   *         the submitted Data is successfully sent over USB.
 301:USB_DEVICE/App/usbd_cdc_if.c ****   *
 302:USB_DEVICE/App/usbd_cdc_if.c ****   * @param  Buf: Buffer of data to be received
 303:USB_DEVICE/App/usbd_cdc_if.c ****   * @param  Len: Number of data received (in bytes)
 304:USB_DEVICE/App/usbd_cdc_if.c ****   * @retval Result of the operation: USBD_OK if all operations are OK else USBD_FAIL
 305:USB_DEVICE/App/usbd_cdc_if.c ****   */
 306:USB_DEVICE/App/usbd_cdc_if.c **** static int8_t CDC_TransmitCplt_HS(uint8_t *Buf, uint32_t *Len, uint8_t epnum)
 307:USB_DEVICE/App/usbd_cdc_if.c **** {
  73              		.loc 1 307 1 is_stmt 1 view -0
  74              		.cfi_startproc
  75              		@ args = 0, pretend = 0, frame = 0
  76              		@ frame_needed = 0, uses_anonymous_args = 0
  77              		@ link register save eliminated.
 308:USB_DEVICE/App/usbd_cdc_if.c ****   uint8_t result = USBD_OK;
  78              		.loc 1 308 3 view .LVU10
 309:USB_DEVICE/App/usbd_cdc_if.c ****   /* USER CODE BEGIN 14 */
 310:USB_DEVICE/App/usbd_cdc_if.c ****   UNUSED(Buf);
  79              		.loc 1 310 3 view .LVU11
 311:USB_DEVICE/App/usbd_cdc_if.c ****   UNUSED(Len);
  80              		.loc 1 311 3 view .LVU12
 312:USB_DEVICE/App/usbd_cdc_if.c ****   UNUSED(epnum);
  81              		.loc 1 312 3 view .LVU13
 313:USB_DEVICE/App/usbd_cdc_if.c ****   /* USER CODE END 14 */
 314:USB_DEVICE/App/usbd_cdc_if.c ****   return result;
  82              		.loc 1 314 3 view .LVU14
 315:USB_DEVICE/App/usbd_cdc_if.c **** }
  83              		.loc 1 315 1 is_stmt 0 view .LVU15
  84 0000 0020     		movs	r0, #0
  85              	.LVL3:
  86              		.loc 1 315 1 view .LVU16
  87 0002 7047     		bx	lr
  88              		.cfi_endproc
  89              	.LFE155:
ARM GAS  /tmp/cc7bDyet.s 			page 8


  91              		.section	.text.CDC_Receive_HS,"ax",%progbits
  92              		.align	1
  93              		.syntax unified
  94              		.thumb
  95              		.thumb_func
  97              	CDC_Receive_HS:
  98              	.LVL4:
  99              	.LFB153:
 265:USB_DEVICE/App/usbd_cdc_if.c ****   /* USER CODE BEGIN 11 */
 100              		.loc 1 265 1 is_stmt 1 view -0
 101              		.cfi_startproc
 102              		@ args = 0, pretend = 0, frame = 0
 103              		@ frame_needed = 0, uses_anonymous_args = 0
 265:USB_DEVICE/App/usbd_cdc_if.c ****   /* USER CODE BEGIN 11 */
 104              		.loc 1 265 1 is_stmt 0 view .LVU18
 105 0000 10B5     		push	{r4, lr}
 106              	.LCFI0:
 107              		.cfi_def_cfa_offset 8
 108              		.cfi_offset 4, -8
 109              		.cfi_offset 14, -4
 110 0002 0146     		mov	r1, r0
 111              	.LVL5:
 267:USB_DEVICE/App/usbd_cdc_if.c ****   USBD_CDC_ReceivePacket(&hUsbDeviceHS);
 112              		.loc 1 267 3 is_stmt 1 view .LVU19
 113 0004 044C     		ldr	r4, .L6
 114 0006 2046     		mov	r0, r4
 115              	.LVL6:
 267:USB_DEVICE/App/usbd_cdc_if.c ****   USBD_CDC_ReceivePacket(&hUsbDeviceHS);
 116              		.loc 1 267 3 is_stmt 0 view .LVU20
 117 0008 FFF7FEFF 		bl	USBD_CDC_SetRxBuffer
 118              	.LVL7:
 268:USB_DEVICE/App/usbd_cdc_if.c ****   return (USBD_OK);
 119              		.loc 1 268 3 is_stmt 1 view .LVU21
 120 000c 2046     		mov	r0, r4
 121 000e FFF7FEFF 		bl	USBD_CDC_ReceivePacket
 122              	.LVL8:
 269:USB_DEVICE/App/usbd_cdc_if.c ****   /* USER CODE END 11 */
 123              		.loc 1 269 3 view .LVU22
 271:USB_DEVICE/App/usbd_cdc_if.c **** 
 124              		.loc 1 271 1 is_stmt 0 view .LVU23
 125 0012 0020     		movs	r0, #0
 126 0014 10BD     		pop	{r4, pc}
 127              	.L7:
 128 0016 00BF     		.align	2
 129              	.L6:
 130 0018 00000000 		.word	hUsbDeviceHS
 131              		.cfi_endproc
 132              	.LFE153:
 134              		.section	.text.CDC_Init_HS,"ax",%progbits
 135              		.align	1
 136              		.syntax unified
 137              		.thumb
 138              		.thumb_func
 140              	CDC_Init_HS:
 141              	.LFB150:
 155:USB_DEVICE/App/usbd_cdc_if.c ****   /* USER CODE BEGIN 8 */
 142              		.loc 1 155 1 is_stmt 1 view -0
ARM GAS  /tmp/cc7bDyet.s 			page 9


 143              		.cfi_startproc
 144              		@ args = 0, pretend = 0, frame = 0
 145              		@ frame_needed = 0, uses_anonymous_args = 0
 146 0000 10B5     		push	{r4, lr}
 147              	.LCFI1:
 148              		.cfi_def_cfa_offset 8
 149              		.cfi_offset 4, -8
 150              		.cfi_offset 14, -4
 158:USB_DEVICE/App/usbd_cdc_if.c ****   USBD_CDC_SetRxBuffer(&hUsbDeviceHS, UserRxBufferHS);
 151              		.loc 1 158 3 view .LVU25
 152 0002 064C     		ldr	r4, .L10
 153 0004 0022     		movs	r2, #0
 154 0006 0649     		ldr	r1, .L10+4
 155 0008 2046     		mov	r0, r4
 156 000a FFF7FEFF 		bl	USBD_CDC_SetTxBuffer
 157              	.LVL9:
 159:USB_DEVICE/App/usbd_cdc_if.c ****   return (USBD_OK);
 158              		.loc 1 159 3 view .LVU26
 159 000e 0549     		ldr	r1, .L10+8
 160 0010 2046     		mov	r0, r4
 161 0012 FFF7FEFF 		bl	USBD_CDC_SetRxBuffer
 162              	.LVL10:
 160:USB_DEVICE/App/usbd_cdc_if.c ****   /* USER CODE END 8 */
 163              		.loc 1 160 3 view .LVU27
 162:USB_DEVICE/App/usbd_cdc_if.c **** 
 164              		.loc 1 162 1 is_stmt 0 view .LVU28
 165 0016 0020     		movs	r0, #0
 166 0018 10BD     		pop	{r4, pc}
 167              	.L11:
 168 001a 00BF     		.align	2
 169              	.L10:
 170 001c 00000000 		.word	hUsbDeviceHS
 171 0020 00000000 		.word	UserTxBufferHS
 172 0024 00000000 		.word	UserRxBufferHS
 173              		.cfi_endproc
 174              	.LFE150:
 176              		.section	.text.CDC_Transmit_HS,"ax",%progbits
 177              		.align	1
 178              		.global	CDC_Transmit_HS
 179              		.syntax unified
 180              		.thumb
 181              		.thumb_func
 183              	CDC_Transmit_HS:
 184              	.LVL11:
 185              	.LFB154:
 281:USB_DEVICE/App/usbd_cdc_if.c ****   uint8_t result = USBD_OK;
 186              		.loc 1 281 1 is_stmt 1 view -0
 187              		.cfi_startproc
 188              		@ args = 0, pretend = 0, frame = 0
 189              		@ frame_needed = 0, uses_anonymous_args = 0
 281:USB_DEVICE/App/usbd_cdc_if.c ****   uint8_t result = USBD_OK;
 190              		.loc 1 281 1 is_stmt 0 view .LVU30
 191 0000 08B5     		push	{r3, lr}
 192              	.LCFI2:
 193              		.cfi_def_cfa_offset 8
 194              		.cfi_offset 3, -8
 195              		.cfi_offset 14, -4
ARM GAS  /tmp/cc7bDyet.s 			page 10


 282:USB_DEVICE/App/usbd_cdc_if.c ****   /* USER CODE BEGIN 12 */
 196              		.loc 1 282 3 is_stmt 1 view .LVU31
 197              	.LVL12:
 284:USB_DEVICE/App/usbd_cdc_if.c ****   if (hcdc->TxState != 0){
 198              		.loc 1 284 3 view .LVU32
 284:USB_DEVICE/App/usbd_cdc_if.c ****   if (hcdc->TxState != 0){
 199              		.loc 1 284 27 is_stmt 0 view .LVU33
 200 0002 084B     		ldr	r3, .L17
 201 0004 D3F8BC32 		ldr	r3, [r3, #700]
 202              	.LVL13:
 285:USB_DEVICE/App/usbd_cdc_if.c ****     return USBD_BUSY;
 203              		.loc 1 285 3 is_stmt 1 view .LVU34
 285:USB_DEVICE/App/usbd_cdc_if.c ****     return USBD_BUSY;
 204              		.loc 1 285 11 is_stmt 0 view .LVU35
 205 0008 D3F81432 		ldr	r3, [r3, #532]
 206              	.LVL14:
 285:USB_DEVICE/App/usbd_cdc_if.c ****     return USBD_BUSY;
 207              		.loc 1 285 6 view .LVU36
 208 000c 0BB1     		cbz	r3, .L16
 286:USB_DEVICE/App/usbd_cdc_if.c ****   }
 209              		.loc 1 286 12 view .LVU37
 210 000e 0120     		movs	r0, #1
 211              	.LVL15:
 212              	.L13:
 292:USB_DEVICE/App/usbd_cdc_if.c **** 
 213              		.loc 1 292 1 view .LVU38
 214 0010 08BD     		pop	{r3, pc}
 215              	.LVL16:
 216              	.L16:
 288:USB_DEVICE/App/usbd_cdc_if.c ****   result = USBD_CDC_TransmitPacket(&hUsbDeviceHS);
 217              		.loc 1 288 3 is_stmt 1 view .LVU39
 218 0012 0A46     		mov	r2, r1
 219 0014 0146     		mov	r1, r0
 220              	.LVL17:
 288:USB_DEVICE/App/usbd_cdc_if.c ****   result = USBD_CDC_TransmitPacket(&hUsbDeviceHS);
 221              		.loc 1 288 3 is_stmt 0 view .LVU40
 222 0016 0348     		ldr	r0, .L17
 223              	.LVL18:
 288:USB_DEVICE/App/usbd_cdc_if.c ****   result = USBD_CDC_TransmitPacket(&hUsbDeviceHS);
 224              		.loc 1 288 3 view .LVU41
 225 0018 FFF7FEFF 		bl	USBD_CDC_SetTxBuffer
 226              	.LVL19:
 289:USB_DEVICE/App/usbd_cdc_if.c ****   /* USER CODE END 12 */
 227              		.loc 1 289 3 is_stmt 1 view .LVU42
 289:USB_DEVICE/App/usbd_cdc_if.c ****   /* USER CODE END 12 */
 228              		.loc 1 289 12 is_stmt 0 view .LVU43
 229 001c 0148     		ldr	r0, .L17
 230 001e FFF7FEFF 		bl	USBD_CDC_TransmitPacket
 231              	.LVL20:
 291:USB_DEVICE/App/usbd_cdc_if.c **** }
 232              		.loc 1 291 3 is_stmt 1 view .LVU44
 291:USB_DEVICE/App/usbd_cdc_if.c **** }
 233              		.loc 1 291 10 is_stmt 0 view .LVU45
 234 0022 F5E7     		b	.L13
 235              	.L18:
 236              		.align	2
 237              	.L17:
ARM GAS  /tmp/cc7bDyet.s 			page 11


 238 0024 00000000 		.word	hUsbDeviceHS
 239              		.cfi_endproc
 240              	.LFE154:
 242              		.global	USBD_Interface_fops_HS
 243              		.section	.data.USBD_Interface_fops_HS,"aw"
 244              		.align	2
 247              	USBD_Interface_fops_HS:
 248 0000 00000000 		.word	CDC_Init_HS
 249 0004 00000000 		.word	CDC_DeInit_HS
 250 0008 00000000 		.word	CDC_Control_HS
 251 000c 00000000 		.word	CDC_Receive_HS
 252 0010 00000000 		.word	CDC_TransmitCplt_HS
 253              		.global	UserTxBufferHS
 254              		.section	.bss.UserTxBufferHS,"aw",%nobits
 255              		.align	2
 258              	UserTxBufferHS:
 259 0000 00000000 		.space	2048
 259      00000000 
 259      00000000 
 259      00000000 
 259      00000000 
 260              		.global	UserRxBufferHS
 261              		.section	.bss.UserRxBufferHS,"aw",%nobits
 262              		.align	2
 265              	UserRxBufferHS:
 266 0000 00000000 		.space	2048
 266      00000000 
 266      00000000 
 266      00000000 
 266      00000000 
 267              		.text
 268              	.Letext0:
 269              		.file 2 "/opt/arm-gnu-toolchain-15.2.rel1-x86_64-arm-none-eabi/arm-none-eabi/include/machine/_defa
 270              		.file 3 "/opt/arm-gnu-toolchain-15.2.rel1-x86_64-arm-none-eabi/arm-none-eabi/include/sys/_stdint.h
 271              		.file 4 "Middlewares/ST/STM32_USB_Device_Library/Core/Inc/usbd_def.h"
 272              		.file 5 "Middlewares/ST/STM32_USB_Device_Library/Class/CDC/Inc/usbd_cdc.h"
 273              		.file 6 "USB_DEVICE/App/usbd_cdc_if.h"
ARM GAS  /tmp/cc7bDyet.s 			page 12


DEFINED SYMBOLS
                            *ABS*:00000000 usbd_cdc_if.c
     /tmp/cc7bDyet.s:20     .text.CDC_DeInit_HS:00000000 $t
     /tmp/cc7bDyet.s:25     .text.CDC_DeInit_HS:00000000 CDC_DeInit_HS
     /tmp/cc7bDyet.s:40     .text.CDC_Control_HS:00000000 $t
     /tmp/cc7bDyet.s:45     .text.CDC_Control_HS:00000000 CDC_Control_HS
     /tmp/cc7bDyet.s:65     .text.CDC_TransmitCplt_HS:00000000 $t
     /tmp/cc7bDyet.s:70     .text.CDC_TransmitCplt_HS:00000000 CDC_TransmitCplt_HS
     /tmp/cc7bDyet.s:92     .text.CDC_Receive_HS:00000000 $t
     /tmp/cc7bDyet.s:97     .text.CDC_Receive_HS:00000000 CDC_Receive_HS
     /tmp/cc7bDyet.s:130    .text.CDC_Receive_HS:00000018 $d
     /tmp/cc7bDyet.s:135    .text.CDC_Init_HS:00000000 $t
     /tmp/cc7bDyet.s:140    .text.CDC_Init_HS:00000000 CDC_Init_HS
     /tmp/cc7bDyet.s:170    .text.CDC_Init_HS:0000001c $d
     /tmp/cc7bDyet.s:258    .bss.UserTxBufferHS:00000000 UserTxBufferHS
     /tmp/cc7bDyet.s:265    .bss.UserRxBufferHS:00000000 UserRxBufferHS
     /tmp/cc7bDyet.s:177    .text.CDC_Transmit_HS:00000000 $t
     /tmp/cc7bDyet.s:183    .text.CDC_Transmit_HS:00000000 CDC_Transmit_HS
     /tmp/cc7bDyet.s:238    .text.CDC_Transmit_HS:00000024 $d
     /tmp/cc7bDyet.s:247    .data.USBD_Interface_fops_HS:00000000 USBD_Interface_fops_HS
     /tmp/cc7bDyet.s:244    .data.USBD_Interface_fops_HS:00000000 $d
     /tmp/cc7bDyet.s:255    .bss.UserTxBufferHS:00000000 $d
     /tmp/cc7bDyet.s:262    .bss.UserRxBufferHS:00000000 $d

UNDEFINED SYMBOLS
USBD_CDC_SetRxBuffer
USBD_CDC_ReceivePacket
hUsbDeviceHS
USBD_CDC_SetTxBuffer
USBD_CDC_TransmitPacket
